2024-12-01 22:59:27,082 - f2 - INFO - 应用：douyin
2024-12-01 22:59:27,091 - f2 - INFO - 模式：post
2024-12-01 22:59:27,091 - f2 - INFO - 主配置路径：D:\code\py-project\f2\f2\conf\app.yaml
2024-12-01 22:59:27,092 - f2 - INFO - 自定义配置路径：D:\code\py-project\f2\f2\conf\app.yaml
2024-12-01 22:59:28,211 - f2 - INFO - 开始爬取用户：MS4wLjABAAAA0-aPb4VV1oxwrBGSf5pNgevVkTOv_B3aAbNNucQkPqA 发布的作品
2024-12-01 22:59:28,212 - f2 - INFO - 开始爬取第 0 页
2024-12-01 22:59:31,708 - f2 - INFO - 等待 10 秒后继续
2024-12-01 22:59:41,722 - f2 - INFO - 开始爬取第 1709045647000 页
2024-12-01 22:59:44,567 - f2 - INFO - 等待 10 秒后继续
2024-12-01 22:59:54,578 - f2 - INFO - 开始爬取第 1697798911000 页
2024-12-01 22:59:57,677 - f2 - INFO - 等待 10 秒后继续
2024-12-01 23:00:07,684 - f2 - INFO - 开始爬取第 1695514214000 页
2024-12-01 23:00:08,886 - f2 - INFO - 等待 10 秒后继续
2024-12-01 23:00:18,901 - f2 - INFO - 开始爬取第 1686654742000 页
2024-12-01 23:00:19,382 - f2 - INFO - 第 1686654742000 页没有找到作品
2024-12-01 23:00:19,391 - f2 - INFO - 开始爬取第 1674206225000 页
2024-12-01 23:00:19,906 - f2 - INFO - 第 1674206225000 页没有找到作品
2024-12-01 23:00:19,914 - f2 - INFO - 开始爬取第 1668598630000 页
2024-12-01 23:00:20,306 - f2 - INFO - 第 1668598630000 页没有找到作品
2024-12-01 23:00:20,310 - f2 - INFO - 用户: MS4wLjABAAAA0-aPb4VV1oxwrBGSf5pNgevVkTOv_B3aAbNNucQkPqA 所有作品采集完毕
2024-12-01 23:00:20,311 - f2 - INFO - 爬取结束，共爬取 64 个作品
