2024-11-18 20:37:01,177 - f2 - INFO - 应用：douyin
2024-11-18 20:37:01,189 - f2 - INFO - 模式：post
2024-11-18 20:37:01,190 - f2 - INFO - 主配置路径：D:\code\py-project\f2\f2\conf\app.yaml
2024-11-18 20:37:01,191 - f2 - INFO - 自定义配置路径：D:\code\py-project\f2\f2\conf\app.yaml
2024-11-18 20:37:02,353 - f2 - INFO - 开始爬取用户：MS4wLjABAAAA8jyvEPbbmpxG1S3e_AQjCpibxpuk5WKOpm1-9I9WT1Y 发布的作品
2024-11-18 20:37:02,354 - f2 - INFO - 开始爬取第 0 页
2024-11-18 20:37:15,656 - f2 - INFO - 等待 10 秒后继续
2024-11-18 20:37:25,659 - f2 - INFO - 开始爬取第 1731319888000 页
2024-11-18 20:37:28,093 - f2 - INFO - 等待 10 秒后继续
2024-11-18 20:37:38,101 - f2 - INFO - 开始爬取第 1730788507000 页
2024-11-18 20:37:41,401 - f2 - INFO - 等待 10 秒后继续
2024-11-18 20:37:51,408 - f2 - INFO - 开始爬取第 1730372119000 页
2024-11-18 20:37:54,985 - f2 - INFO - 等待 10 秒后继续
2024-11-18 20:38:04,989 - f2 - INFO - 开始爬取第 1729777249000 页
2024-11-18 20:38:09,208 - f2 - INFO - 等待 10 秒后继续
2024-11-18 20:38:19,219 - f2 - INFO - 开始爬取第 1729251081000 页
2024-11-18 20:38:23,684 - f2 - INFO - 等待 10 秒后继续
2024-11-18 20:38:33,691 - f2 - INFO - 开始爬取第 1728516420000 页
2024-11-18 20:38:38,608 - f2 - INFO - 等待 10 秒后继续
2024-11-18 20:38:48,618 - f2 - INFO - 开始爬取第 1727865009000 页
2024-11-18 20:38:52,389 - f2 - INFO - 等待 10 秒后继续
2024-11-18 20:39:02,404 - f2 - INFO - 开始爬取第 1727076155000 页
2024-11-18 20:39:06,268 - f2 - INFO - 等待 10 秒后继续
2024-11-18 20:39:16,272 - f2 - INFO - 开始爬取第 1726362833000 页
2024-11-18 20:39:20,061 - f2 - INFO - 等待 10 秒后继续
2024-11-18 20:39:30,070 - f2 - INFO - 开始爬取第 1725432640000 页
2024-11-18 20:39:33,142 - f2 - INFO - 等待 10 秒后继续
2024-11-18 20:39:43,157 - f2 - INFO - 开始爬取第 1724601696000 页
2024-11-18 20:39:46,264 - f2 - INFO - 等待 10 秒后继续
2024-11-18 20:39:56,271 - f2 - INFO - 开始爬取第 1723535878000 页
2024-11-18 20:39:59,050 - f2 - INFO - 等待 10 秒后继续
2024-11-18 20:40:09,064 - f2 - INFO - 开始爬取第 1722022558000 页
2024-11-18 20:40:09,854 - f2 - INFO - 等待 10 秒后继续
2024-11-18 20:40:19,855 - f2 - INFO - 开始爬取第 1560010674000 页
2024-11-18 20:40:20,058 - f2 - INFO - 第 1560010674000 页没有找到作品
2024-11-18 20:40:20,063 - f2 - INFO - 用户: MS4wLjABAAAA8jyvEPbbmpxG1S3e_AQjCpibxpuk5WKOpm1-9I9WT1Y 所有作品采集完毕
2024-11-18 20:40:20,064 - f2 - INFO - 爬取结束，共爬取 224 个作品
