2024-11-18 20:31:28,100 - f2 - INFO - 应用：douyin
2024-11-18 20:31:28,109 - f2 - INFO - 模式：post
2024-11-18 20:31:28,110 - f2 - INFO - 主配置路径：D:\code\py-project\f2\f2\conf\app.yaml
2024-11-18 20:31:28,111 - f2 - INFO - 自定义配置路径：D:\code\py-project\f2\f2\conf\app.yaml
2024-11-18 20:31:29,235 - f2 - INFO - 开始爬取用户：MS4wLjABAAAAunpkE2IXyHAxm4A24G5d1Cf5141pnZy8HwNR5f2-6pI_GYBVR-Pv23uFyfMPB_9I 发布的作品
2024-11-18 20:31:29,236 - f2 - INFO - 开始爬取第 0 页
2024-11-18 20:31:32,973 - f2 - INFO - 等待 10 秒后继续
2024-11-18 20:31:42,977 - f2 - INFO - 开始爬取第 1729503300000 页
2024-11-18 20:31:46,035 - f2 - INFO - 等待 10 秒后继续
2024-11-18 20:31:56,039 - f2 - INFO - 开始爬取第 1726835904000 页
2024-11-18 20:31:59,572 - f2 - INFO - 等待 10 秒后继续
2024-11-18 20:32:09,578 - f2 - INFO - 开始爬取第 1723802231000 页
2024-11-18 20:32:13,758 - f2 - INFO - 等待 10 秒后继续
2024-11-18 20:32:23,765 - f2 - INFO - 开始爬取第 1720863000000 页
2024-11-18 20:32:27,304 - f2 - INFO - 等待 10 秒后继续
2024-11-18 20:32:37,307 - f2 - INFO - 开始爬取第 1718616600000 页
2024-11-18 20:32:41,083 - f2 - INFO - 等待 10 秒后继续
2024-11-18 20:32:51,096 - f2 - INFO - 开始爬取第 1714987800000 页
2024-11-18 20:32:54,758 - f2 - INFO - 等待 10 秒后继续
2024-11-18 20:33:04,787 - f2 - INFO - 开始爬取第 1709960684000 页
2024-11-18 20:33:09,068 - f2 - INFO - 等待 10 秒后继续
2024-11-18 20:33:19,078 - f2 - INFO - 开始爬取第 1704449078000 页
2024-11-18 20:33:23,614 - f2 - INFO - 等待 10 秒后继续
2024-11-18 20:33:33,614 - f2 - INFO - 开始爬取第 1699527530000 页
2024-11-18 20:33:37,641 - f2 - INFO - 等待 10 秒后继续
2024-11-18 20:33:47,652 - f2 - INFO - 开始爬取第 1695819843000 页
2024-11-18 20:33:51,795 - f2 - INFO - 等待 10 秒后继续
2024-11-18 20:34:01,807 - f2 - INFO - 开始爬取第 1690629600000 页
2024-11-18 20:34:06,095 - f2 - INFO - 等待 10 秒后继续
2024-11-18 20:34:16,102 - f2 - INFO - 开始爬取第 1686129930000 页
2024-11-18 20:34:20,032 - f2 - INFO - 等待 10 秒后继续
2024-11-18 20:34:30,047 - f2 - INFO - 开始爬取第 1681036294000 页
2024-11-18 20:34:33,736 - f2 - INFO - 等待 10 秒后继续
2024-11-18 20:34:43,741 - f2 - INFO - 开始爬取第 1673258463000 页
2024-11-18 20:34:44,426 - f2 - INFO - 等待 10 秒后继续
2024-11-18 20:34:54,438 - f2 - INFO - 开始爬取第 1670577601000 页
2024-11-18 20:34:55,426 - f2 - INFO - 等待 10 秒后继续
2024-11-18 20:35:05,436 - f2 - INFO - 开始爬取第 1665138724000 页
2024-11-18 20:35:06,094 - f2 - INFO - 第 1665138724000 页没有找到作品
2024-11-18 20:35:06,103 - f2 - INFO - 开始爬取第 1661767225000 页
2024-11-18 20:35:07,883 - f2 - INFO - 等待 10 秒后继续
2024-11-18 20:35:17,900 - f2 - INFO - 开始爬取第 1658572261000 页
2024-11-18 20:35:19,893 - f2 - INFO - 等待 10 秒后继续
2024-11-18 20:35:29,915 - f2 - INFO - 开始爬取第 1656588662000 页
2024-11-18 20:35:33,502 - f2 - INFO - 等待 10 秒后继续
2024-11-18 20:35:43,508 - f2 - INFO - 开始爬取第 1654003983000 页
2024-11-18 20:35:45,526 - f2 - INFO - 等待 10 秒后继续
2024-11-18 20:35:55,541 - f2 - INFO - 开始爬取第 1651289401000 页
2024-11-18 20:35:59,753 - f2 - INFO - 等待 10 秒后继续
2024-11-18 20:36:09,762 - f2 - INFO - 开始爬取第 1650089902000 页
2024-11-18 20:36:13,412 - f2 - INFO - 等待 10 秒后继续
2024-11-18 20:36:23,420 - f2 - INFO - 开始爬取第 1646398075000 页
2024-11-18 20:36:24,409 - f2 - INFO - 等待 10 秒后继续
2024-11-18 20:36:34,415 - f2 - INFO - 开始爬取第 1642172029000 页
2024-11-18 20:36:37,319 - f2 - INFO - 等待 10 秒后继续
2024-11-18 20:36:47,323 - f2 - INFO - 开始爬取第 1639042094000 页
2024-11-18 20:36:47,986 - f2 - INFO - 第 1639042094000 页没有找到作品
2024-11-18 20:36:47,995 - f2 - INFO - 开始爬取第 1633509859000 页
2024-11-18 20:36:48,821 - f2 - INFO - 第 1633509859000 页没有找到作品
2024-11-18 20:36:48,830 - f2 - INFO - 开始爬取第 1624162012000 页
2024-11-18 20:36:50,044 - f2 - INFO - 等待 10 秒后继续
2024-11-18 20:37:00,053 - f2 - INFO - 开始爬取第 1619408675000 页
2024-11-18 20:37:00,286 - f2 - INFO - 第 1619408675000 页没有找到作品
2024-11-18 20:37:00,292 - f2 - INFO - 用户: MS4wLjABAAAAunpkE2IXyHAxm4A24G5d1Cf5141pnZy8HwNR5f2-6pI_GYBVR-Pv23uFyfMPB_9I 所有作品采集完毕
2024-11-18 20:37:00,293 - f2 - INFO - 爬取结束，共爬取 353 个作品
