2024-12-12 13:39:26,237 - f2 - INFO - 应用：douyin
2024-12-12 13:39:26,248 - f2 - INFO - 模式：post
2024-12-12 13:39:26,249 - f2 - INFO - 主配置路径：D:\code\py-project\f2\f2\conf\app.yaml
2024-12-12 13:39:26,250 - f2 - INFO - 自定义配置路径：D:\code\py-project\f2\f2\conf\app.yaml
2024-12-12 13:39:27,182 - f2 - INFO - 开始爬取用户：MS4wLjABAAAAQRNQx7KfzmjfhOFn8HO5Pgnvj2Ww6DbFDM6CwGtboMPkLVtScEU2RLVW-OQYdiHp 发布的作品
2024-12-12 13:39:27,183 - f2 - INFO - 开始爬取第 0 页
2024-12-12 13:39:54,648 - f2 - INFO - 等待 10 秒后继续
2024-12-12 13:40:04,662 - f2 - INFO - 开始爬取第 1732244400000 页
2024-12-12 13:40:08,018 - f2 - INFO - 等待 10 秒后继续
2024-12-12 13:40:18,030 - f2 - INFO - 开始爬取第 1730173386000 页
2024-12-12 13:40:21,267 - f2 - INFO - 等待 10 秒后继续
2024-12-12 13:40:31,274 - f2 - INFO - 开始爬取第 1727751600000 页
2024-12-12 13:40:34,570 - f2 - INFO - 等待 10 秒后继续
2024-12-12 13:40:44,580 - f2 - INFO - 开始爬取第 1725508800000 页
2024-12-12 13:40:47,859 - f2 - INFO - 等待 10 秒后继续
2024-12-12 13:40:57,861 - f2 - INFO - 开始爬取第 1722999600000 页
2024-12-12 13:41:01,146 - f2 - INFO - 等待 10 秒后继续
2024-12-12 13:41:11,149 - f2 - INFO - 开始爬取第 1720666800000 页
2024-12-12 13:41:14,308 - f2 - INFO - 等待 10 秒后继续
2024-12-12 13:41:24,310 - f2 - INFO - 开始爬取第 1718161200000 页
2024-12-12 13:41:27,239 - f2 - INFO - 等待 10 秒后继续
2024-12-12 13:41:37,244 - f2 - INFO - 开始爬取第 1716260400000 页
2024-12-12 13:41:40,578 - f2 - INFO - 等待 10 秒后继续
2024-12-12 13:41:50,597 - f2 - INFO - 开始爬取第 1714446000000 页
2024-12-12 13:41:53,923 - f2 - INFO - 等待 10 秒后继续
2024-12-12 13:42:03,953 - f2 - INFO - 开始爬取第 1712286000000 页
2024-12-12 13:42:07,504 - f2 - INFO - 等待 10 秒后继续
2024-12-12 13:42:17,520 - f2 - INFO - 开始爬取第 1710385200000 页
2024-12-12 13:42:21,278 - f2 - INFO - 等待 10 秒后继续
2024-12-12 13:42:31,279 - f2 - INFO - 开始爬取第 1708657200000 页
2024-12-12 13:42:34,809 - f2 - INFO - 等待 10 秒后继续
2024-12-12 13:42:44,821 - f2 - INFO - 开始爬取第 1706918400000 页
2024-12-12 13:42:48,638 - f2 - INFO - 等待 10 秒后继续
2024-12-12 13:42:58,654 - f2 - INFO - 开始爬取第 1705896000000 页
2024-12-12 13:43:02,477 - f2 - INFO - 等待 10 秒后继续
2024-12-12 13:43:12,487 - f2 - INFO - 开始爬取第 1704931200000 页
2024-12-12 13:43:16,505 - f2 - INFO - 等待 10 秒后继续
2024-12-12 13:43:26,517 - f2 - INFO - 开始爬取第 1703736000000 页
2024-12-12 13:43:29,976 - f2 - INFO - 等待 10 秒后继续
2024-12-12 13:43:39,994 - f2 - INFO - 开始爬取第 1702598400000 页
2024-12-12 13:43:44,043 - f2 - INFO - 等待 10 秒后继续
2024-12-12 13:43:54,047 - f2 - INFO - 开始爬取第 1701864000000 页
2024-12-12 13:43:58,312 - f2 - INFO - 等待 10 秒后继续
2024-12-12 13:44:08,321 - f2 - INFO - 开始爬取第 1700366400000 页
2024-12-12 13:44:12,538 - f2 - INFO - 等待 10 秒后继续
2024-12-12 13:44:22,547 - f2 - INFO - 开始爬取第 1698638400000 页
2024-12-12 13:44:26,875 - f2 - INFO - 等待 10 秒后继续
2024-12-12 13:44:36,880 - f2 - INFO - 开始爬取第 1696305600000 页
2024-12-12 13:44:41,331 - f2 - INFO - 等待 10 秒后继续
2024-12-12 13:44:51,344 - f2 - INFO - 开始爬取第 1694145600000 页
2024-12-12 13:44:55,956 - f2 - INFO - 等待 10 秒后继续
2024-12-12 13:45:05,966 - f2 - INFO - 开始爬取第 1692337986000 页
2024-12-12 13:45:10,709 - f2 - INFO - 等待 10 秒后继续
2024-12-12 13:45:20,722 - f2 - INFO - 开始爬取第 1691366400000 页
2024-12-12 13:45:24,877 - f2 - INFO - 等待 10 秒后继续
2024-12-12 13:45:34,894 - f2 - INFO - 开始爬取第 1688947200000 页
2024-12-12 13:45:39,555 - f2 - INFO - 等待 10 秒后继续
2024-12-12 13:45:49,558 - f2 - INFO - 开始爬取第 1687320000000 页
2024-12-12 13:45:53,782 - f2 - INFO - 等待 10 秒后继续
2024-12-12 13:46:03,784 - f2 - INFO - 开始爬取第 1685505600000 页
2024-12-12 13:46:08,269 - f2 - INFO - 等待 10 秒后继续
2024-12-12 13:46:18,317 - f2 - INFO - 开始爬取第 1683691200000 页
2024-12-12 13:46:23,082 - f2 - INFO - 等待 10 秒后继续
2024-12-12 13:46:33,099 - f2 - INFO - 开始爬取第 1681963200000 页
2024-12-12 13:46:38,041 - f2 - INFO - 等待 10 秒后继续
2024-12-12 13:46:48,051 - f2 - INFO - 开始爬取第 1680912000000 页
2024-12-12 13:46:53,181 - f2 - INFO - 等待 10 秒后继续
2024-12-12 13:47:03,194 - f2 - INFO - 开始爬取第 1679976000000 页
2024-12-12 13:47:08,364 - f2 - INFO - 等待 10 秒后继续
2024-12-12 13:47:18,387 - f2 - INFO - 开始爬取第 1679223600000 页
2024-12-12 13:47:23,511 - f2 - INFO - 等待 10 秒后继续
2024-12-12 13:47:33,523 - f2 - INFO - 开始爬取第 1678795200000 页
2024-12-12 13:47:38,599 - f2 - INFO - 等待 10 秒后继续
2024-12-12 13:47:48,616 - f2 - INFO - 开始爬取第 1678406400000 页
2024-12-12 13:47:54,035 - f2 - INFO - 等待 10 秒后继续
2024-12-12 13:48:04,038 - f2 - INFO - 开始爬取第 1677931200000 页
2024-12-12 13:48:09,574 - f2 - INFO - 等待 10 秒后继续
2024-12-12 13:48:19,584 - f2 - INFO - 开始爬取第 1677470400000 页
2024-12-12 13:48:25,203 - f2 - INFO - 等待 10 秒后继续
2024-12-12 13:48:35,219 - f2 - INFO - 开始爬取第 1677038400000 页
2024-12-12 13:48:41,495 - f2 - INFO - 等待 10 秒后继续
2024-12-12 13:48:51,517 - f2 - INFO - 开始爬取第 1676678400000 页
2024-12-12 13:48:56,681 - f2 - INFO - 等待 10 秒后继续
2024-12-12 13:49:06,705 - f2 - INFO - 开始爬取第 1675987200000 页
2024-12-12 13:49:12,335 - f2 - INFO - 等待 10 秒后继续
2024-12-12 13:49:22,345 - f2 - INFO - 开始爬取第 1674360000000 页
2024-12-12 13:49:27,815 - f2 - INFO - 等待 10 秒后继续
2024-12-12 13:49:37,847 - f2 - INFO - 开始爬取第 1672459738000 页
2024-12-12 13:49:42,906 - f2 - INFO - 等待 10 秒后继续
2024-12-12 13:49:52,919 - f2 - INFO - 开始爬取第 1671105600000 页
2024-12-12 13:49:57,294 - f2 - INFO - 等待 10 秒后继续
2024-12-12 13:50:07,325 - f2 - INFO - 开始爬取第 1665798856000 页
2024-12-12 13:50:09,501 - f2 - INFO - 等待 10 秒后继续
2024-12-12 13:50:19,513 - f2 - INFO - 开始爬取第 1665474395000 页
2024-12-12 13:50:19,777 - f2 - INFO - 第 1665474395000 页没有找到作品
2024-12-12 13:50:19,781 - f2 - INFO - 用户: MS4wLjABAAAAQRNQx7KfzmjfhOFn8HO5Pgnvj2Ww6DbFDM6CwGtboMPkLVtScEU2RLVW-OQYdiHp 所有作品采集完毕
2024-12-12 13:50:19,782 - f2 - INFO - 爬取结束，共爬取 839 个作品
