2024-11-23 13:42:09,449 - f2 - INFO - 应用：douyin
2024-11-23 13:42:09,459 - f2 - INFO - 模式：post
2024-11-23 13:42:09,459 - f2 - INFO - 主配置路径：D:\code\py-project\f2\f2\conf\app.yaml
2024-11-23 13:42:09,460 - f2 - INFO - 自定义配置路径：D:\code\py-project\f2\f2\conf\app.yaml
2024-11-23 13:42:10,544 - f2 - INFO - 开始爬取用户：MS4wLjABAAAA8jyvEPbbmpxG1S3e_AQjCpibxpuk5WKOpm1-9I9WT1Y 发布的作品
2024-11-23 13:42:10,545 - f2 - INFO - 开始爬取第 0 页
2024-11-23 13:44:36,755 - f2 - INFO - 等待 10 秒后继续
2024-11-23 13:44:46,762 - f2 - INFO - 开始爬取第 1731499792000 页
2024-11-23 13:44:49,723 - f2 - INFO - 等待 10 秒后继续
2024-11-23 13:44:59,729 - f2 - INFO - 开始爬取第 1730946878000 页
2024-11-23 13:45:02,295 - f2 - INFO - 等待 10 秒后继续
2024-11-23 13:45:12,302 - f2 - INFO - 开始爬取第 1730542602000 页
2024-11-23 13:45:15,849 - f2 - INFO - 等待 10 秒后继续
2024-11-23 13:45:25,862 - f2 - INFO - 开始爬取第 1730034005000 页
2024-11-23 13:45:29,480 - f2 - INFO - 等待 10 秒后继续
2024-11-23 13:45:39,485 - f2 - INFO - 开始爬取第 1729425423000 页
2024-11-23 13:45:42,652 - f2 - INFO - 等待 10 秒后继续
2024-11-23 13:45:52,668 - f2 - INFO - 开始爬取第 1728823082000 页
2024-11-23 13:45:56,416 - f2 - INFO - 等待 10 秒后继续
2024-11-23 13:46:06,429 - f2 - INFO - 开始爬取第 1728083591000 页
2024-11-23 13:46:10,356 - f2 - INFO - 等待 10 秒后继续
2024-11-23 13:46:20,357 - f2 - INFO - 开始爬取第 1727340158000 页
2024-11-23 13:46:24,004 - f2 - INFO - 等待 10 秒后继续
2024-11-23 13:46:34,019 - f2 - INFO - 开始爬取第 1726534356000 页
2024-11-23 13:46:37,680 - f2 - INFO - 等待 10 秒后继续
2024-11-23 13:46:47,683 - f2 - INFO - 开始爬取第 1725876207000 页
2024-11-23 13:46:51,366 - f2 - INFO - 等待 10 秒后继续
2024-11-23 13:47:01,369 - f2 - INFO - 开始爬取第 1724744095000 页
2024-11-23 13:47:03,478 - f2 - INFO - 等待 10 秒后继续
2024-11-23 13:47:13,491 - f2 - INFO - 开始爬取第 1723965967000 页
2024-11-23 13:47:16,369 - f2 - INFO - 等待 10 秒后继续
2024-11-23 13:47:26,383 - f2 - INFO - 开始爬取第 1722911698000 页
2024-11-23 13:47:27,861 - f2 - INFO - 等待 10 秒后继续
2024-11-23 13:47:37,865 - f2 - INFO - 开始爬取第 1560010674000 页
2024-11-23 13:47:38,076 - f2 - INFO - 第 1560010674000 页没有找到作品
2024-11-23 13:47:38,080 - f2 - INFO - 用户: MS4wLjABAAAA8jyvEPbbmpxG1S3e_AQjCpibxpuk5WKOpm1-9I9WT1Y 所有作品采集完毕
2024-11-23 13:47:38,081 - f2 - INFO - 爬取结束，共爬取 229 个作品
