2024-11-25 19:26:43,987 - f2 - INFO - 应用：douyin
2024-11-25 19:26:43,996 - f2 - INFO - 模式：post
2024-11-25 19:26:43,997 - f2 - INFO - 主配置路径：D:\code\py-project\f2\f2\conf\app.yaml
2024-11-25 19:26:43,998 - f2 - INFO - 自定义配置路径：D:\code\py-project\f2\f2\conf\app.yaml
2024-11-25 19:26:45,560 - f2 - INFO - 开始爬取用户：MS4wLjABAAAA9KcmGhis4sBwy6Cle-R1N1mcKkmj4Om7n91l8FjEIqU 发布的作品
2024-11-25 19:26:45,561 - f2 - INFO - 开始爬取第 0 页
2024-11-25 19:26:51,210 - f2 - INFO - 等待 10 秒后继续
2024-11-25 19:27:01,218 - f2 - INFO - 开始爬取第 1730877264000 页
2024-11-25 19:27:03,406 - f2 - INFO - 等待 10 秒后继续
2024-11-25 19:27:13,415 - f2 - INFO - 开始爬取第 1729033968000 页
2024-11-25 19:27:15,574 - f2 - INFO - 等待 10 秒后继续
2024-11-25 19:27:25,585 - f2 - INFO - 开始爬取第 1727222077000 页
2024-11-25 19:27:27,262 - f2 - INFO - 等待 10 秒后继续
2024-11-25 19:27:37,263 - f2 - INFO - 开始爬取第 1725494488000 页
2024-11-25 19:27:39,291 - f2 - INFO - 等待 10 秒后继续
2024-11-25 19:27:49,296 - f2 - INFO - 开始爬取第 1723886782000 页
2024-11-25 19:27:51,306 - f2 - INFO - 等待 10 秒后继续
2024-11-25 19:28:01,308 - f2 - INFO - 开始爬取第 1722139213000 页
2024-11-25 19:28:03,741 - f2 - INFO - 等待 10 秒后继续
2024-11-25 19:28:13,749 - f2 - INFO - 开始爬取第 1720409400000 页
2024-11-25 19:28:16,444 - f2 - INFO - 等待 10 秒后继续
2024-11-25 19:28:26,452 - f2 - INFO - 开始爬取第 1718681400000 页
2024-11-25 19:28:28,771 - f2 - INFO - 等待 10 秒后继续
2024-11-25 19:28:38,775 - f2 - INFO - 开始爬取第 1716978296000 页
2024-11-25 19:28:40,969 - f2 - INFO - 等待 10 秒后继续
2024-11-25 19:28:50,978 - f2 - INFO - 开始爬取第 1715040007000 页
2024-11-25 19:28:52,729 - f2 - INFO - 等待 10 秒后继续
2024-11-25 19:29:02,736 - f2 - INFO - 开始爬取第 1713313345000 页
2024-11-25 19:29:04,923 - f2 - INFO - 等待 10 秒后继续
2024-11-25 19:29:14,925 - f2 - INFO - 开始爬取第 1711497957000 页
2024-11-25 19:29:17,018 - f2 - INFO - 等待 10 秒后继续
2024-11-25 19:29:27,033 - f2 - INFO - 开始爬取第 1709942508000 页
2024-11-25 19:29:29,860 - f2 - INFO - 等待 10 秒后继续
2024-11-25 19:29:39,865 - f2 - INFO - 开始爬取第 1708300466000 页
2024-11-25 19:29:42,182 - f2 - INFO - 等待 10 秒后继续
2024-11-25 19:29:52,188 - f2 - INFO - 开始爬取第 1706571824000 页
2024-11-25 19:29:54,548 - f2 - INFO - 等待 10 秒后继续
2024-11-25 19:30:04,560 - f2 - INFO - 开始爬取第 1704758399000 页
2024-11-25 19:30:07,288 - f2 - INFO - 等待 10 秒后继续
2024-11-25 19:30:17,290 - f2 - INFO - 开始爬取第 1703030784000 页
2024-11-25 19:30:18,439 - f2 - INFO - 等待 10 秒后继续
2024-11-25 19:30:28,441 - f2 - INFO - 开始爬取第 1701475120000 页
2024-11-25 19:30:30,120 - f2 - INFO - 等待 10 秒后继续
2024-11-25 19:30:40,135 - f2 - INFO - 开始爬取第 1699833987000 页
2024-11-25 19:30:41,405 - f2 - INFO - 等待 10 秒后继续
2024-11-25 19:30:51,413 - f2 - INFO - 开始爬取第 1698364835000 页
2024-11-25 19:30:53,477 - f2 - INFO - 等待 10 秒后继续
2024-11-25 19:31:03,488 - f2 - INFO - 开始爬取第 1696810362000 页
2024-11-25 19:31:05,111 - f2 - INFO - 等待 10 秒后继续
2024-11-25 19:31:15,118 - f2 - INFO - 开始爬取第 1694909080000 页
2024-11-25 19:31:16,385 - f2 - INFO - 等待 10 秒后继续
2024-11-25 19:31:26,399 - f2 - INFO - 开始爬取第 1693455730000 页
2024-11-25 19:31:28,079 - f2 - INFO - 等待 10 秒后继续
2024-11-25 19:31:38,095 - f2 - INFO - 开始爬取第 1691798443000 页
2024-11-25 19:31:40,502 - f2 - INFO - 等待 10 秒后继续
2024-11-25 19:31:50,503 - f2 - INFO - 开始爬取第 1690157641000 页
2024-11-25 19:31:52,509 - f2 - INFO - 等待 10 秒后继续
2024-11-25 19:32:02,524 - f2 - INFO - 开始爬取第 1688515604000 页
2024-11-25 19:32:04,101 - f2 - INFO - 等待 10 秒后继续
2024-11-25 19:32:14,110 - f2 - INFO - 开始爬取第 1686801682000 页
2024-11-25 19:32:16,170 - f2 - INFO - 等待 10 秒后继续
2024-11-25 19:32:26,177 - f2 - INFO - 开始爬取第 1685403526000 页
2024-11-25 19:32:27,519 - f2 - INFO - 等待 10 秒后继续
2024-11-25 19:32:37,521 - f2 - INFO - 开始爬取第 1683936456000 页
2024-11-25 19:32:39,647 - f2 - INFO - 等待 10 秒后继续
2024-11-25 19:32:49,651 - f2 - INFO - 开始爬取第 1682121949000 页
2024-11-25 19:32:52,175 - f2 - INFO - 等待 10 秒后继续
2024-11-25 19:33:02,182 - f2 - INFO - 开始爬取第 1680395330000 页
2024-11-25 19:33:04,387 - f2 - INFO - 等待 10 秒后继续
2024-11-25 19:33:14,392 - f2 - INFO - 开始爬取第 1678665966000 页
2024-11-25 19:33:16,108 - f2 - INFO - 等待 10 秒后继续
2024-11-25 19:33:26,135 - f2 - INFO - 开始爬取第 1676851557000 页
2024-11-25 19:33:27,981 - f2 - INFO - 等待 10 秒后继续
2024-11-25 19:33:37,983 - f2 - INFO - 开始爬取第 1675123602000 页
2024-11-25 19:33:38,841 - f2 - INFO - 等待 10 秒后继续
2024-11-25 19:33:48,844 - f2 - INFO - 开始爬取第 1672790438000 页
2024-11-25 19:33:49,805 - f2 - INFO - 等待 10 秒后继续
2024-11-25 19:33:59,808 - f2 - INFO - 开始爬取第 1670717687000 页
2024-11-25 19:34:00,667 - f2 - INFO - 等待 10 秒后继续
2024-11-25 19:34:10,673 - f2 - INFO - 开始爬取第 1668211592000 页
2024-11-25 19:34:11,690 - f2 - INFO - 等待 10 秒后继续
2024-11-25 19:34:21,700 - f2 - INFO - 开始爬取第 1666487250000 页
2024-11-25 19:34:22,439 - f2 - INFO - 等待 10 秒后继续
2024-11-25 19:34:32,463 - f2 - INFO - 开始爬取第 1664667642000 页
2024-11-25 19:34:33,377 - f2 - INFO - 等待 10 秒后继续
2024-11-25 19:34:43,388 - f2 - INFO - 开始爬取第 1662768413000 页
2024-11-25 19:34:44,950 - f2 - INFO - 等待 10 秒后继续
2024-11-25 19:34:54,956 - f2 - INFO - 开始爬取第 1661038015000 页
2024-11-25 19:34:56,213 - f2 - INFO - 等待 10 秒后继续
2024-11-25 19:35:06,221 - f2 - INFO - 开始爬取第 1659143275000 页
2024-11-25 19:35:07,276 - f2 - INFO - 等待 10 秒后继续
2024-11-25 19:35:17,286 - f2 - INFO - 开始爬取第 1657498334000 页
2024-11-25 19:35:19,868 - f2 - INFO - 等待 10 秒后继续
2024-11-25 19:35:29,890 - f2 - INFO - 开始爬取第 1655683859000 页
2024-11-25 19:35:30,999 - f2 - INFO - 等待 10 秒后继续
2024-11-25 19:35:41,001 - f2 - INFO - 开始爬取第 1653955963000 页
2024-11-25 19:35:42,283 - f2 - INFO - 等待 10 秒后继续
2024-11-25 19:35:52,288 - f2 - INFO - 开始爬取第 1652227236000 页
2024-11-25 19:35:53,789 - f2 - INFO - 等待 10 秒后继续
2024-11-25 19:36:03,798 - f2 - INFO - 开始爬取第 1650499901000 页
2024-11-25 19:36:05,042 - f2 - INFO - 等待 10 秒后继续
2024-11-25 19:36:15,069 - f2 - INFO - 开始爬取第 1648609580000 页
2024-11-25 19:36:16,260 - f2 - INFO - 等待 10 秒后继续
2024-11-25 19:36:26,267 - f2 - INFO - 开始爬取第 1646698248000 页
2024-11-25 19:36:28,291 - f2 - INFO - 等待 10 秒后继续
2024-11-25 19:36:38,292 - f2 - INFO - 开始爬取第 1644982691000 页
2024-11-25 19:36:39,966 - f2 - INFO - 等待 10 秒后继续
2024-11-25 19:36:49,976 - f2 - INFO - 开始爬取第 1643155258000 页
2024-11-25 19:36:51,977 - f2 - INFO - 等待 10 秒后继续
2024-11-25 19:37:01,978 - f2 - INFO - 开始爬取第 1641341938000 页
2024-11-25 19:37:03,037 - f2 - INFO - 等待 10 秒后继续
2024-11-25 19:37:13,049 - f2 - INFO - 开始爬取第 1639527465000 页
2024-11-25 19:37:13,684 - f2 - INFO - 等待 10 秒后继续
2024-11-25 19:37:23,697 - f2 - INFO - 开始爬取第 1637798002000 页
2024-11-25 19:37:24,417 - f2 - INFO - 等待 10 秒后继续
2024-11-25 19:37:34,422 - f2 - INFO - 开始爬取第 1636071366000 页
2024-11-25 19:37:36,113 - f2 - INFO - 等待 10 秒后继续
2024-11-25 19:37:46,128 - f2 - INFO - 开始爬取第 1634343389000 页
2024-11-25 19:37:48,088 - f2 - INFO - 等待 10 秒后继续
2024-11-25 19:37:58,093 - f2 - INFO - 开始爬取第 1632442568000 页
2024-11-25 19:38:00,022 - f2 - INFO - 等待 10 秒后继续
2024-11-25 19:38:10,035 - f2 - INFO - 开始爬取第 1630628202000 页
2024-11-25 19:38:12,332 - f2 - INFO - 等待 10 秒后继续
2024-11-25 19:38:22,350 - f2 - INFO - 开始爬取第 1629077906000 页
2024-11-25 19:38:25,794 - f2 - INFO - 等待 10 秒后继续
2024-11-25 19:38:35,805 - f2 - INFO - 开始爬取第 1626913068000 页
2024-11-25 19:38:37,925 - f2 - INFO - 等待 10 秒后继续
2024-11-25 19:38:47,933 - f2 - INFO - 开始爬取第 1624925739000 页
2024-11-25 19:38:51,329 - f2 - INFO - 等待 10 秒后继续
2024-11-25 19:39:01,345 - f2 - INFO - 开始爬取第 1623197765000 页
2024-11-25 19:39:04,909 - f2 - INFO - 等待 10 秒后继续
2024-11-25 19:39:14,937 - f2 - INFO - 开始爬取第 1621469763000 页
2024-11-25 19:39:17,647 - f2 - INFO - 等待 10 秒后继续
2024-11-25 19:39:27,656 - f2 - INFO - 开始爬取第 1619860239000 页
2024-11-25 19:39:28,977 - f2 - INFO - 等待 10 秒后继续
2024-11-25 19:39:38,993 - f2 - INFO - 开始爬取第 1618199988000 页
2024-11-25 19:39:39,510 - f2 - INFO - 第 1618199988000 页没有找到作品
2024-11-25 19:39:39,519 - f2 - INFO - 开始爬取第 1616472234000 页
2024-11-25 19:39:39,930 - f2 - INFO - 第 1616472234000 页没有找到作品
2024-11-25 19:39:39,940 - f2 - INFO - 开始爬取第 1614830668000 页
2024-11-25 19:39:40,633 - f2 - INFO - 等待 10 秒后继续
2024-11-25 19:39:50,642 - f2 - INFO - 开始爬取第 1613209976000 页
2024-11-25 19:39:51,160 - f2 - INFO - 第 1613209976000 页没有找到作品
2024-11-25 19:39:51,169 - f2 - INFO - 开始爬取第 1611806674000 页
2024-11-25 19:39:51,575 - f2 - INFO - 第 1611806674000 页没有找到作品
2024-11-25 19:39:51,583 - f2 - INFO - 开始爬取第 1610635512000 页
2024-11-25 19:39:52,421 - f2 - INFO - 等待 10 秒后继续
2024-11-25 19:40:02,442 - f2 - INFO - 开始爬取第 1609327302000 页
2024-11-25 19:40:03,531 - f2 - INFO - 第 1609327302000 页没有找到作品
2024-11-25 19:40:03,541 - f2 - INFO - 开始爬取第 1608002112000 页
2024-11-25 19:40:04,004 - f2 - INFO - 第 1608002112000 页没有找到作品
2024-11-25 19:40:04,012 - f2 - INFO - 开始爬取第 1606792254000 页
2024-11-25 19:40:04,425 - f2 - INFO - 第 1606792254000 页没有找到作品
2024-11-25 19:40:04,434 - f2 - INFO - 开始爬取第 1605495825000 页
2024-11-25 19:40:05,083 - f2 - INFO - 等待 10 秒后继续
2024-11-25 19:40:15,088 - f2 - INFO - 开始爬取第 1603940400000 页
2024-11-25 19:40:15,786 - f2 - INFO - 等待 10 秒后继续
2024-11-25 19:40:25,817 - f2 - INFO - 开始爬取第 1602471529000 页
2024-11-25 19:40:26,156 - f2 - INFO - 第 1602471529000 页没有找到作品
2024-11-25 19:40:26,165 - f2 - INFO - 开始爬取第 1600830000000 页
2024-11-25 19:40:26,684 - f2 - INFO - 第 1600830000000 页没有找到作品
2024-11-25 19:40:26,693 - f2 - INFO - 开始爬取第 1599361269000 页
2024-11-25 19:40:27,103 - f2 - INFO - 第 1599361269000 页没有找到作品
2024-11-25 19:40:27,111 - f2 - INFO - 开始爬取第 1597915755000 页
2024-11-25 19:40:27,466 - f2 - INFO - 第 1597915755000 页没有找到作品
2024-11-25 19:40:27,475 - f2 - INFO - 开始爬取第 1596596902000 页
2024-11-25 19:40:28,377 - f2 - INFO - 等待 10 秒后继续
2024-11-25 19:40:38,378 - f2 - INFO - 开始爬取第 1595245887000 页
2024-11-25 19:40:39,069 - f2 - INFO - 等待 10 秒后继续
2024-11-25 19:40:49,074 - f2 - INFO - 开始爬取第 1593909752000 页
2024-11-25 19:40:49,804 - f2 - ERROR - HTTP状态错误: https://v3-web.douyinvod.com/bc84467ce35f2db4d83ce771ad052b7b/67448c89/video/tos/cn/tos-cn-ve-15/111d00cb12e34b6988c4bb7f8f5fbb28/?a=6383&ch=10010&cr=3&dr=0&lr=all&cd=0%7C0%7C0%7C3&cv=1&br=2143&bt=2143&cs=0&ds=6&ft=AJkeU_TERR0sTlC42NW2Nc0iPMgzbL4hnt1U_4h~Of_2Nv7TGW&mime_type=video_mp4&qs=0&rc=aDc3aDw6O2lpMzo5OmczOEBpamlsamd1PDtkdTMzNGkzM0A1LWJgLTQxNi0xLi4uYDI0YSNqNG9jNGktNXNfLS0vLS9zcw%3D%3D&btag=c0000e00010000&cquery=100x_102u_100o_101r_100B&dy_q=1732534848&l=2024112519404898115A2993A2CA16FD81, 状态码: 404
2024-11-25 19:40:49,808 - f2 - WARNING - 链接 https://v3-web.douyinvod.com/bc84467ce35f2db4d83ce771ad052b7b/67448c89/video/tos/cn/tos-cn-ve-15/111d00cb12e34b6988c4bb7f8f5fbb28/?a=6383&ch=10010&cr=3&dr=0&lr=all&cd=0%7C0%7C0%7C3&cv=1&br=2143&bt=2143&cs=0&ds=6&ft=AJkeU_TERR0sTlC42NW2Nc0iPMgzbL4hnt1U_4h~Of_2Nv7TGW&mime_type=video_mp4&qs=0&rc=aDc3aDw6O2lpMzo5OmczOEBpamlsamd1PDtkdTMzNGkzM0A1LWJgLTQxNi0xLi4uYDI0YSNqNG9jNGktNXNfLS0vLS9zcw%3D%3D&btag=c0000e00010000&cquery=100x_102u_100o_101r_100B&dy_q=1732534848&l=2024112519404898115A2993A2CA16FD81 内容长度为0，尝试下一个链接是否可用
2024-11-25 19:40:49,810 - f2 - WARNING - 所有链接都无法下载
2024-11-25 19:40:49,837 - f2 - INFO - 等待 10 秒后继续
2024-11-25 19:40:59,844 - f2 - INFO - 开始爬取第 1592389096000 页
2024-11-25 19:41:00,227 - f2 - INFO - 第 1592389096000 页没有找到作品
2024-11-25 19:41:00,236 - f2 - INFO - 开始爬取第 1590378769000 页
2024-11-25 19:41:00,665 - f2 - INFO - 第 1590378769000 页没有找到作品
2024-11-25 19:41:00,675 - f2 - INFO - 开始爬取第 1588411265000 页
2024-11-25 19:41:00,958 - f2 - INFO - 第 1588411265000 页没有找到作品
2024-11-25 19:41:00,962 - f2 - INFO - 用户: MS4wLjABAAAA9KcmGhis4sBwy6Cle-R1N1mcKkmj4Om7n91l8FjEIqU 所有作品采集完毕
2024-11-25 19:41:00,963 - f2 - INFO - 爬取结束，共爬取 492 个作品
