2024-11-30 12:18:19,564 - f2 - INFO - 应用：douyin
2024-11-30 12:18:19,575 - f2 - INFO - 模式：post
2024-11-30 12:18:19,576 - f2 - INFO - 主配置路径：D:\code\py-project\f2\f2\conf\app.yaml
2024-11-30 12:18:19,576 - f2 - INFO - 自定义配置路径：D:\code\py-project\f2\f2\conf\app.yaml
2024-11-30 12:18:20,608 - f2 - INFO - 开始爬取用户：MS4wLjABAAAAunpkE2IXyHAxm4A24G5d1Cf5141pnZy8HwNR5f2-6pI_GYBVR-Pv23uFyfMPB_9I 发布的作品
2024-11-30 12:18:20,610 - f2 - INFO - 开始爬取第 0 页
2024-11-30 12:18:24,089 - f2 - INFO - 等待 10 秒后继续
2024-11-30 12:18:34,093 - f2 - INFO - 开始爬取第 1729762560000 页
2024-11-30 12:18:37,341 - f2 - INFO - 等待 10 秒后继续
2024-11-30 12:18:47,352 - f2 - INFO - 开始爬取第 1727436251000 页
2024-11-30 12:18:50,552 - f2 - INFO - 等待 10 秒后继续
2024-11-30 12:19:00,561 - f2 - INFO - 开始爬取第 1724665335000 页
2024-11-30 12:19:04,033 - f2 - INFO - 等待 10 秒后继续
2024-11-30 12:19:14,043 - f2 - INFO - 开始爬取第 1722257676000 页
2024-11-30 12:19:17,575 - f2 - INFO - 等待 10 秒后继续
2024-11-30 12:19:27,584 - f2 - INFO - 开始爬取第 1718875800000 页
2024-11-30 12:19:31,387 - f2 - INFO - 等待 10 秒后继续
2024-11-30 12:19:41,393 - f2 - INFO - 开始爬取第 1715126448000 页
2024-11-30 12:19:44,946 - f2 - INFO - 等待 10 秒后继续
2024-11-30 12:19:54,954 - f2 - INFO - 开始爬取第 1711703559000 页
2024-11-30 12:19:58,452 - f2 - INFO - 等待 10 秒后继续
2024-11-30 12:20:08,462 - f2 - INFO - 开始爬取第 1705831202000 页
2024-11-30 12:20:12,125 - f2 - INFO - 等待 10 秒后继续
2024-11-30 12:20:22,136 - f2 - INFO - 开始爬取第 1701336655000 页
2024-11-30 12:20:25,685 - f2 - INFO - 等待 10 秒后继续
2024-11-30 12:20:35,711 - f2 - INFO - 开始爬取第 1696930239000 页
2024-11-30 12:20:39,764 - f2 - INFO - 等待 10 秒后继续
2024-11-30 12:20:49,773 - f2 - INFO - 开始爬取第 1691230080000 页
2024-11-30 12:20:53,847 - f2 - INFO - 等待 10 秒后继续
2024-11-30 12:21:03,862 - f2 - INFO - 开始爬取第 1686909603000 页
2024-11-30 12:21:07,588 - f2 - INFO - 等待 10 秒后继续
2024-11-30 12:21:17,602 - f2 - INFO - 开始爬取第 1682224260000 页
2024-11-30 12:21:20,819 - f2 - INFO - 等待 10 秒后继续
2024-11-30 12:21:30,828 - f2 - INFO - 开始爬取第 1674986404000 页
2024-11-30 12:21:32,235 - f2 - INFO - 等待 10 秒后继续
2024-11-30 12:21:42,236 - f2 - INFO - 开始爬取第 1672133400000 页
2024-11-30 12:21:43,323 - f2 - INFO - 等待 10 秒后继续
2024-11-30 12:21:53,326 - f2 - INFO - 开始爬取第 1666949460000 页
2024-11-30 12:21:53,787 - f2 - INFO - 第 1666949460000 页没有找到作品
2024-11-30 12:21:53,799 - f2 - INFO - 开始爬取第 1662717660000 页
2024-11-30 12:21:54,774 - f2 - INFO - 等待 10 秒后继续
2024-11-30 12:22:04,784 - f2 - INFO - 开始爬取第 1659450564000 页
2024-11-30 12:22:06,714 - f2 - INFO - 等待 10 秒后继续
2024-11-30 12:22:16,728 - f2 - INFO - 开始爬取第 1657359003000 页
2024-11-30 12:22:20,240 - f2 - INFO - 等待 10 秒后继续
2024-11-30 12:22:30,257 - f2 - INFO - 开始爬取第 1655117279000 页
2024-11-30 12:22:33,327 - f2 - INFO - 等待 10 秒后继续
2024-11-30 12:22:43,330 - f2 - INFO - 开始爬取第 1652523601000 页
2024-11-30 12:22:46,314 - f2 - INFO - 等待 10 秒后继续
2024-11-30 12:22:56,341 - f2 - INFO - 开始爬取第 1650090585000 页
2024-11-30 12:22:59,474 - f2 - INFO - 等待 10 秒后继续
2024-11-30 12:23:09,494 - f2 - INFO - 开始爬取第 1646909909000 页
2024-11-30 12:23:11,562 - f2 - INFO - 等待 10 秒后继续
2024-11-30 12:23:21,572 - f2 - INFO - 开始爬取第 1643021494000 页
2024-11-30 12:23:23,611 - f2 - INFO - 等待 10 秒后继续
2024-11-30 12:23:33,623 - f2 - INFO - 开始爬取第 1640691037000 页
2024-11-30 12:23:34,348 - f2 - INFO - 等待 10 秒后继续
2024-11-30 12:23:44,370 - f2 - INFO - 开始爬取第 1634557500000 页
2024-11-30 12:23:44,796 - f2 - INFO - 第 1634557500000 页没有找到作品
2024-11-30 12:23:44,806 - f2 - INFO - 开始爬取第 1624798222000 页
2024-11-30 12:23:45,898 - f2 - INFO - 等待 10 秒后继续
2024-11-30 12:23:55,914 - f2 - INFO - 开始爬取第 1620442943000 页
2024-11-30 12:23:56,277 - f2 - INFO - 第 1620442943000 页没有找到作品
2024-11-30 12:23:56,281 - f2 - INFO - 用户: MS4wLjABAAAAunpkE2IXyHAxm4A24G5d1Cf5141pnZy8HwNR5f2-6pI_GYBVR-Pv23uFyfMPB_9I 所有作品采集完毕
2024-11-30 12:23:56,282 - f2 - INFO - 爬取结束，共爬取 357 个作品
