2024-11-23 13:58:28,893 - f2 - INFO - 应用：douyin
2024-11-23 13:58:28,902 - f2 - INFO - 模式：post
2024-11-23 13:58:28,903 - f2 - INFO - 主配置路径：D:\code\py-project\f2\f2\conf\app.yaml
2024-11-23 13:58:28,904 - f2 - INFO - 自定义配置路径：D:\code\py-project\f2\f2\conf\app.yaml
2024-11-23 13:58:30,012 - f2 - INFO - 开始爬取用户：MS4wLjABAAAA0-aPb4VV1oxwrBGSf5pNgevVkTOv_B3aAbNNucQkPqA 发布的作品
2024-11-23 13:58:30,013 - f2 - INFO - 开始爬取第 0 页
2024-11-23 13:58:33,645 - f2 - INFO - 等待 10 秒后继续
2024-11-23 13:58:43,655 - f2 - INFO - 开始爬取第 1709045647000 页
2024-11-23 13:58:46,518 - f2 - INFO - 等待 10 秒后继续
2024-11-23 13:58:56,522 - f2 - INFO - 开始爬取第 1697798911000 页
2024-11-23 13:58:59,911 - f2 - INFO - 等待 10 秒后继续
2024-11-23 13:59:09,920 - f2 - INFO - 开始爬取第 1695514214000 页
2024-11-23 13:59:11,162 - f2 - INFO - 等待 10 秒后继续
2024-11-23 13:59:21,176 - f2 - INFO - 开始爬取第 1686654742000 页
2024-11-23 13:59:21,601 - f2 - INFO - 第 1686654742000 页没有找到作品
2024-11-23 13:59:21,610 - f2 - INFO - 开始爬取第 1674206225000 页
2024-11-23 13:59:22,220 - f2 - INFO - 第 1674206225000 页没有找到作品
2024-11-23 13:59:22,229 - f2 - INFO - 开始爬取第 1668598630000 页
2024-11-23 13:59:22,577 - f2 - INFO - 第 1668598630000 页没有找到作品
2024-11-23 13:59:22,582 - f2 - INFO - 用户: MS4wLjABAAAA0-aPb4VV1oxwrBGSf5pNgevVkTOv_B3aAbNNucQkPqA 所有作品采集完毕
2024-11-23 13:59:22,583 - f2 - INFO - 爬取结束，共爬取 64 个作品
