2024-12-08 23:26:08,372 - f2 - INFO - 应用：douyin
2024-12-08 23:26:08,381 - f2 - INFO - 模式：post
2024-12-08 23:26:08,382 - f2 - INFO - 主配置路径：D:\code\py-project\f2\f2\conf\app.yaml
2024-12-08 23:26:08,383 - f2 - INFO - 自定义配置路径：D:\code\py-project\f2\f2\conf\app.yaml
2024-12-08 23:26:09,422 - f2 - INFO - 开始爬取用户：MS4wLjABAAAAJYD_ePMvob3dkicwzJMj01NF_yFG-QZnQOdSS9Edh3ozS-nbP4XFA1LcdhvhGMt4 发布的作品
2024-12-08 23:26:09,423 - f2 - INFO - 开始爬取第 0 页
2024-12-08 23:27:18,803 - f2 - INFO - 等待 10 秒后继续
2024-12-08 23:27:28,807 - f2 - INFO - 开始爬取第 1731990639000 页
2024-12-08 23:27:31,772 - f2 - INFO - 等待 10 秒后继续
2024-12-08 23:27:41,786 - f2 - INFO - 开始爬取第 1730285051000 页
2024-12-08 23:27:45,140 - f2 - INFO - 等待 10 秒后继续
2024-12-08 23:27:55,149 - f2 - INFO - 开始爬取第 1728563743000 页
2024-12-08 23:27:58,352 - f2 - INFO - 等待 10 秒后继续
2024-12-08 23:28:08,366 - f2 - INFO - 开始爬取第 1726897324000 页
2024-12-08 23:28:11,575 - f2 - INFO - 等待 10 秒后继续
2024-12-08 23:28:21,575 - f2 - INFO - 开始爬取第 1725073264000 页
2024-12-08 23:28:24,921 - f2 - INFO - 等待 10 秒后继续
2024-12-08 23:28:34,929 - f2 - INFO - 开始爬取第 1723261055000 页
2024-12-08 23:28:38,258 - f2 - INFO - 等待 10 秒后继续
2024-12-08 23:28:48,270 - f2 - INFO - 开始爬取第 1721453345000 页
2024-12-08 23:28:51,234 - f2 - INFO - 等待 10 秒后继续
2024-12-08 23:29:01,244 - f2 - INFO - 开始爬取第 1719801467000 页
2024-12-08 23:29:04,566 - f2 - INFO - 等待 10 秒后继续
2024-12-08 23:29:14,576 - f2 - INFO - 开始爬取第 1718073367000 页
2024-12-08 23:29:18,219 - f2 - INFO - 等待 10 秒后继续
2024-12-08 23:29:28,221 - f2 - INFO - 开始爬取第 1716177930000 页
2024-12-08 23:29:31,610 - f2 - INFO - 等待 10 秒后继续
2024-12-08 23:29:41,618 - f2 - INFO - 开始爬取第 1714657977000 页
2024-12-08 23:29:45,382 - f2 - INFO - 等待 10 秒后继续
2024-12-08 23:29:55,391 - f2 - INFO - 开始爬取第 1713319356000 页
2024-12-08 23:29:59,042 - f2 - INFO - 等待 10 秒后继续
2024-12-08 23:30:09,054 - f2 - INFO - 开始爬取第 1711618758000 页
2024-12-08 23:30:12,587 - f2 - INFO - 等待 10 秒后继续
2024-12-08 23:30:22,599 - f2 - INFO - 开始爬取第 1707190936000 页
2024-12-08 23:30:23,500 - f2 - INFO - 等待 10 秒后继续
2024-12-08 23:30:33,503 - f2 - INFO - 开始爬取第 1704368622000 页
2024-12-08 23:30:33,729 - f2 - INFO - 第 1704368622000 页没有找到作品
2024-12-08 23:30:33,734 - f2 - INFO - 用户: MS4wLjABAAAAJYD_ePMvob3dkicwzJMj01NF_yFG-QZnQOdSS9Edh3ozS-nbP4XFA1LcdhvhGMt4 所有作品采集完毕
2024-12-08 23:30:33,734 - f2 - INFO - 爬取结束，共爬取 269 个作品
