2024-12-15 16:20:42,045 - f2 - INFO - 应用：douyin
2024-12-15 16:20:42,054 - f2 - INFO - 模式：post
2024-12-15 16:20:42,055 - f2 - INFO - 主配置路径：D:\code\py-project\f2\f2\conf\app.yaml
2024-12-15 16:20:42,055 - f2 - INFO - 自定义配置路径：D:\code\py-project\f2\f2\conf\app.yaml
2024-12-15 16:20:43,041 - f2 - INFO - 开始爬取用户：MS4wLjABAAAAJYD_ePMvob3dkicwzJMj01NF_yFG-QZnQOdSS9Edh3ozS-nbP4XFA1LcdhvhGMt4 发布的作品
2024-12-15 16:20:43,042 - f2 - INFO - 开始爬取第 0 页
2024-12-15 16:21:29,913 - f2 - INFO - 等待 10 秒后继续
2024-12-15 16:21:39,916 - f2 - INFO - 开始爬取第 1732616046000 页
2024-12-15 16:21:43,037 - f2 - INFO - 等待 10 秒后继续
2024-12-15 16:21:53,045 - f2 - INFO - 开始爬取第 1730890540000 页
2024-12-15 16:21:56,329 - f2 - INFO - 等待 10 秒后继续
2024-12-15 16:22:06,338 - f2 - INFO - 开始爬取第 1729155514000 页
2024-12-15 16:22:09,704 - f2 - INFO - 等待 10 秒后继续
2024-12-15 16:22:19,714 - f2 - INFO - 开始爬取第 1727425833000 页
2024-12-15 16:22:23,148 - f2 - INFO - 等待 10 秒后继续
2024-12-15 16:22:33,156 - f2 - INFO - 开始爬取第 1725677208000 页
2024-12-15 16:22:36,107 - f2 - INFO - 等待 10 秒后继续
2024-12-15 16:22:46,106 - f2 - INFO - 开始爬取第 1723977053000 页
2024-12-15 16:22:49,394 - f2 - INFO - 等待 10 秒后继续
2024-12-15 16:22:59,401 - f2 - INFO - 开始爬取第 1721963337000 页
2024-12-15 16:23:02,495 - f2 - INFO - 等待 10 秒后继续
2024-12-15 16:23:12,503 - f2 - INFO - 开始爬取第 1720331322000 页
2024-12-15 16:23:15,865 - f2 - INFO - 等待 10 秒后继续
2024-12-15 16:23:25,875 - f2 - INFO - 开始爬取第 1718681943000 页
2024-12-15 16:23:29,660 - f2 - INFO - 等待 10 秒后继续
2024-12-15 16:23:39,678 - f2 - INFO - 开始爬取第 1716870208000 页
2024-12-15 16:23:42,899 - f2 - INFO - 等待 10 秒后继续
2024-12-15 16:23:52,915 - f2 - INFO - 开始爬取第 1715072320000 页
2024-12-15 16:23:56,745 - f2 - INFO - 等待 10 秒后继续
2024-12-15 16:24:06,755 - f2 - INFO - 开始爬取第 1713590980000 页
2024-12-15 16:24:10,242 - f2 - INFO - 等待 10 秒后继续
2024-12-15 16:24:20,269 - f2 - INFO - 开始爬取第 1712286370000 页
2024-12-15 16:24:23,904 - f2 - INFO - 等待 10 秒后继续
2024-12-15 16:24:33,911 - f2 - INFO - 开始爬取第 1709869724000 页
2024-12-15 16:24:35,825 - f2 - INFO - 等待 10 秒后继续
2024-12-15 16:24:45,834 - f2 - INFO - 开始爬取第 1704368622000 页
2024-12-15 16:24:46,077 - f2 - INFO - 第 1704368622000 页没有找到作品
2024-12-15 16:24:46,082 - f2 - INFO - 用户: MS4wLjABAAAAJYD_ePMvob3dkicwzJMj01NF_yFG-QZnQOdSS9Edh3ozS-nbP4XFA1LcdhvhGMt4 所有作品采集完毕
2024-12-15 16:24:46,082 - f2 - INFO - 爬取结束，共爬取 276 个作品
