2024-12-01 23:00:20,892 - f2 - INFO - 应用：douyin
2024-12-01 23:00:20,901 - f2 - INFO - 模式：post
2024-12-01 23:00:20,902 - f2 - INFO - 主配置路径：D:\code\py-project\f2\f2\conf\app.yaml
2024-12-01 23:00:20,903 - f2 - INFO - 自定义配置路径：D:\code\py-project\f2\f2\conf\app.yaml
2024-12-01 23:00:22,025 - f2 - INFO - 开始爬取用户：MS4wLjABAAAA9KcmGhis4sBwy6Cle-R1N1mcKkmj4Om7n91l8FjEIqU 发布的作品
2024-12-01 23:00:22,026 - f2 - INFO - 开始爬取第 0 页
2024-12-01 23:00:43,123 - f2 - INFO - 等待 10 秒后继续
2024-12-01 23:00:53,127 - f2 - INFO - 开始爬取第 1731371709000 页
2024-12-01 23:00:55,191 - f2 - INFO - 等待 10 秒后继续
2024-12-01 23:01:05,195 - f2 - INFO - 开始爬取第 1729643229000 页
2024-12-01 23:01:07,158 - f2 - INFO - 等待 10 秒后继续
2024-12-01 23:01:17,160 - f2 - INFO - 开始爬取第 1727824899000 页
2024-12-01 23:01:19,189 - f2 - INFO - 等待 10 秒后继续
2024-12-01 23:01:29,197 - f2 - INFO - 开始爬取第 1726033568000 页
2024-12-01 23:01:30,473 - f2 - INFO - 等待 10 秒后继续
2024-12-01 23:01:40,479 - f2 - INFO - 开始爬取第 1724371515000 页
2024-12-01 23:01:42,324 - f2 - INFO - 等待 10 秒后继续
2024-12-01 23:01:52,341 - f2 - INFO - 开始爬取第 1722597352000 页
2024-12-01 23:01:54,299 - f2 - INFO - 等待 10 秒后继续
2024-12-01 23:02:04,308 - f2 - INFO - 开始爬取第 1720927801000 页
2024-12-01 23:02:07,077 - f2 - INFO - 等待 10 秒后继续
2024-12-01 23:02:17,087 - f2 - INFO - 开始爬取第 1719199800000 页
2024-12-01 23:02:19,694 - f2 - INFO - 等待 10 秒后继续
2024-12-01 23:02:29,689 - f2 - INFO - 开始爬取第 1717504028000 页
2024-12-01 23:02:31,700 - f2 - INFO - 等待 10 秒后继续
2024-12-01 23:02:41,713 - f2 - INFO - 开始爬取第 1715557643000 页
2024-12-01 23:02:43,551 - f2 - INFO - 等待 10 秒后继续
2024-12-01 23:02:53,556 - f2 - INFO - 开始爬取第 1713830302000 页
2024-12-01 23:02:55,246 - f2 - INFO - 等待 10 秒后继续
2024-12-01 23:03:05,261 - f2 - INFO - 开始爬取第 1712017622000 页
2024-12-01 23:03:07,537 - f2 - INFO - 等待 10 秒后继续
2024-12-01 23:03:17,550 - f2 - INFO - 开始爬取第 1710374194000 页
2024-12-01 23:03:20,127 - f2 - INFO - 等待 10 秒后继续
2024-12-01 23:03:30,138 - f2 - INFO - 开始爬取第 1708830907000 页
2024-12-01 23:03:32,584 - f2 - INFO - 等待 10 秒后继续
2024-12-01 23:03:42,589 - f2 - INFO - 开始爬取第 1707089700000 页
2024-12-01 23:03:44,834 - f2 - INFO - 等待 10 秒后继续
2024-12-01 23:03:54,842 - f2 - INFO - 开始爬取第 1705276845000 页
2024-12-01 23:03:57,056 - f2 - INFO - 等待 10 秒后继续
2024-12-01 23:04:07,069 - f2 - INFO - 开始爬取第 1703548812000 页
2024-12-01 23:04:08,667 - f2 - INFO - 等待 10 秒后继续
2024-12-01 23:04:18,669 - f2 - INFO - 开始爬取第 1701994073000 页
2024-12-01 23:04:20,191 - f2 - INFO - 等待 10 秒后继续
2024-12-01 23:04:30,195 - f2 - INFO - 开始爬取第 1700354145000 页
2024-12-01 23:04:31,242 - f2 - INFO - 等待 10 秒后继续
2024-12-01 23:04:41,248 - f2 - INFO - 开始爬取第 1699056023000 页
2024-12-01 23:04:43,245 - f2 - INFO - 等待 10 秒后继续
2024-12-01 23:04:53,247 - f2 - INFO - 开始爬取第 1697239888000 页
2024-12-01 23:04:55,089 - f2 - INFO - 等待 10 秒后继续
2024-12-01 23:05:05,101 - f2 - INFO - 开始爬取第 1695461588000 页
2024-12-01 23:05:06,396 - f2 - INFO - 等待 10 秒后继续
2024-12-01 23:05:16,400 - f2 - INFO - 开始爬取第 1693872399000 页
2024-12-01 23:05:17,980 - f2 - INFO - 等待 10 秒后继续
2024-12-01 23:05:27,984 - f2 - INFO - 开始爬取第 1692230805000 页
2024-12-01 23:05:30,626 - f2 - INFO - 等待 10 秒后继续
2024-12-01 23:05:40,631 - f2 - INFO - 开始爬取第 1690589167000 页
2024-12-01 23:05:42,574 - f2 - INFO - 等待 10 秒后继续
2024-12-01 23:05:52,582 - f2 - INFO - 开始爬取第 1689033956000 页
2024-12-01 23:05:54,244 - f2 - INFO - 等待 10 秒后继续
2024-12-01 23:06:04,254 - f2 - INFO - 开始爬取第 1687305969000 页
2024-12-01 23:06:06,442 - f2 - INFO - 等待 10 秒后继续
2024-12-01 23:06:16,451 - f2 - INFO - 开始爬取第 1685676400000 页
2024-12-01 23:06:18,413 - f2 - INFO - 等待 10 秒后继续
2024-12-01 23:06:28,423 - f2 - INFO - 开始爬取第 1684362788000 页
2024-12-01 23:06:30,440 - f2 - INFO - 等待 10 秒后继续
2024-12-01 23:06:40,449 - f2 - INFO - 开始爬取第 1682640373000 页
2024-12-01 23:06:43,239 - f2 - INFO - 等待 10 秒后继续
2024-12-01 23:06:53,245 - f2 - INFO - 开始爬取第 1680912381000 页
2024-12-01 23:06:55,228 - f2 - INFO - 等待 10 秒后继续
2024-12-01 23:07:05,242 - f2 - INFO - 开始爬取第 1679184733000 页
2024-12-01 23:07:07,437 - f2 - INFO - 等待 10 秒后继续
2024-12-01 23:07:17,454 - f2 - INFO - 开始爬取第 1677371199000 页
2024-12-01 23:07:19,323 - f2 - INFO - 等待 10 秒后继续
2024-12-01 23:07:29,327 - f2 - INFO - 开始爬取第 1675641644000 页
2024-12-01 23:07:29,994 - f2 - INFO - 等待 10 秒后继续
2024-12-01 23:07:40,004 - f2 - INFO - 开始爬取第 1673222767000 页
2024-12-01 23:07:40,833 - f2 - INFO - 等待 10 秒后继续
2024-12-01 23:07:50,837 - f2 - INFO - 开始爬取第 1671580857000 页
2024-12-01 23:07:51,779 - f2 - INFO - 等待 10 秒后继续
2024-12-01 23:08:01,780 - f2 - INFO - 开始爬取第 1668729971000 页
2024-12-01 23:08:03,004 - f2 - INFO - 等待 10 秒后继续
2024-12-01 23:08:13,027 - f2 - INFO - 开始爬取第 1667002011000 页
2024-12-01 23:08:13,820 - f2 - INFO - 等待 10 秒后继续
2024-12-01 23:08:23,835 - f2 - INFO - 开始爬取第 1665187552000 页
2024-12-01 23:08:24,494 - f2 - INFO - 等待 10 秒后继续
2024-12-01 23:08:34,502 - f2 - INFO - 开始爬取第 1663373176000 页
2024-12-01 23:08:35,786 - f2 - INFO - 等待 10 秒后继续
2024-12-01 23:08:45,794 - f2 - INFO - 开始爬取第 1661558742000 页
2024-12-01 23:08:47,570 - f2 - INFO - 等待 10 秒后继续
2024-12-01 23:08:57,581 - f2 - INFO - 开始爬取第 1659742215000 页
2024-12-01 23:08:58,625 - f2 - INFO - 等待 10 秒后继续
2024-12-01 23:09:08,638 - f2 - INFO - 开始爬取第 1658016311000 页
2024-12-01 23:09:10,767 - f2 - INFO - 等待 10 秒后继续
2024-12-01 23:09:20,781 - f2 - INFO - 开始爬取第 1656129671000 页
2024-12-01 23:09:22,723 - f2 - INFO - 等待 10 秒后继续
2024-12-01 23:09:32,724 - f2 - INFO - 开始爬取第 1654474292000 页
2024-12-01 23:09:33,387 - f2 - INFO - 等待 10 秒后继续
2024-12-01 23:09:43,423 - f2 - INFO - 开始爬取第 1652746322000 页
2024-12-01 23:09:44,952 - f2 - INFO - 等待 10 秒后继续
2024-12-01 23:09:54,959 - f2 - INFO - 开始爬取第 1651018434000 页
2024-12-01 23:09:56,317 - f2 - INFO - 等待 10 秒后继续
2024-12-01 23:10:06,318 - f2 - INFO - 开始爬取第 1649290289000 页
2024-12-01 23:10:07,754 - f2 - INFO - 等待 10 秒后继续
2024-12-01 23:10:17,771 - f2 - INFO - 开始爬取第 1647475861000 页
2024-12-01 23:10:19,730 - f2 - INFO - 等待 10 秒后继续
2024-12-01 23:10:29,755 - f2 - INFO - 开始爬取第 1645488662000 页
2024-12-01 23:10:31,229 - f2 - INFO - 等待 10 秒后继续
2024-12-01 23:10:41,244 - f2 - INFO - 开始爬取第 1643673075000 页
2024-12-01 23:10:43,229 - f2 - INFO - 等待 10 秒后继续
2024-12-01 23:10:53,237 - f2 - INFO - 开始爬取第 1641860191000 页
2024-12-01 23:10:54,793 - f2 - INFO - 等待 10 秒后继续
2024-12-01 23:11:04,813 - f2 - INFO - 开始爬取第 1640060301000 页
2024-12-01 23:11:05,571 - f2 - INFO - 等待 10 秒后继续
2024-12-01 23:11:15,575 - f2 - INFO - 开始爬取第 1638404231000 页
2024-12-01 23:11:16,451 - f2 - INFO - 等待 10 秒后继续
2024-12-01 23:11:26,468 - f2 - INFO - 开始爬取第 1636676204000 页
2024-12-01 23:11:28,005 - f2 - INFO - 等待 10 秒后继续
2024-12-01 23:11:38,009 - f2 - INFO - 开始爬取第 1634861765000 页
2024-12-01 23:11:39,846 - f2 - INFO - 等待 10 秒后继续
2024-12-01 23:11:49,857 - f2 - INFO - 开始爬取第 1633133780000 页
2024-12-01 23:11:51,091 - f2 - INFO - 等待 10 秒后继续
2024-12-01 23:12:01,104 - f2 - INFO - 开始爬取第 1631146653000 页
2024-12-01 23:12:03,264 - f2 - INFO - 等待 10 秒后继续
2024-12-01 23:12:13,275 - f2 - INFO - 开始爬取第 1629504945000 页
2024-12-01 23:12:16,297 - f2 - INFO - 等待 10 秒后继续
2024-12-01 23:12:26,311 - f2 - INFO - 开始爬取第 1627603200000 页
2024-12-01 23:12:27,928 - f2 - INFO - 等待 10 秒后继续
2024-12-01 23:12:37,934 - f2 - INFO - 开始爬取第 1625616410000 页
2024-12-01 23:12:40,586 - f2 - INFO - 等待 10 秒后继续
2024-12-01 23:12:50,593 - f2 - INFO - 开始爬取第 1623716905000 页
2024-12-01 23:12:53,005 - f2 - INFO - 等待 10 秒后继续
2024-12-01 23:13:03,019 - f2 - INFO - 开始爬取第 1621988160000 页
2024-12-01 23:13:05,855 - f2 - INFO - 等待 10 秒后继续
2024-12-01 23:13:15,861 - f2 - INFO - 开始爬取第 1620356672000 页
2024-12-01 23:13:17,320 - f2 - INFO - 等待 10 秒后继续
2024-12-01 23:13:27,328 - f2 - INFO - 开始爬取第 1618629726000 页
2024-12-01 23:13:27,713 - f2 - INFO - 第 1618629726000 页没有找到作品
2024-12-01 23:13:27,759 - f2 - INFO - 开始爬取第 1616990864000 页
2024-12-01 23:13:28,256 - f2 - INFO - 第 1616990864000 页没有找到作品
2024-12-01 23:13:28,265 - f2 - INFO - 开始爬取第 1615348469000 页
2024-12-01 23:13:28,894 - f2 - INFO - 等待 10 秒后继续
2024-12-01 23:13:38,902 - f2 - INFO - 开始爬取第 1613706896000 页
2024-12-01 23:13:39,397 - f2 - INFO - 第 1613706896000 页没有找到作品
2024-12-01 23:13:39,405 - f2 - INFO - 开始爬取第 1612237928000 页
2024-12-01 23:13:39,823 - f2 - INFO - 第 1612237928000 页没有找到作品
2024-12-01 23:13:39,835 - f2 - INFO - 开始爬取第 1610973472000 页
2024-12-01 23:13:40,603 - f2 - INFO - 等待 10 秒后继续
2024-12-01 23:13:50,610 - f2 - INFO - 开始爬取第 1609775023000 页
2024-12-01 23:13:51,024 - f2 - INFO - 第 1609775023000 页没有找到作品
2024-12-01 23:13:51,032 - f2 - INFO - 开始爬取第 1608520169000 页
2024-12-01 23:13:51,389 - f2 - INFO - 第 1608520169000 页没有找到作品
2024-12-01 23:13:51,398 - f2 - INFO - 开始爬取第 1607254522000 页
2024-12-01 23:13:51,789 - f2 - INFO - 第 1607254522000 页没有找到作品
2024-12-01 23:13:51,798 - f2 - INFO - 开始爬取第 1605930102000 页
2024-12-01 23:13:52,484 - f2 - INFO - 等待 10 秒后继续
2024-12-01 23:14:02,496 - f2 - INFO - 开始爬取第 1604458837000 页
2024-12-01 23:14:02,862 - f2 - INFO - 第 1604458837000 页没有找到作品
2024-12-01 23:14:02,870 - f2 - INFO - 开始爬取第 1602845294000 页
2024-12-01 23:14:03,548 - f2 - INFO - 等待 10 秒后继续
2024-12-01 23:14:13,555 - f2 - INFO - 开始爬取第 1601262510000 页
2024-12-01 23:14:13,942 - f2 - INFO - 第 1601262510000 页没有找到作品
2024-12-01 23:14:13,950 - f2 - INFO - 开始爬取第 1599879755000 页
2024-12-01 23:14:14,355 - f2 - INFO - 第 1599879755000 页没有找到作品
2024-12-01 23:14:14,363 - f2 - INFO - 开始爬取第 1598326200000 页
2024-12-01 23:14:14,798 - f2 - INFO - 第 1598326200000 页没有找到作品
2024-12-01 23:14:14,806 - f2 - INFO - 开始爬取第 1597025820000 页
2024-12-01 23:14:15,610 - f2 - INFO - 等待 10 秒后继续
2024-12-01 23:14:25,625 - f2 - INFO - 开始爬取第 1595732871000 页
2024-12-01 23:14:26,388 - f2 - INFO - 等待 10 秒后继续
2024-12-01 23:14:36,398 - f2 - INFO - 开始爬取第 1594266188000 页
2024-12-01 23:14:37,265 - f2 - ERROR - HTTP状态错误: https://v3-web.douyinvod.com/d5d71a3d2fb0eb4a8a19ee6312a5d1a8/674ca7a5/video/tos/cn/tos-cn-ve-15/111d00cb12e34b6988c4bb7f8f5fbb28/?a=6383&ch=10010&cr=3&dr=0&lr=all&cd=0%7C0%7C0%7C3&cv=1&br=2143&bt=2143&cs=0&ds=6&ft=AJkeU_TERR0sTlC42NW2Nc0iPMgzbL_.jN1U_42~Of_2Nv7TGW&mime_type=video_mp4&qs=0&rc=aDc3aDw6O2lpMzo5OmczOEBpamlsamd1PDtkdTMzNGkzM0A1LWJgLTQxNi0xLi4uYDI0YSNqNG9jNGktNXNfLS0vLS9zcw%3D%3D&btag=c0000e00010000&cquery=102u_100o_101r_100B_100x&dy_q=1733066076&l=202412012314369CCBA401CE04CE4702CF, 状态码: 404
2024-12-01 23:14:37,268 - f2 - WARNING - 链接 https://v3-web.douyinvod.com/d5d71a3d2fb0eb4a8a19ee6312a5d1a8/674ca7a5/video/tos/cn/tos-cn-ve-15/111d00cb12e34b6988c4bb7f8f5fbb28/?a=6383&ch=10010&cr=3&dr=0&lr=all&cd=0%7C0%7C0%7C3&cv=1&br=2143&bt=2143&cs=0&ds=6&ft=AJkeU_TERR0sTlC42NW2Nc0iPMgzbL_.jN1U_42~Of_2Nv7TGW&mime_type=video_mp4&qs=0&rc=aDc3aDw6O2lpMzo5OmczOEBpamlsamd1PDtkdTMzNGkzM0A1LWJgLTQxNi0xLi4uYDI0YSNqNG9jNGktNXNfLS0vLS9zcw%3D%3D&btag=c0000e00010000&cquery=102u_100o_101r_100B_100x&dy_q=1733066076&l=202412012314369CCBA401CE04CE4702CF 内容长度为0，尝试下一个链接是否可用
2024-12-01 23:14:37,270 - f2 - WARNING - 所有链接都无法下载
2024-12-01 23:14:37,296 - f2 - INFO - 等待 10 秒后继续
2024-12-01 23:14:47,305 - f2 - INFO - 开始爬取第 1592882058000 页
2024-12-01 23:14:47,754 - f2 - INFO - 第 1592882058000 页没有找到作品
2024-12-01 23:14:47,763 - f2 - INFO - 开始爬取第 1591092345000 页
2024-12-01 23:14:48,233 - f2 - INFO - 第 1591092345000 页没有找到作品
2024-12-01 23:14:48,241 - f2 - INFO - 开始爬取第 1588908435000 页
2024-12-01 23:14:48,594 - f2 - INFO - 第 1588908435000 页没有找到作品
2024-12-01 23:14:48,599 - f2 - INFO - 用户: MS4wLjABAAAA9KcmGhis4sBwy6Cle-R1N1mcKkmj4Om7n91l8FjEIqU 所有作品采集完毕
2024-12-01 23:14:48,600 - f2 - INFO - 爬取结束，共爬取 497 个作品
