2024-11-20 20:11:28,987 - f2 - INFO - 应用：douyin
2024-11-20 20:11:28,996 - f2 - INFO - 模式：post
2024-11-20 20:11:28,997 - f2 - INFO - 主配置路径：D:\code\py-project\f2\f2\conf\app.yaml
2024-11-20 20:11:28,998 - f2 - INFO - 自定义配置路径：D:\code\py-project\f2\f2\conf\app.yaml
2024-11-20 20:11:30,056 - f2 - INFO - 开始爬取用户：MS4wLjABAAAA8jyvEPbbmpxG1S3e_AQjCpibxpuk5WKOpm1-9I9WT1Y 发布的作品
2024-11-20 20:11:30,057 - f2 - INFO - 开始爬取第 0 页
2024-11-20 20:11:35,409 - f2 - INFO - 等待 10 秒后继续
2024-11-20 20:11:45,420 - f2 - INFO - 开始爬取第 1731320844000 页
2024-11-20 20:11:48,125 - f2 - INFO - 等待 10 秒后继续
2024-11-20 20:11:58,140 - f2 - INFO - 开始爬取第 1730887874000 页
2024-11-20 20:12:01,062 - f2 - INFO - 等待 10 秒后继续
2024-11-20 20:12:11,074 - f2 - INFO - 开始爬取第 1730374870000 页
2024-11-20 20:12:14,260 - f2 - INFO - 等待 10 秒后继续
2024-11-20 20:12:24,275 - f2 - INFO - 开始爬取第 1729858362000 页
2024-11-20 20:12:27,430 - f2 - INFO - 等待 10 秒后继续
2024-11-20 20:12:37,443 - f2 - INFO - 开始爬取第 1729253778000 页
2024-11-20 20:12:40,363 - f2 - INFO - 等待 10 秒后继续
2024-11-20 20:12:50,374 - f2 - INFO - 开始爬取第 1728648646000 页
2024-11-20 20:12:53,820 - f2 - INFO - 等待 10 秒后继续
2024-11-20 20:13:03,824 - f2 - INFO - 开始爬取第 1727954486000 页
2024-11-20 20:13:07,794 - f2 - INFO - 等待 10 秒后继续
2024-11-20 20:13:17,808 - f2 - INFO - 开始爬取第 1727077687000 页
2024-11-20 20:13:21,330 - f2 - INFO - 等待 10 秒后继续
2024-11-20 20:13:31,340 - f2 - INFO - 开始爬取第 1726370342000 页
2024-11-20 20:13:34,891 - f2 - INFO - 等待 10 秒后继续
2024-11-20 20:13:44,908 - f2 - INFO - 开始爬取第 1725606426000 页
2024-11-20 20:13:47,836 - f2 - INFO - 等待 10 秒后继续
2024-11-20 20:13:57,852 - f2 - INFO - 开始爬取第 1724635882000 页
2024-11-20 20:14:00,429 - f2 - INFO - 等待 10 秒后继续
2024-11-20 20:14:10,437 - f2 - INFO - 开始爬取第 1723701198000 页
2024-11-20 20:14:12,831 - f2 - INFO - 等待 10 秒后继续
2024-11-20 20:14:22,844 - f2 - INFO - 开始爬取第 1722229659000 页
2024-11-20 20:14:23,932 - f2 - INFO - 等待 10 秒后继续
2024-11-20 20:14:33,940 - f2 - INFO - 开始爬取第 1560010674000 页
2024-11-20 20:14:34,166 - f2 - INFO - 第 1560010674000 页没有找到作品
2024-11-20 20:14:34,172 - f2 - INFO - 用户: MS4wLjABAAAA8jyvEPbbmpxG1S3e_AQjCpibxpuk5WKOpm1-9I9WT1Y 所有作品采集完毕
2024-11-20 20:14:34,185 - f2 - INFO - 爬取结束，共爬取 225 个作品
