2024-11-20 20:14:34,835 - f2 - INFO - 应用：douyin
2024-11-20 20:14:34,844 - f2 - INFO - 模式：post
2024-11-20 20:14:34,845 - f2 - INFO - 主配置路径：D:\code\py-project\f2\f2\conf\app.yaml
2024-11-20 20:14:34,845 - f2 - INFO - 自定义配置路径：D:\code\py-project\f2\f2\conf\app.yaml
2024-11-20 20:14:35,705 - f2 - INFO - 开始爬取用户：MS4wLjABAAAAJYD_ePMvob3dkicwzJMj01NF_yFG-QZnQOdSS9Edh3ozS-nbP4XFA1LcdhvhGMt4 发布的作品
2024-11-20 20:14:35,706 - f2 - INFO - 开始爬取第 0 页
2024-11-20 20:15:37,414 - f2 - INFO - 等待 10 秒后继续
2024-11-20 20:15:47,425 - f2 - INFO - 开始爬取第 1730460478000 页
2024-11-20 20:15:51,827 - f2 - INFO - 等待 10 秒后继续
2024-11-20 20:16:01,837 - f2 - INFO - 开始爬取第 1728718523000 页
2024-11-20 20:16:06,985 - f2 - INFO - 等待 10 秒后继续
2024-11-20 20:16:16,989 - f2 - INFO - 开始爬取第 1726996643000 页
2024-11-20 20:16:20,094 - f2 - INFO - 等待 10 秒后继续
2024-11-20 20:16:30,101 - f2 - INFO - 开始爬取第 1725248899000 页
2024-11-20 20:16:32,971 - f2 - INFO - 等待 10 秒后继续
2024-11-20 20:16:42,986 - f2 - INFO - 开始爬取第 1723469993000 页
2024-11-20 20:16:46,191 - f2 - INFO - 等待 10 秒后继续
2024-11-20 20:16:56,207 - f2 - INFO - 开始爬取第 1721638755000 页
2024-11-20 20:16:59,236 - f2 - INFO - 等待 10 秒后继续
2024-11-20 20:17:09,252 - f2 - INFO - 开始爬取第 1719977841000 页
2024-11-20 20:17:12,564 - f2 - INFO - 等待 10 秒后继续
2024-11-20 20:17:22,569 - f2 - INFO - 开始爬取第 1718249137000 页
2024-11-20 20:17:26,006 - f2 - INFO - 等待 10 秒后继续
2024-11-20 20:17:36,001 - f2 - INFO - 开始爬取第 1716432496000 页
2024-11-20 20:17:39,215 - f2 - INFO - 等待 10 秒后继续
2024-11-20 20:17:49,217 - f2 - INFO - 开始爬取第 1714726153000 页
2024-11-20 20:17:52,851 - f2 - INFO - 等待 10 秒后继续
2024-11-20 20:18:02,866 - f2 - INFO - 开始爬取第 1713430286000 页
2024-11-20 20:18:06,452 - f2 - INFO - 等待 10 秒后继续
2024-11-20 20:18:16,454 - f2 - INFO - 开始爬取第 1711767964000 页
2024-11-20 20:18:19,938 - f2 - INFO - 等待 10 秒后继续
2024-11-20 20:18:29,940 - f2 - INFO - 开始爬取第 1708920364000 页
2024-11-20 20:18:31,229 - f2 - INFO - 等待 10 秒后继续
2024-11-20 20:18:41,237 - f2 - INFO - 开始爬取第 1704368622000 页
2024-11-20 20:18:41,474 - f2 - INFO - 第 1704368622000 页没有找到作品
2024-11-20 20:18:41,480 - f2 - INFO - 用户: MS4wLjABAAAAJYD_ePMvob3dkicwzJMj01NF_yFG-QZnQOdSS9Edh3ozS-nbP4XFA1LcdhvhGMt4 所有作品采集完毕
2024-11-20 20:18:41,480 - f2 - INFO - 爬取结束，共爬取 252 个作品
