2024-11-18 20:40:20,834 - f2 - INFO - 应用：douyin
2024-11-18 20:40:20,844 - f2 - INFO - 模式：post
2024-11-18 20:40:20,845 - f2 - INFO - 主配置路径：D:\code\py-project\f2\f2\conf\app.yaml
2024-11-18 20:40:20,846 - f2 - INFO - 自定义配置路径：D:\code\py-project\f2\f2\conf\app.yaml
2024-11-18 20:40:21,886 - f2 - INFO - 开始爬取用户：MS4wLjABAAAAJYD_ePMvob3dkicwzJMj01NF_yFG-QZnQOdSS9Edh3ozS-nbP4XFA1LcdhvhGMt4 发布的作品
2024-11-18 20:40:21,888 - f2 - INFO - 开始爬取第 0 页
2024-11-18 20:40:58,085 - f2 - INFO - 等待 10 秒后继续
2024-11-18 20:41:08,093 - f2 - INFO - 开始爬取第 1730285051000 页
2024-11-18 20:41:11,655 - f2 - INFO - 等待 10 秒后继续
2024-11-18 20:41:21,663 - f2 - INFO - 开始爬取第 1728563743000 页
2024-11-18 20:41:25,009 - f2 - INFO - 等待 10 秒后继续
2024-11-18 20:41:35,013 - f2 - INFO - 开始爬取第 1726897324000 页
2024-11-18 20:41:38,515 - f2 - INFO - 等待 10 秒后继续
2024-11-18 20:41:48,517 - f2 - INFO - 开始爬取第 1725073264000 页
2024-11-18 20:41:51,631 - f2 - INFO - 等待 10 秒后继续
2024-11-18 20:42:01,633 - f2 - INFO - 开始爬取第 1723261055000 页
2024-11-18 20:42:05,215 - f2 - INFO - 等待 10 秒后继续
2024-11-18 20:42:15,217 - f2 - INFO - 开始爬取第 1721453345000 页
2024-11-18 20:42:18,229 - f2 - INFO - 等待 10 秒后继续
2024-11-18 20:42:28,245 - f2 - INFO - 开始爬取第 1719801467000 页
2024-11-18 20:42:31,878 - f2 - INFO - 等待 10 秒后继续
2024-11-18 20:42:41,883 - f2 - INFO - 开始爬取第 1718073367000 页
2024-11-18 20:42:45,914 - f2 - INFO - 等待 10 秒后继续
2024-11-18 20:42:55,918 - f2 - INFO - 开始爬取第 1716177930000 页
2024-11-18 20:42:59,629 - f2 - INFO - 等待 10 秒后继续
2024-11-18 20:43:09,643 - f2 - INFO - 开始爬取第 1714657977000 页
2024-11-18 20:43:13,509 - f2 - INFO - 等待 10 秒后继续
2024-11-18 20:43:23,521 - f2 - INFO - 开始爬取第 1713319356000 页
2024-11-18 20:43:27,467 - f2 - INFO - 等待 10 秒后继续
2024-11-18 20:43:37,467 - f2 - INFO - 开始爬取第 1711618758000 页
2024-11-18 20:43:41,235 - f2 - INFO - 等待 10 秒后继续
2024-11-18 20:43:51,240 - f2 - INFO - 开始爬取第 1707190936000 页
2024-11-18 20:43:52,206 - f2 - INFO - 等待 10 秒后继续
2024-11-18 20:44:02,219 - f2 - INFO - 开始爬取第 1704368622000 页
2024-11-18 20:44:02,479 - f2 - INFO - 第 1704368622000 页没有找到作品
2024-11-18 20:44:02,484 - f2 - INFO - 用户: MS4wLjABAAAAJYD_ePMvob3dkicwzJMj01NF_yFG-QZnQOdSS9Edh3ozS-nbP4XFA1LcdhvhGMt4 所有作品采集完毕
2024-11-18 20:44:02,485 - f2 - INFO - 爬取结束，共爬取 250 个作品
