2024-12-08 23:30:34,578 - f2 - INFO - 应用：douyin
2024-12-08 23:30:34,587 - f2 - INFO - 模式：post
2024-12-08 23:30:34,588 - f2 - INFO - 主配置路径：D:\code\py-project\f2\f2\conf\app.yaml
2024-12-08 23:30:34,588 - f2 - INFO - 自定义配置路径：D:\code\py-project\f2\f2\conf\app.yaml
2024-12-08 23:30:35,544 - f2 - INFO - 开始爬取用户：MS4wLjABAAAA0-aPb4VV1oxwrBGSf5pNgevVkTOv_B3aAbNNucQkPqA 发布的作品
2024-12-08 23:30:35,545 - f2 - INFO - 开始爬取第 0 页
2024-12-08 23:30:39,100 - f2 - INFO - 等待 10 秒后继续
2024-12-08 23:30:49,111 - f2 - INFO - 开始爬取第 1709045647000 页
2024-12-08 23:30:51,801 - f2 - INFO - 等待 10 秒后继续
2024-12-08 23:31:01,816 - f2 - INFO - 开始爬取第 1697798911000 页
2024-12-08 23:31:04,947 - f2 - INFO - 等待 10 秒后继续
2024-12-08 23:31:14,955 - f2 - INFO - 开始爬取第 1695514214000 页
2024-12-08 23:31:16,192 - f2 - INFO - 等待 10 秒后继续
2024-12-08 23:31:26,195 - f2 - INFO - 开始爬取第 1686654742000 页
2024-12-08 23:31:26,647 - f2 - INFO - 第 1686654742000 页没有找到作品
2024-12-08 23:31:26,655 - f2 - INFO - 开始爬取第 1674206225000 页
2024-12-08 23:31:27,085 - f2 - INFO - 第 1674206225000 页没有找到作品
2024-12-08 23:31:27,094 - f2 - INFO - 开始爬取第 1668598630000 页
2024-12-08 23:31:27,444 - f2 - INFO - 第 1668598630000 页没有找到作品
2024-12-08 23:31:27,449 - f2 - INFO - 用户: MS4wLjABAAAA0-aPb4VV1oxwrBGSf5pNgevVkTOv_B3aAbNNucQkPqA 所有作品采集完毕
2024-12-08 23:31:27,450 - f2 - INFO - 爬取结束，共爬取 64 个作品
