2024-12-15 16:25:40,825 - f2 - INFO - 应用：douyin
2024-12-15 16:25:40,834 - f2 - INFO - 模式：post
2024-12-15 16:25:40,834 - f2 - INFO - 主配置路径：D:\code\py-project\f2\f2\conf\app.yaml
2024-12-15 16:25:40,835 - f2 - INFO - 自定义配置路径：D:\code\py-project\f2\f2\conf\app.yaml
2024-12-15 16:25:41,780 - f2 - INFO - 开始爬取用户：MS4wLjABAAAA9KcmGhis4sBwy6Cle-R1N1mcKkmj4Om7n91l8FjEIqU 发布的作品
2024-12-15 16:25:41,781 - f2 - INFO - 开始爬取第 0 页
2024-12-15 16:25:45,127 - f2 - INFO - 等待 10 秒后继续
2024-12-15 16:25:55,134 - f2 - INFO - 开始爬取第 1732584711000 页
2024-12-15 16:25:56,991 - f2 - INFO - 等待 10 秒后继续
2024-12-15 16:26:06,998 - f2 - INFO - 开始爬取第 1730877264000 页
2024-12-15 16:26:08,863 - f2 - INFO - 等待 10 秒后继续
2024-12-15 16:26:18,877 - f2 - INFO - 开始爬取第 1729033968000 页
2024-12-15 16:26:20,841 - f2 - INFO - 等待 10 秒后继续
2024-12-15 16:26:30,845 - f2 - INFO - 开始爬取第 1727222077000 页
2024-12-15 16:26:32,232 - f2 - INFO - 等待 10 秒后继续
2024-12-15 16:26:42,243 - f2 - INFO - 开始爬取第 1725494488000 页
2024-12-15 16:26:44,016 - f2 - INFO - 等待 10 秒后继续
2024-12-15 16:26:54,017 - f2 - INFO - 开始爬取第 1723886782000 页
2024-12-15 16:26:55,822 - f2 - INFO - 等待 10 秒后继续
2024-12-15 16:27:05,837 - f2 - INFO - 开始爬取第 1722139213000 页
2024-12-15 16:27:08,244 - f2 - INFO - 等待 10 秒后继续
2024-12-15 16:27:18,254 - f2 - INFO - 开始爬取第 1720409400000 页
2024-12-15 16:27:20,929 - f2 - INFO - 等待 10 秒后继续
2024-12-15 16:27:30,935 - f2 - INFO - 开始爬取第 1718681400000 页
2024-12-15 16:27:33,243 - f2 - INFO - 等待 10 秒后继续
2024-12-15 16:27:43,263 - f2 - INFO - 开始爬取第 1716978296000 页
2024-12-15 16:27:45,296 - f2 - INFO - 等待 10 秒后继续
2024-12-15 16:27:55,300 - f2 - INFO - 开始爬取第 1715040007000 页
2024-12-15 16:27:57,018 - f2 - INFO - 等待 10 秒后继续
2024-12-15 16:28:07,014 - f2 - INFO - 开始爬取第 1713313345000 页
2024-12-15 16:28:08,860 - f2 - INFO - 等待 10 秒后继续
2024-12-15 16:28:18,861 - f2 - INFO - 开始爬取第 1711497957000 页
2024-12-15 16:28:21,225 - f2 - INFO - 等待 10 秒后继续
2024-12-15 16:28:31,236 - f2 - INFO - 开始爬取第 1709942508000 页
2024-12-15 16:28:33,895 - f2 - INFO - 等待 10 秒后继续
2024-12-15 16:28:43,901 - f2 - INFO - 开始爬取第 1708300466000 页
2024-12-15 16:28:46,270 - f2 - INFO - 等待 10 秒后继续
2024-12-15 16:28:56,272 - f2 - INFO - 开始爬取第 1706571824000 页
2024-12-15 16:28:58,462 - f2 - INFO - 等待 10 秒后继续
2024-12-15 16:29:08,476 - f2 - INFO - 开始爬取第 1704758399000 页
2024-12-15 16:29:10,704 - f2 - INFO - 等待 10 秒后继续
2024-12-15 16:29:20,706 - f2 - INFO - 开始爬取第 1703030784000 页
2024-12-15 16:29:21,742 - f2 - INFO - 等待 10 秒后继续
2024-12-15 16:29:31,755 - f2 - INFO - 开始爬取第 1701475120000 页
2024-12-15 16:29:33,495 - f2 - INFO - 等待 10 秒后继续
2024-12-15 16:29:43,506 - f2 - INFO - 开始爬取第 1699833987000 页
2024-12-15 16:29:44,783 - f2 - INFO - 等待 10 秒后继续
2024-12-15 16:29:54,788 - f2 - INFO - 开始爬取第 1698364835000 页
2024-12-15 16:29:56,877 - f2 - INFO - 等待 10 秒后继续
2024-12-15 16:30:06,882 - f2 - INFO - 开始爬取第 1696810362000 页
2024-12-15 16:30:08,525 - f2 - INFO - 等待 10 秒后继续
2024-12-15 16:30:18,535 - f2 - INFO - 开始爬取第 1694909080000 页
2024-12-15 16:30:19,997 - f2 - INFO - 等待 10 秒后继续
2024-12-15 16:30:30,005 - f2 - INFO - 开始爬取第 1693455730000 页
2024-12-15 16:30:31,678 - f2 - INFO - 等待 10 秒后继续
2024-12-15 16:30:41,693 - f2 - INFO - 开始爬取第 1691798443000 页
2024-12-15 16:30:43,979 - f2 - INFO - 等待 10 秒后继续
2024-12-15 16:30:53,981 - f2 - INFO - 开始爬取第 1690157641000 页
2024-12-15 16:30:55,783 - f2 - INFO - 等待 10 秒后继续
2024-12-15 16:31:05,794 - f2 - INFO - 开始爬取第 1688515604000 页
2024-12-15 16:31:07,189 - f2 - INFO - 等待 10 秒后继续
2024-12-15 16:31:17,196 - f2 - INFO - 开始爬取第 1686801682000 页
2024-12-15 16:31:19,028 - f2 - INFO - 等待 10 秒后继续
2024-12-15 16:31:29,040 - f2 - INFO - 开始爬取第 1685403526000 页
2024-12-15 16:31:30,398 - f2 - INFO - 等待 10 秒后继续
2024-12-15 16:31:40,405 - f2 - INFO - 开始爬取第 1683936456000 页
2024-12-15 16:31:42,688 - f2 - INFO - 等待 10 秒后继续
2024-12-15 16:31:52,692 - f2 - INFO - 开始爬取第 1682121949000 页
2024-12-15 16:31:55,239 - f2 - INFO - 等待 10 秒后继续
2024-12-15 16:32:05,255 - f2 - INFO - 开始爬取第 1680395330000 页
2024-12-15 16:32:07,476 - f2 - INFO - 等待 10 秒后继续
2024-12-15 16:32:17,479 - f2 - INFO - 开始爬取第 1678665966000 页
2024-12-15 16:32:19,157 - f2 - INFO - 等待 10 秒后继续
2024-12-15 16:32:29,162 - f2 - INFO - 开始爬取第 1676851557000 页
2024-12-15 16:32:30,923 - f2 - INFO - 等待 10 秒后继续
2024-12-15 16:32:40,935 - f2 - INFO - 开始爬取第 1675123602000 页
2024-12-15 16:32:41,714 - f2 - INFO - 等待 10 秒后继续
2024-12-15 16:32:51,718 - f2 - INFO - 开始爬取第 1672790438000 页
2024-12-15 16:32:52,760 - f2 - INFO - 等待 10 秒后继续
2024-12-15 16:33:02,764 - f2 - INFO - 开始爬取第 1670717687000 页
2024-12-15 16:33:03,567 - f2 - INFO - 等待 10 秒后继续
2024-12-15 16:33:13,579 - f2 - INFO - 开始爬取第 1668211592000 页
2024-12-15 16:33:14,581 - f2 - INFO - 等待 10 秒后继续
2024-12-15 16:33:24,603 - f2 - INFO - 开始爬取第 1666487250000 页
2024-12-15 16:33:25,178 - f2 - INFO - 等待 10 秒后继续
2024-12-15 16:33:35,190 - f2 - INFO - 开始爬取第 1664667642000 页
2024-12-15 16:33:36,086 - f2 - INFO - 等待 10 秒后继续
2024-12-15 16:33:46,095 - f2 - INFO - 开始爬取第 1662768413000 页
2024-12-15 16:33:47,609 - f2 - INFO - 等待 10 秒后继续
2024-12-15 16:33:57,623 - f2 - INFO - 开始爬取第 1661038015000 页
2024-12-15 16:33:58,819 - f2 - INFO - 等待 10 秒后继续
2024-12-15 16:34:08,821 - f2 - INFO - 开始爬取第 1659143275000 页
2024-12-15 16:34:09,931 - f2 - INFO - 等待 10 秒后继续
2024-12-15 16:34:19,941 - f2 - INFO - 开始爬取第 1657498334000 页
2024-12-15 16:34:22,385 - f2 - INFO - 等待 10 秒后继续
2024-12-15 16:34:32,391 - f2 - INFO - 开始爬取第 1655683859000 页
2024-12-15 16:34:33,390 - f2 - INFO - 等待 10 秒后继续
2024-12-15 16:34:43,402 - f2 - INFO - 开始爬取第 1653955963000 页
2024-12-15 16:34:44,567 - f2 - INFO - 等待 10 秒后继续
2024-12-15 16:34:54,585 - f2 - INFO - 开始爬取第 1652227236000 页
2024-12-15 16:34:55,933 - f2 - INFO - 等待 10 秒后继续
2024-12-15 16:35:05,957 - f2 - INFO - 开始爬取第 1650499901000 页
2024-12-15 16:35:07,065 - f2 - INFO - 等待 10 秒后继续
2024-12-15 16:35:17,070 - f2 - INFO - 开始爬取第 1648609580000 页
2024-12-15 16:35:18,229 - f2 - INFO - 等待 10 秒后继续
2024-12-15 16:35:28,243 - f2 - INFO - 开始爬取第 1646698248000 页
2024-12-15 16:35:30,241 - f2 - INFO - 等待 10 秒后继续
2024-12-15 16:35:40,258 - f2 - INFO - 开始爬取第 1644982691000 页
2024-12-15 16:35:41,810 - f2 - INFO - 等待 10 秒后继续
2024-12-15 16:35:51,822 - f2 - INFO - 开始爬取第 1643155258000 页
2024-12-15 16:35:53,791 - f2 - INFO - 等待 10 秒后继续
2024-12-15 16:36:03,797 - f2 - INFO - 开始爬取第 1641341938000 页
2024-12-15 16:36:04,934 - f2 - INFO - 等待 10 秒后继续
2024-12-15 16:36:14,943 - f2 - INFO - 开始爬取第 1639527465000 页
2024-12-15 16:36:15,599 - f2 - INFO - 等待 10 秒后继续
2024-12-15 16:36:25,619 - f2 - INFO - 开始爬取第 1637798002000 页
2024-12-15 16:36:26,250 - f2 - INFO - 等待 10 秒后继续
2024-12-15 16:36:36,261 - f2 - INFO - 开始爬取第 1636071366000 页
2024-12-15 16:36:37,826 - f2 - INFO - 等待 10 秒后继续
2024-12-15 16:36:47,837 - f2 - INFO - 开始爬取第 1634343389000 页
2024-12-15 16:36:49,534 - f2 - INFO - 等待 10 秒后继续
2024-12-15 16:36:59,550 - f2 - INFO - 开始爬取第 1632442568000 页
2024-12-15 16:37:00,982 - f2 - INFO - 等待 10 秒后继续
2024-12-15 16:37:10,990 - f2 - INFO - 开始爬取第 1630628202000 页
2024-12-15 16:37:13,150 - f2 - INFO - 等待 10 秒后继续
2024-12-15 16:37:23,167 - f2 - INFO - 开始爬取第 1629077906000 页
2024-12-15 16:37:25,980 - f2 - INFO - 等待 10 秒后继续
2024-12-15 16:37:35,994 - f2 - INFO - 开始爬取第 1626913068000 页
2024-12-15 16:37:37,708 - f2 - INFO - 等待 10 秒后继续
2024-12-15 16:37:47,712 - f2 - INFO - 开始爬取第 1624925739000 页
2024-12-15 16:37:50,149 - f2 - INFO - 等待 10 秒后继续
2024-12-15 16:38:00,178 - f2 - INFO - 开始爬取第 1623197765000 页
2024-12-15 16:38:03,073 - f2 - INFO - 等待 10 秒后继续
2024-12-15 16:38:13,087 - f2 - INFO - 开始爬取第 1621469763000 页
2024-12-15 16:38:15,558 - f2 - INFO - 等待 10 秒后继续
2024-12-15 16:38:25,560 - f2 - INFO - 开始爬取第 1619860239000 页
2024-12-15 16:38:26,598 - f2 - INFO - 等待 10 秒后继续
2024-12-15 16:38:36,599 - f2 - INFO - 开始爬取第 1618199988000 页
2024-12-15 16:38:37,043 - f2 - INFO - 第 1618199988000 页没有找到作品
2024-12-15 16:38:37,051 - f2 - INFO - 开始爬取第 1616472234000 页
2024-12-15 16:38:37,467 - f2 - INFO - 第 1616472234000 页没有找到作品
2024-12-15 16:38:37,475 - f2 - INFO - 开始爬取第 1614830668000 页
2024-12-15 16:38:38,192 - f2 - INFO - 等待 10 秒后继续
2024-12-15 16:38:48,195 - f2 - INFO - 开始爬取第 1613209976000 页
2024-12-15 16:38:48,684 - f2 - INFO - 第 1613209976000 页没有找到作品
2024-12-15 16:38:48,692 - f2 - INFO - 开始爬取第 1611806674000 页
2024-12-15 16:38:49,106 - f2 - INFO - 第 1611806674000 页没有找到作品
2024-12-15 16:38:49,114 - f2 - INFO - 开始爬取第 1610635512000 页
2024-12-15 16:38:49,789 - f2 - INFO - 等待 10 秒后继续
2024-12-15 16:38:59,830 - f2 - INFO - 开始爬取第 1609327302000 页
2024-12-15 16:39:00,420 - f2 - INFO - 第 1609327302000 页没有找到作品
2024-12-15 16:39:00,429 - f2 - INFO - 开始爬取第 1608002112000 页
2024-12-15 16:39:01,067 - f2 - INFO - 第 1608002112000 页没有找到作品
2024-12-15 16:39:01,075 - f2 - INFO - 开始爬取第 1606792254000 页
2024-12-15 16:39:01,514 - f2 - INFO - 第 1606792254000 页没有找到作品
2024-12-15 16:39:01,522 - f2 - INFO - 开始爬取第 1605495825000 页
2024-12-15 16:39:02,131 - f2 - INFO - 等待 10 秒后继续
2024-12-15 16:39:12,156 - f2 - INFO - 开始爬取第 1603940400000 页
2024-12-15 16:39:12,795 - f2 - INFO - 等待 10 秒后继续
2024-12-15 16:39:22,806 - f2 - INFO - 开始爬取第 1602471529000 页
2024-12-15 16:39:23,330 - f2 - INFO - 第 1602471529000 页没有找到作品
2024-12-15 16:39:23,338 - f2 - INFO - 开始爬取第 1600830000000 页
2024-12-15 16:39:23,755 - f2 - INFO - 第 1600830000000 页没有找到作品
2024-12-15 16:39:23,763 - f2 - INFO - 开始爬取第 1599361269000 页
2024-12-15 16:39:24,193 - f2 - INFO - 第 1599361269000 页没有找到作品
2024-12-15 16:39:24,202 - f2 - INFO - 开始爬取第 1597915755000 页
2024-12-15 16:39:24,654 - f2 - INFO - 第 1597915755000 页没有找到作品
2024-12-15 16:39:24,684 - f2 - INFO - 开始爬取第 1596596902000 页
2024-12-15 16:39:25,542 - f2 - INFO - 等待 10 秒后继续
2024-12-15 16:39:35,557 - f2 - INFO - 开始爬取第 1595245887000 页
2024-12-15 16:39:36,169 - f2 - INFO - 等待 10 秒后继续
2024-12-15 16:39:46,175 - f2 - INFO - 开始爬取第 1593909752000 页
2024-12-15 16:39:46,910 - f2 - ERROR - HTTP状态错误: https://v3-web.douyinvod.com/b7fded92e0aabc72bb56cdc35642b5ca/675ec01b/video/tos/cn/tos-cn-ve-15/111d00cb12e34b6988c4bb7f8f5fbb28/?a=6383&ch=10010&cr=3&dr=0&lr=all&cd=0%7C0%7C0%7C3&cv=1&br=2143&bt=2143&cs=0&ds=6&ft=AJkeU_TERR0sTlC42NW2Nc0iPMgzbLE3gI1U_4PzOf_2Nv7TGW&mime_type=video_mp4&qs=0&rc=aDc3aDw6O2lpMzo5OmczOEBpamlsamd1PDtkdTMzNGkzM0A1LWJgLTQxNi0xLi4uYDI0YSNqNG9jNGktNXNfLS0vLS9zcw%3D%3D&btag=c0000e00010000&cquery=100x_102u_100o_101r_100B&dy_q=1734251986&l=202412151639464B968E548CDC8EF430F8, 状态码: 404
2024-12-15 16:39:46,913 - f2 - WARNING - 链接 https://v3-web.douyinvod.com/b7fded92e0aabc72bb56cdc35642b5ca/675ec01b/video/tos/cn/tos-cn-ve-15/111d00cb12e34b6988c4bb7f8f5fbb28/?a=6383&ch=10010&cr=3&dr=0&lr=all&cd=0%7C0%7C0%7C3&cv=1&br=2143&bt=2143&cs=0&ds=6&ft=AJkeU_TERR0sTlC42NW2Nc0iPMgzbLE3gI1U_4PzOf_2Nv7TGW&mime_type=video_mp4&qs=0&rc=aDc3aDw6O2lpMzo5OmczOEBpamlsamd1PDtkdTMzNGkzM0A1LWJgLTQxNi0xLi4uYDI0YSNqNG9jNGktNXNfLS0vLS9zcw%3D%3D&btag=c0000e00010000&cquery=100x_102u_100o_101r_100B&dy_q=1734251986&l=202412151639464B968E548CDC8EF430F8 内容长度为0，尝试下一个链接是否可用
2024-12-15 16:39:46,915 - f2 - WARNING - 所有链接都无法下载
2024-12-15 16:39:46,940 - f2 - INFO - 等待 10 秒后继续
2024-12-15 16:39:56,967 - f2 - INFO - 开始爬取第 1592389096000 页
2024-12-15 16:39:57,402 - f2 - INFO - 第 1592389096000 页没有找到作品
2024-12-15 16:39:57,411 - f2 - INFO - 开始爬取第 1590378769000 页
2024-12-15 16:39:57,767 - f2 - INFO - 第 1590378769000 页没有找到作品
2024-12-15 16:39:57,776 - f2 - INFO - 开始爬取第 1588411265000 页
2024-12-15 16:39:58,128 - f2 - INFO - 第 1588411265000 页没有找到作品
2024-12-15 16:39:58,133 - f2 - INFO - 用户: MS4wLjABAAAA9KcmGhis4sBwy6Cle-R1N1mcKkmj4Om7n91l8FjEIqU 所有作品采集完毕
2024-12-15 16:39:58,133 - f2 - INFO - 爬取结束，共爬取 502 个作品
