2024-12-08 23:45:45,777 - f2 - INFO - 应用：douyin
2024-12-08 23:45:45,786 - f2 - INFO - 模式：post
2024-12-08 23:45:45,786 - f2 - INFO - 主配置路径：D:\code\py-project\f2\f2\conf\app.yaml
2024-12-08 23:45:45,787 - f2 - INFO - 自定义配置路径：D:\code\py-project\f2\f2\conf\app.yaml
2024-12-08 23:45:46,700 - f2 - INFO - 开始爬取用户：MS4wLjABAAAAQRNQx7KfzmjfhOFn8HO5Pgnvj2Ww6DbFDM6CwGtboMPkLVtScEU2RLVW-OQYdiHp 发布的作品
2024-12-08 23:45:46,701 - f2 - INFO - 开始爬取第 0 页
2024-12-08 23:45:59,292 - f2 - INFO - 等待 10 秒后继续
2024-12-08 23:46:09,296 - f2 - INFO - 开始爬取第 1731898800000 页
2024-12-08 23:46:12,456 - f2 - INFO - 等待 10 秒后继续
2024-12-08 23:46:22,471 - f2 - INFO - 开始爬取第 1729653600000 页
2024-12-08 23:46:25,607 - f2 - INFO - 等待 10 秒后继续
2024-12-08 23:46:35,615 - f2 - INFO - 开始爬取第 1727319600000 页
2024-12-08 23:46:38,827 - f2 - INFO - 等待 10 秒后继续
2024-12-08 23:46:48,833 - f2 - INFO - 开始爬取第 1724904000000 页
2024-12-08 23:46:51,968 - f2 - INFO - 等待 10 秒后继续
2024-12-08 23:47:01,981 - f2 - INFO - 开始爬取第 1722481200000 页
2024-12-08 23:47:05,294 - f2 - INFO - 等待 10 秒后继续
2024-12-08 23:47:15,297 - f2 - INFO - 开始爬取第 1720241925000 页
2024-12-08 23:47:18,514 - f2 - INFO - 等待 10 秒后继续
2024-12-08 23:47:28,523 - f2 - INFO - 开始爬取第 1717642800000 页
2024-12-08 23:47:31,359 - f2 - INFO - 等待 10 秒后继续
2024-12-08 23:47:41,375 - f2 - INFO - 开始爬取第 1715914800000 页
2024-12-08 23:47:44,551 - f2 - INFO - 等待 10 秒后继续
2024-12-08 23:47:54,563 - f2 - INFO - 开始爬取第 1714014000000 页
2024-12-08 23:47:57,621 - f2 - INFO - 等待 10 秒后继续
2024-12-08 23:48:07,623 - f2 - INFO - 开始爬取第 1711940400000 页
2024-12-08 23:48:11,514 - f2 - INFO - 等待 10 秒后继续
2024-12-08 23:48:21,521 - f2 - INFO - 开始爬取第 1710039600000 页
2024-12-08 23:48:25,270 - f2 - INFO - 等待 10 秒后继续
2024-12-08 23:48:35,273 - f2 - INFO - 开始爬取第 1708311600000 页
2024-12-08 23:48:38,997 - f2 - INFO - 等待 10 秒后继续
2024-12-08 23:48:49,001 - f2 - INFO - 开始爬取第 1706659200000 页
2024-12-08 23:48:52,725 - f2 - INFO - 等待 10 秒后继续
2024-12-08 23:49:02,743 - f2 - INFO - 开始爬取第 1705708800000 页
2024-12-08 23:49:06,634 - f2 - INFO - 等待 10 秒后继续
2024-12-08 23:49:16,664 - f2 - INFO - 开始爬取第 1704672000000 页
2024-12-08 23:49:20,577 - f2 - INFO - 等待 10 秒后继续
2024-12-08 23:49:30,590 - f2 - INFO - 开始爬取第 1703390400000 页
2024-12-08 23:49:34,235 - f2 - INFO - 等待 10 秒后继续
2024-12-08 23:49:44,240 - f2 - INFO - 开始爬取第 1702425600000 页
2024-12-08 23:49:48,003 - f2 - INFO - 等待 10 秒后继续
2024-12-08 23:49:58,015 - f2 - INFO - 开始爬取第 1701734400000 页
2024-12-08 23:50:02,022 - f2 - INFO - 等待 10 秒后继续
2024-12-08 23:50:12,034 - f2 - INFO - 开始爬取第 1700020800000 页
2024-12-08 23:50:16,321 - f2 - INFO - 等待 10 秒后继续
2024-12-08 23:50:26,335 - f2 - INFO - 开始爬取第 1698292800000 页
2024-12-08 23:50:30,680 - f2 - INFO - 等待 10 秒后继续
2024-12-08 23:50:40,685 - f2 - INFO - 开始爬取第 1695614400000 页
2024-12-08 23:50:45,503 - f2 - INFO - 等待 10 秒后继续
2024-12-08 23:50:55,516 - f2 - INFO - 开始爬取第 1693800000000 页
2024-12-08 23:50:59,945 - f2 - INFO - 等待 10 秒后继续
2024-12-08 23:51:09,949 - f2 - INFO - 开始爬取第 1692158400000 页
2024-12-08 23:51:13,985 - f2 - INFO - 等待 10 秒后继续
2024-12-08 23:51:23,996 - f2 - INFO - 开始爬取第 1690970216000 页
2024-12-08 23:51:28,580 - f2 - INFO - 等待 10 秒后继续
2024-12-08 23:51:38,609 - f2 - INFO - 开始爬取第 1688702400000 页
2024-12-08 23:51:42,711 - f2 - INFO - 等待 10 秒后继续
2024-12-08 23:51:52,724 - f2 - INFO - 开始爬取第 1686974400000 页
2024-12-08 23:51:57,225 - f2 - INFO - 等待 10 秒后继续
2024-12-08 23:52:07,240 - f2 - INFO - 开始爬取第 1685160000000 页
2024-12-08 23:52:11,981 - f2 - INFO - 等待 10 秒后继续
2024-12-08 23:52:21,995 - f2 - INFO - 开始爬取第 1683345600000 页
2024-12-08 23:52:26,856 - f2 - INFO - 等待 10 秒后继续
2024-12-08 23:52:36,858 - f2 - INFO - 开始爬取第 1681617600000 页
2024-12-08 23:52:41,815 - f2 - INFO - 等待 10 秒后继续
2024-12-08 23:52:51,824 - f2 - INFO - 开始爬取第 1680667200000 页
2024-12-08 23:52:56,834 - f2 - INFO - 等待 10 秒后继续
2024-12-08 23:53:06,840 - f2 - INFO - 开始爬取第 1679745600000 页
2024-12-08 23:53:11,818 - f2 - INFO - 等待 10 秒后继续
2024-12-08 23:53:21,825 - f2 - INFO - 开始爬取第 1679130000000 页
2024-12-08 23:53:26,544 - f2 - INFO - 等待 10 秒后继续
2024-12-08 23:53:36,558 - f2 - INFO - 开始爬取第 1678708800000 页
2024-12-08 23:53:41,291 - f2 - INFO - 等待 10 秒后继续
2024-12-08 23:53:51,315 - f2 - INFO - 开始爬取第 1678321535000 页
2024-12-08 23:53:56,521 - f2 - INFO - 等待 10 秒后继续
2024-12-08 23:54:06,543 - f2 - INFO - 开始爬取第 1677841200000 页
2024-12-08 23:54:11,996 - f2 - INFO - 等待 10 秒后继续
2024-12-08 23:54:22,022 - f2 - INFO - 开始爬取第 1677384000000 页
2024-12-08 23:54:28,109 - f2 - INFO - 等待 10 秒后继续
2024-12-08 23:54:38,112 - f2 - INFO - 开始爬取第 1676980800000 页
2024-12-08 23:54:43,357 - f2 - INFO - 等待 10 秒后继续
2024-12-08 23:54:53,370 - f2 - INFO - 开始爬取第 1676548800000 页
2024-12-08 23:54:58,995 - f2 - INFO - 等待 10 秒后继续
2024-12-08 23:55:09,021 - f2 - INFO - 开始爬取第 1675857600000 页
2024-12-08 23:55:14,242 - f2 - INFO - 等待 10 秒后继续
2024-12-08 23:55:24,267 - f2 - INFO - 开始爬取第 1673942128000 页
2024-12-08 23:55:29,678 - f2 - INFO - 等待 10 秒后继续
2024-12-08 23:55:39,700 - f2 - INFO - 开始爬取第 1672286400000 页
2024-12-08 23:55:44,476 - f2 - INFO - 等待 10 秒后继续
2024-12-08 23:55:54,488 - f2 - INFO - 开始爬取第 1670558400000 页
2024-12-08 23:55:58,810 - f2 - INFO - 等待 10 秒后继续
2024-12-08 23:56:08,822 - f2 - INFO - 开始爬取第 1665713637000 页
2024-12-08 23:56:10,222 - f2 - INFO - 等待 10 秒后继续
2024-12-08 23:56:20,252 - f2 - INFO - 开始爬取第 1665474395000 页
2024-12-08 23:56:20,522 - f2 - INFO - 第 1665474395000 页没有找到作品
2024-12-08 23:56:20,526 - f2 - INFO - 用户: MS4wLjABAAAAQRNQx7KfzmjfhOFn8HO5Pgnvj2Ww6DbFDM6CwGtboMPkLVtScEU2RLVW-OQYdiHp 所有作品采集完毕
2024-12-08 23:56:20,527 - f2 - INFO - 爬取结束，共爬取 830 个作品
