2024-11-30 12:32:07,849 - f2 - INFO - 应用：douyin
2024-11-30 12:32:07,858 - f2 - INFO - 模式：post
2024-11-30 12:32:07,859 - f2 - INFO - 主配置路径：D:\code\py-project\f2\f2\conf\app.yaml
2024-11-30 12:32:07,860 - f2 - INFO - 自定义配置路径：D:\code\py-project\f2\f2\conf\app.yaml
2024-11-30 12:32:08,793 - f2 - INFO - 开始爬取用户：MS4wLjABAAAA0-aPb4VV1oxwrBGSf5pNgevVkTOv_B3aAbNNucQkPqA 发布的作品
2024-11-30 12:32:08,794 - f2 - INFO - 开始爬取第 0 页
2024-11-30 12:32:12,587 - f2 - INFO - 等待 10 秒后继续
2024-11-30 12:32:22,592 - f2 - INFO - 开始爬取第 1709045647000 页
2024-11-30 12:32:25,516 - f2 - INFO - 等待 10 秒后继续
2024-11-30 12:32:35,528 - f2 - INFO - 开始爬取第 1697798911000 页
2024-11-30 12:32:38,751 - f2 - INFO - 等待 10 秒后继续
2024-11-30 12:32:48,765 - f2 - INFO - 开始爬取第 1695514214000 页
2024-11-30 12:32:49,941 - f2 - INFO - 等待 10 秒后继续
2024-11-30 12:32:59,952 - f2 - INFO - 开始爬取第 1686654742000 页
2024-11-30 12:33:00,363 - f2 - INFO - 第 1686654742000 页没有找到作品
2024-11-30 12:33:00,371 - f2 - INFO - 开始爬取第 1674206225000 页
2024-11-30 12:33:00,795 - f2 - INFO - 第 1674206225000 页没有找到作品
2024-11-30 12:33:00,804 - f2 - INFO - 开始爬取第 1668598630000 页
2024-11-30 12:33:01,193 - f2 - INFO - 第 1668598630000 页没有找到作品
2024-11-30 12:33:01,197 - f2 - INFO - 用户: MS4wLjABAAAA0-aPb4VV1oxwrBGSf5pNgevVkTOv_B3aAbNNucQkPqA 所有作品采集完毕
2024-11-30 12:33:01,198 - f2 - INFO - 爬取结束，共爬取 64 个作品
