2024-11-25 19:41:07,085 - f2 - INFO - 应用：douyin
2024-11-25 19:41:07,094 - f2 - INFO - 模式：post
2024-11-25 19:41:07,095 - f2 - INFO - 主配置路径：D:\code\py-project\f2\f2\conf\app.yaml
2024-11-25 19:41:07,096 - f2 - INFO - 自定义配置路径：D:\code\py-project\f2\f2\conf\app.yaml
2024-11-25 19:41:08,102 - f2 - INFO - 开始爬取用户：MS4wLjABAAAAQRNQx7KfzmjfhOFn8HO5Pgnvj2Ww6DbFDM6CwGtboMPkLVtScEU2RLVW-OQYdiHp 发布的作品
2024-11-25 19:41:08,103 - f2 - INFO - 开始爬取第 0 页
2024-11-25 19:41:27,806 - f2 - INFO - 等待 10 秒后继续
2024-11-25 19:41:37,821 - f2 - INFO - 开始爬取第 1730343600000 页
2024-11-25 19:41:41,080 - f2 - INFO - 等待 10 秒后继续
2024-11-25 19:41:51,096 - f2 - INFO - 开始爬取第 1727924400000 页
2024-11-25 19:41:54,424 - f2 - INFO - 等待 10 秒后继续
2024-11-25 19:42:04,430 - f2 - INFO - 开始爬取第 1725850800000 页
2024-11-25 19:42:07,764 - f2 - INFO - 等待 10 秒后继续
2024-11-25 19:42:17,776 - f2 - INFO - 开始爬取第 1723172400000 页
2024-11-25 19:42:21,252 - f2 - INFO - 等待 10 秒后继续
2024-11-25 19:42:31,254 - f2 - INFO - 开始爬取第 1720839600000 页
2024-11-25 19:42:34,578 - f2 - INFO - 等待 10 秒后继续
2024-11-25 19:42:44,584 - f2 - INFO - 开始爬取第 1718334000000 页
2024-11-25 19:42:47,647 - f2 - INFO - 等待 10 秒后继续
2024-11-25 19:42:57,660 - f2 - INFO - 开始爬取第 1716433200000 页
2024-11-25 19:43:01,097 - f2 - INFO - 等待 10 秒后继续
2024-11-25 19:43:11,100 - f2 - INFO - 开始爬取第 1714618800000 页
2024-11-25 19:43:14,422 - f2 - INFO - 等待 10 秒后继续
2024-11-25 19:43:24,431 - f2 - INFO - 开始爬取第 1712545200000 页
2024-11-25 19:43:28,243 - f2 - INFO - 等待 10 秒后继续
2024-11-25 19:43:38,250 - f2 - INFO - 开始爬取第 1710558000000 页
2024-11-25 19:43:42,125 - f2 - INFO - 等待 10 秒后继续
2024-11-25 19:43:52,130 - f2 - INFO - 开始爬取第 1708830000000 页
2024-11-25 19:43:56,303 - f2 - INFO - 等待 10 秒后继续
2024-11-25 19:44:06,306 - f2 - INFO - 开始爬取第 1707015600000 页
2024-11-25 19:44:10,512 - f2 - INFO - 等待 10 秒后继续
2024-11-25 19:44:20,530 - f2 - INFO - 开始爬取第 1705982400000 页
2024-11-25 19:44:24,604 - f2 - INFO - 等待 10 秒后继续
2024-11-25 19:44:34,607 - f2 - INFO - 开始爬取第 1705017600000 页
2024-11-25 19:44:38,656 - f2 - INFO - 等待 10 秒后继续
2024-11-25 19:44:48,666 - f2 - INFO - 开始爬取第 1703908800000 页
2024-11-25 19:44:52,562 - f2 - INFO - 等待 10 秒后继续
2024-11-25 19:45:02,571 - f2 - INFO - 开始爬取第 1702684800000 页
2024-11-25 19:45:06,840 - f2 - INFO - 等待 10 秒后继续
2024-11-25 19:45:16,862 - f2 - INFO - 开始爬取第 1701921600000 页
2024-11-25 19:45:21,659 - f2 - INFO - 等待 10 秒后继续
2024-11-25 19:45:31,681 - f2 - INFO - 开始爬取第 1700712000000 页
2024-11-25 19:45:36,406 - f2 - INFO - 等待 10 秒后继续
2024-11-25 19:45:46,411 - f2 - INFO - 开始爬取第 1698811200000 页
2024-11-25 19:45:51,500 - f2 - INFO - 等待 10 秒后继续
2024-11-25 19:46:01,514 - f2 - INFO - 开始爬取第 1696824000000 页
2024-11-25 19:46:06,052 - f2 - INFO - 等待 10 秒后继续
2024-11-25 19:46:16,054 - f2 - INFO - 开始爬取第 1694417394000 页
2024-11-25 19:46:20,962 - f2 - INFO - 等待 10 秒后继续
2024-11-25 19:46:30,991 - f2 - INFO - 开始爬取第 1692417600000 页
2024-11-25 19:46:35,720 - f2 - INFO - 等待 10 秒后继续
2024-11-25 19:46:45,736 - f2 - INFO - 开始爬取第 1691452800000 页
2024-11-25 19:46:50,097 - f2 - INFO - 等待 10 秒后继续
2024-11-25 19:47:00,111 - f2 - INFO - 开始爬取第 1689048000000 页
2024-11-25 19:47:05,272 - f2 - INFO - 等待 10 秒后继续
2024-11-25 19:47:15,277 - f2 - INFO - 开始爬取第 1687492800000 页
2024-11-25 19:47:20,197 - f2 - INFO - 等待 10 秒后继续
2024-11-25 19:47:30,208 - f2 - INFO - 开始爬取第 1685678400000 页
2024-11-25 19:47:35,382 - f2 - INFO - 等待 10 秒后继续
2024-11-25 19:47:45,390 - f2 - INFO - 开始爬取第 1683864000000 页
2024-11-25 19:47:50,155 - f2 - INFO - 等待 10 秒后继续
2024-11-25 19:48:00,165 - f2 - INFO - 开始爬取第 1682136000000 页
2024-11-25 19:48:05,463 - f2 - INFO - 等待 10 秒后继续
2024-11-25 19:48:15,465 - f2 - INFO - 开始爬取第 1680998400000 页
2024-11-25 19:48:20,785 - f2 - INFO - 等待 10 秒后继续
2024-11-25 19:48:30,810 - f2 - INFO - 开始爬取第 1680148800000 页
2024-11-25 19:48:36,407 - f2 - INFO - 等待 10 秒后继续
2024-11-25 19:48:46,450 - f2 - INFO - 开始爬取第 1679284800000 页
2024-11-25 19:48:52,368 - f2 - INFO - 等待 10 秒后继续
2024-11-25 19:49:02,371 - f2 - INFO - 开始爬取第 1678852800000 页
2024-11-25 19:49:07,373 - f2 - INFO - 等待 10 秒后继续
2024-11-25 19:49:17,381 - f2 - INFO - 开始爬取第 1678442400000 页
2024-11-25 19:49:23,385 - f2 - INFO - 等待 10 秒后继续
2024-11-25 19:49:33,387 - f2 - INFO - 开始爬取第 1677988800000 页
2024-11-25 19:49:38,932 - f2 - INFO - 等待 10 秒后继续
2024-11-25 19:49:48,946 - f2 - INFO - 开始爬取第 1677542400000 页
2024-11-25 19:49:54,643 - f2 - INFO - 等待 10 秒后继续
2024-11-25 19:50:04,667 - f2 - INFO - 开始爬取第 1677110400000 页
2024-11-25 19:50:10,870 - f2 - INFO - 等待 10 秒后继续
2024-11-25 19:50:20,872 - f2 - INFO - 开始爬取第 1676721600000 页
2024-11-25 19:50:27,064 - f2 - INFO - 等待 10 秒后继续
2024-11-25 19:50:37,084 - f2 - INFO - 开始爬取第 1676073600000 页
2024-11-25 19:50:42,875 - f2 - INFO - 等待 10 秒后继续
2024-11-25 19:50:52,886 - f2 - INFO - 开始爬取第 1674532800000 页
2024-11-25 19:50:58,893 - f2 - INFO - 等待 10 秒后继续
2024-11-25 19:51:08,922 - f2 - INFO - 开始爬取第 1672632000000 页
2024-11-25 19:51:14,700 - f2 - INFO - 等待 10 秒后继续
2024-11-25 19:51:24,710 - f2 - INFO - 开始爬取第 1671249600000 页
2024-11-25 19:51:30,226 - f2 - INFO - 等待 10 秒后继续
2024-11-25 19:51:40,238 - f2 - INFO - 开始爬取第 1665979080000 页
2024-11-25 19:51:43,188 - f2 - INFO - 等待 10 秒后继续
2024-11-25 19:51:53,188 - f2 - INFO - 开始爬取第 1665474395000 页
2024-11-25 19:51:53,497 - f2 - INFO - 第 1665474395000 页没有找到作品
2024-11-25 19:51:53,501 - f2 - INFO - 用户: MS4wLjABAAAAQRNQx7KfzmjfhOFn8HO5Pgnvj2Ww6DbFDM6CwGtboMPkLVtScEU2RLVW-OQYdiHp 所有作品采集完毕
2024-11-25 19:51:53,502 - f2 - INFO - 爬取结束，共爬取 821 个作品
