2024-12-12 13:25:06,382 - f2 - INFO - 应用：douyin
2024-12-12 13:25:06,391 - f2 - INFO - 模式：post
2024-12-12 13:25:06,392 - f2 - INFO - 主配置路径：D:\code\py-project\f2\f2\conf\app.yaml
2024-12-12 13:25:06,393 - f2 - INFO - 自定义配置路径：D:\code\py-project\f2\f2\conf\app.yaml
2024-12-12 13:25:07,468 - f2 - INFO - 开始爬取用户：MS4wLjABAAAA9KcmGhis4sBwy6Cle-R1N1mcKkmj4Om7n91l8FjEIqU 发布的作品
2024-12-12 13:25:07,469 - f2 - INFO - 开始爬取第 0 页
2024-12-12 13:25:14,192 - f2 - INFO - 等待 10 秒后继续
2024-12-12 13:25:24,201 - f2 - INFO - 开始爬取第 1732321806000 页
2024-12-12 13:25:25,969 - f2 - INFO - 等待 10 秒后继续
2024-12-12 13:25:35,975 - f2 - INFO - 开始爬取第 1730591953000 页
2024-12-12 13:25:37,879 - f2 - INFO - 等待 10 秒后继续
2024-12-12 13:25:47,887 - f2 - INFO - 开始爬取第 1728775274000 页
2024-12-12 13:25:49,822 - f2 - INFO - 等待 10 秒后继续
2024-12-12 13:25:59,838 - f2 - INFO - 开始爬取第 1726917082000 页
2024-12-12 13:26:01,310 - f2 - INFO - 等待 10 秒后继续
2024-12-12 13:26:11,322 - f2 - INFO - 开始爬取第 1725242613000 页
2024-12-12 13:26:12,999 - f2 - INFO - 等待 10 秒后继续
2024-12-12 13:26:23,003 - f2 - INFO - 开始爬取第 1723592980000 页
2024-12-12 13:26:24,852 - f2 - INFO - 等待 10 秒后继续
2024-12-12 13:26:34,855 - f2 - INFO - 开始爬取第 1721901505000 页
2024-12-12 13:26:37,413 - f2 - INFO - 等待 10 秒后继续
2024-12-12 13:26:47,414 - f2 - INFO - 开始爬取第 1720150200000 页
2024-12-12 13:26:50,383 - f2 - INFO - 等待 10 秒后继续
2024-12-12 13:27:00,386 - f2 - INFO - 开始爬取第 1718422200000 页
2024-12-12 13:27:02,743 - f2 - INFO - 等待 10 秒后继续
2024-12-12 13:27:12,755 - f2 - INFO - 开始爬取第 1716547084000 页
2024-12-12 13:27:14,696 - f2 - INFO - 等待 10 秒后继续
2024-12-12 13:27:24,713 - f2 - INFO - 开始爬取第 1714780800000 页
2024-12-12 13:27:26,332 - f2 - INFO - 等待 10 秒后继续
2024-12-12 13:27:36,339 - f2 - INFO - 开始爬取第 1712966452000 页
2024-12-12 13:27:38,164 - f2 - INFO - 等待 10 秒后继续
2024-12-12 13:27:48,169 - f2 - INFO - 开始爬取第 1711251934000 页
2024-12-12 13:27:50,557 - f2 - INFO - 等待 10 秒后继续
2024-12-12 13:28:00,569 - f2 - INFO - 开始爬取第 1709683530000 页
2024-12-12 13:28:03,371 - f2 - INFO - 等待 10 秒后继续
2024-12-12 13:28:13,376 - f2 - INFO - 开始爬取第 1708041600000 页
2024-12-12 13:28:15,730 - f2 - INFO - 等待 10 秒后继续
2024-12-12 13:28:25,736 - f2 - INFO - 开始爬取第 1706314020000 页
2024-12-12 13:28:27,894 - f2 - INFO - 等待 10 秒后继续
2024-12-12 13:28:37,906 - f2 - INFO - 开始爬取第 1704499474000 页
2024-12-12 13:28:40,041 - f2 - INFO - 等待 10 秒后继续
2024-12-12 13:28:50,044 - f2 - INFO - 开始爬取第 1702857978000 页
2024-12-12 13:28:51,143 - f2 - INFO - 等待 10 秒后继续
2024-12-12 13:29:01,167 - f2 - INFO - 开始爬取第 1701216525000 页
2024-12-12 13:29:02,784 - f2 - INFO - 等待 10 秒后继续
2024-12-12 13:29:12,798 - f2 - INFO - 开始爬取第 1699748482000 页
2024-12-12 13:29:14,225 - f2 - INFO - 等待 10 秒后继续
2024-12-12 13:29:24,231 - f2 - INFO - 开始爬取第 1698105616000 页
2024-12-12 13:29:26,264 - f2 - INFO - 等待 10 秒后继续
2024-12-12 13:29:36,277 - f2 - INFO - 开始爬取第 1696549800000 页
2024-12-12 13:29:38,116 - f2 - INFO - 等待 10 秒后继续
2024-12-12 13:29:48,119 - f2 - INFO - 开始爬取第 1694650053000 页
2024-12-12 13:29:49,480 - f2 - INFO - 等待 10 秒后继续
2024-12-12 13:29:59,486 - f2 - INFO - 开始爬取第 1693267570000 页
2024-12-12 13:30:01,520 - f2 - INFO - 等待 10 秒后继续
2024-12-12 13:30:11,529 - f2 - INFO - 开始爬取第 1691539957000 页
2024-12-12 13:30:13,716 - f2 - INFO - 等待 10 秒后继续
2024-12-12 13:30:23,727 - f2 - INFO - 开始爬取第 1689898338000 页
2024-12-12 13:30:25,664 - f2 - INFO - 等待 10 秒后继续
2024-12-12 13:30:35,671 - f2 - INFO - 开始爬取第 1688258279000 页
2024-12-12 13:30:37,288 - f2 - INFO - 等待 10 秒后继续
2024-12-12 13:30:47,289 - f2 - INFO - 开始爬取第 1686528355000 页
2024-12-12 13:30:48,989 - f2 - INFO - 等待 10 秒后继续
2024-12-12 13:30:59,003 - f2 - INFO - 开始爬取第 1685232364000 页
2024-12-12 13:31:00,567 - f2 - INFO - 等待 10 秒后继续
2024-12-12 13:31:10,575 - f2 - INFO - 开始爬取第 1683590767000 页
2024-12-12 13:31:12,977 - f2 - INFO - 等待 10 秒后继续
2024-12-12 13:31:22,990 - f2 - INFO - 开始爬取第 1681862810000 页
2024-12-12 13:31:25,379 - f2 - INFO - 等待 10 秒后继续
2024-12-12 13:31:35,381 - f2 - INFO - 开始爬取第 1680134228000 页
2024-12-12 13:31:37,297 - f2 - INFO - 等待 10 秒后继续
2024-12-12 13:31:47,329 - f2 - INFO - 开始爬取第 1678407439000 页
2024-12-12 13:31:49,044 - f2 - INFO - 等待 10 秒后继续
2024-12-12 13:31:59,064 - f2 - INFO - 开始爬取第 1676592350000 页
2024-12-12 13:32:00,809 - f2 - INFO - 等待 10 秒后继续
2024-12-12 13:32:10,828 - f2 - INFO - 开始爬取第 1674258694000 页
2024-12-12 13:32:11,702 - f2 - INFO - 等待 10 秒后继续
2024-12-12 13:32:21,719 - f2 - INFO - 开始爬取第 1672534689000 页
2024-12-12 13:32:22,824 - f2 - INFO - 等待 10 秒后继续
2024-12-12 13:32:32,838 - f2 - INFO - 开始爬取第 1670371200000 页
2024-12-12 13:32:33,834 - f2 - INFO - 等待 10 秒后继续
2024-12-12 13:32:43,838 - f2 - INFO - 开始爬取第 1667952020000 页
2024-12-12 13:32:44,656 - f2 - INFO - 等待 10 秒后继续
2024-12-12 13:32:54,660 - f2 - INFO - 开始爬取第 1666137985000 页
2024-12-12 13:32:55,350 - f2 - INFO - 等待 10 秒后继续
2024-12-12 13:33:05,378 - f2 - INFO - 开始爬取第 1664409753000 页
2024-12-12 13:33:06,375 - f2 - INFO - 等待 10 秒后继续
2024-12-12 13:33:16,390 - f2 - INFO - 开始爬取第 1662509171000 页
2024-12-12 13:33:17,986 - f2 - INFO - 等待 10 秒后继续
2024-12-12 13:33:27,997 - f2 - INFO - 开始爬取第 1660813256000 页
2024-12-12 13:33:29,287 - f2 - INFO - 等待 10 秒后继续
2024-12-12 13:33:39,299 - f2 - INFO - 开始爬取第 1658876627000 页
2024-12-12 13:33:40,713 - f2 - INFO - 等待 10 秒后继续
2024-12-12 13:33:50,718 - f2 - INFO - 开始爬取第 1657238508000 页
2024-12-12 13:33:52,859 - f2 - INFO - 等待 10 秒后继续
2024-12-12 13:34:02,862 - f2 - INFO - 开始爬取第 1655424466000 页
2024-12-12 13:34:03,710 - f2 - INFO - 等待 10 秒后继续
2024-12-12 13:34:13,722 - f2 - INFO - 开始爬取第 1653696732000 页
2024-12-12 13:34:15,015 - f2 - INFO - 等待 10 秒后继续
2024-12-12 13:34:25,025 - f2 - INFO - 开始爬取第 1651970257000 页
2024-12-12 13:34:26,865 - f2 - INFO - 等待 10 秒后继续
2024-12-12 13:34:36,867 - f2 - INFO - 开始爬取第 1650241003000 页
2024-12-12 13:34:38,279 - f2 - INFO - 等待 10 秒后继续
2024-12-12 13:34:48,290 - f2 - INFO - 开始爬取第 1648426289000 页
2024-12-12 13:34:49,737 - f2 - INFO - 等待 10 秒后继续
2024-12-12 13:34:59,748 - f2 - INFO - 开始爬取第 1646439081000 页
2024-12-12 13:35:01,433 - f2 - INFO - 等待 10 秒后继续
2024-12-12 13:35:11,445 - f2 - INFO - 开始爬取第 1644707437000 页
2024-12-12 13:35:13,388 - f2 - INFO - 等待 10 秒后继续
2024-12-12 13:35:23,391 - f2 - INFO - 开始爬取第 1642897922000 页
2024-12-12 13:35:25,208 - f2 - INFO - 等待 10 秒后继续
2024-12-12 13:35:35,216 - f2 - INFO - 开始爬取第 1640996694000 页
2024-12-12 13:35:36,087 - f2 - INFO - 等待 10 秒后继续
2024-12-12 13:35:46,103 - f2 - INFO - 开始爬取第 1639267217000 页
2024-12-12 13:35:46,762 - f2 - INFO - 等待 10 秒后继续
2024-12-12 13:35:56,767 - f2 - INFO - 开始爬取第 1637540329000 页
2024-12-12 13:35:57,680 - f2 - INFO - 等待 10 秒后继续
2024-12-12 13:36:07,683 - f2 - INFO - 开始爬取第 1635812242000 页
2024-12-12 13:36:09,335 - f2 - INFO - 等待 10 秒后继续
2024-12-12 13:36:19,353 - f2 - INFO - 开始爬取第 1634083333000 页
2024-12-12 13:36:21,058 - f2 - INFO - 等待 10 秒后继续
2024-12-12 13:36:31,061 - f2 - INFO - 开始爬取第 1632183356000 页
2024-12-12 13:36:32,761 - f2 - INFO - 等待 10 秒后继续
2024-12-12 13:36:42,782 - f2 - INFO - 开始爬取第 1630282672000 页
2024-12-12 13:36:45,351 - f2 - INFO - 等待 10 秒后继续
2024-12-12 13:36:55,366 - f2 - INFO - 开始爬取第 1628727333000 页
2024-12-12 13:36:57,882 - f2 - INFO - 等待 10 秒后继续
2024-12-12 13:37:07,890 - f2 - INFO - 开始爬取第 1626566400000 页
2024-12-12 13:37:09,771 - f2 - INFO - 等待 10 秒后继续
2024-12-12 13:37:19,773 - f2 - INFO - 开始爬取第 1624666573000 页
2024-12-12 13:37:22,019 - f2 - INFO - 等待 10 秒后继续
2024-12-12 13:37:32,026 - f2 - INFO - 开始爬取第 1622937661000 页
2024-12-12 13:37:35,194 - f2 - INFO - 等待 10 秒后继续
2024-12-12 13:37:45,197 - f2 - INFO - 开始爬取第 1621210274000 页
2024-12-12 13:37:47,581 - f2 - INFO - 等待 10 秒后继续
2024-12-12 13:37:57,582 - f2 - INFO - 开始爬取第 1619581158000 页
2024-12-12 13:37:58,406 - f2 - INFO - 等待 10 秒后继续
2024-12-12 13:38:08,418 - f2 - INFO - 开始爬取第 1617938280000 页
2024-12-12 13:38:08,825 - f2 - INFO - 第 1617938280000 页没有找到作品
2024-12-12 13:38:08,833 - f2 - INFO - 开始爬取第 1616212037000 页
2024-12-12 13:38:09,472 - f2 - INFO - 等待 10 秒后继续
2024-12-12 13:38:19,487 - f2 - INFO - 开始爬取第 1614595254000 页
2024-12-12 13:38:19,877 - f2 - INFO - 第 1614595254000 页没有找到作品
2024-12-12 13:38:19,885 - f2 - INFO - 开始爬取第 1613017108000 页
2024-12-12 13:38:20,374 - f2 - INFO - 第 1613017108000 页没有找到作品
2024-12-12 13:38:20,383 - f2 - INFO - 开始爬取第 1611656343000 页
2024-12-12 13:38:20,991 - f2 - INFO - 等待 10 秒后继续
2024-12-12 13:38:31,005 - f2 - INFO - 开始爬取第 1610540921000 页
2024-12-12 13:38:31,422 - f2 - INFO - 第 1610540921000 页没有找到作品
2024-12-12 13:38:31,430 - f2 - INFO - 开始爬取第 1609240029000 页
2024-12-12 13:38:31,903 - f2 - INFO - 第 1609240029000 页没有找到作品
2024-12-12 13:38:31,912 - f2 - INFO - 开始爬取第 1607828696000 页
2024-12-12 13:38:32,320 - f2 - INFO - 第 1607828696000 页没有找到作品
2024-12-12 13:38:32,328 - f2 - INFO - 开始爬取第 1606565761000 页
2024-12-12 13:38:32,749 - f2 - INFO - 第 1606565761000 页没有找到作品
2024-12-12 13:38:32,758 - f2 - INFO - 开始爬取第 1605265480000 页
2024-12-12 13:38:33,394 - f2 - INFO - 等待 10 秒后继续
2024-12-12 13:38:43,395 - f2 - INFO - 开始爬取第 1603768182000 页
2024-12-12 13:38:44,074 - f2 - INFO - 等待 10 秒后继续
2024-12-12 13:38:54,090 - f2 - INFO - 开始爬取第 1602212449000 页
2024-12-12 13:38:54,548 - f2 - INFO - 第 1602212449000 页没有找到作品
2024-12-12 13:38:54,557 - f2 - INFO - 开始爬取第 1600688036000 页
2024-12-12 13:38:54,993 - f2 - INFO - 第 1600688036000 页没有找到作品
2024-12-12 13:38:55,002 - f2 - INFO - 开始爬取第 1599102587000 页
2024-12-12 13:38:55,418 - f2 - INFO - 第 1599102587000 页没有找到作品
2024-12-12 13:38:55,426 - f2 - INFO - 开始爬取第 1597806102000 页
2024-12-12 13:38:55,925 - f2 - INFO - 第 1597806102000 页没有找到作品
2024-12-12 13:38:55,934 - f2 - INFO - 开始爬取第 1596423714000 页
2024-12-12 13:38:56,732 - f2 - INFO - 等待 10 秒后继续
2024-12-12 13:39:06,736 - f2 - INFO - 开始爬取第 1595063948000 页
2024-12-12 13:39:07,737 - f2 - ERROR - HTTP状态错误: https://v3-web.douyinvod.com/3d932ce85d29a1ddaf79e4b4b43cb178/675aa143/video/tos/cn/tos-cn-ve-15/111d00cb12e34b6988c4bb7f8f5fbb28/?a=6383&ch=10010&cr=3&dr=0&lr=all&cd=0%7C0%7C0%7C3&cv=1&br=2143&bt=2143&cs=0&ds=6&ft=AJkeU_TERR0sTlC42NW2Nc0iPMgzbLvnPj1U_4GIOf_2Nv7TGW&mime_type=video_mp4&qs=0&rc=aDc3aDw6O2lpMzo5OmczOEBpamlsamd1PDtkdTMzNGkzM0A1LWJgLTQxNi0xLi4uYDI0YSNqNG9jNGktNXNfLS0vLS9zcw%3D%3D&btag=c0000e00010000&cquery=101r_100B_100x_102u_100o&dy_q=1733981946&l=202412121339050A1DA045ED1A9659971D, 状态码: 404
2024-12-12 13:39:07,740 - f2 - WARNING - 链接 https://v3-web.douyinvod.com/3d932ce85d29a1ddaf79e4b4b43cb178/675aa143/video/tos/cn/tos-cn-ve-15/111d00cb12e34b6988c4bb7f8f5fbb28/?a=6383&ch=10010&cr=3&dr=0&lr=all&cd=0%7C0%7C0%7C3&cv=1&br=2143&bt=2143&cs=0&ds=6&ft=AJkeU_TERR0sTlC42NW2Nc0iPMgzbLvnPj1U_4GIOf_2Nv7TGW&mime_type=video_mp4&qs=0&rc=aDc3aDw6O2lpMzo5OmczOEBpamlsamd1PDtkdTMzNGkzM0A1LWJgLTQxNi0xLi4uYDI0YSNqNG9jNGktNXNfLS0vLS9zcw%3D%3D&btag=c0000e00010000&cquery=101r_100B_100x_102u_100o&dy_q=1733981946&l=202412121339050A1DA045ED1A9659971D 内容长度为0，尝试下一个链接是否可用
2024-12-12 13:39:07,920 - f2 - ERROR - HTTP状态错误: https://v26-web.douyinvod.com/5cf06ba1ad71f07e917ce9e2b5a451a8/675aa143/video/tos/cn/tos-cn-ve-15/111d00cb12e34b6988c4bb7f8f5fbb28/?a=6383&ch=10010&cr=3&dr=0&lr=all&cd=0%7C0%7C0%7C3&cv=1&br=2143&bt=2143&cs=0&ds=6&ft=AJkeU_TERR0sTlC42NW2Nc0iPMgzbLvnPj1U_4GIOf_2Nv7TGW&mime_type=video_mp4&qs=0&rc=aDc3aDw6O2lpMzo5OmczOEBpamlsamd1PDtkdTMzNGkzM0A1LWJgLTQxNi0xLi4uYDI0YSNqNG9jNGktNXNfLS0vLS9zcw%3D%3D&btag=c0000e00010000&cquery=100x_102u_100o_101r_100B&dy_q=1733981946&l=202412121339050A1DA045ED1A9659971D, 状态码: 404
2024-12-12 13:39:07,923 - f2 - WARNING - 链接 https://v26-web.douyinvod.com/5cf06ba1ad71f07e917ce9e2b5a451a8/675aa143/video/tos/cn/tos-cn-ve-15/111d00cb12e34b6988c4bb7f8f5fbb28/?a=6383&ch=10010&cr=3&dr=0&lr=all&cd=0%7C0%7C0%7C3&cv=1&br=2143&bt=2143&cs=0&ds=6&ft=AJkeU_TERR0sTlC42NW2Nc0iPMgzbLvnPj1U_4GIOf_2Nv7TGW&mime_type=video_mp4&qs=0&rc=aDc3aDw6O2lpMzo5OmczOEBpamlsamd1PDtkdTMzNGkzM0A1LWJgLTQxNi0xLi4uYDI0YSNqNG9jNGktNXNfLS0vLS9zcw%3D%3D&btag=c0000e00010000&cquery=100x_102u_100o_101r_100B&dy_q=1733981946&l=202412121339050A1DA045ED1A9659971D 内容长度为0，尝试下一个链接是否可用
2024-12-12 13:39:08,410 - f2 - ERROR - HTTP状态错误: https://www.douyin.com/aweme/v1/play/?video_id=v0200f210000brva8809lr7dfgri7fmg&line=0&file_id=7550cd171617400f9f487709cee4048e&sign=c9b424b989a9096fabbc97c5907febef&is_play_url=1&source=PackSourceEnum_PUBLISH, 状态码: 404
2024-12-12 13:39:08,412 - f2 - WARNING - 链接 https://www.douyin.com/aweme/v1/play/?video_id=v0200f210000brva8809lr7dfgri7fmg&line=0&file_id=7550cd171617400f9f487709cee4048e&sign=c9b424b989a9096fabbc97c5907febef&is_play_url=1&source=PackSourceEnum_PUBLISH 内容长度为0，尝试下一个链接是否可用
2024-12-12 13:39:08,413 - f2 - WARNING - 所有链接都无法下载
2024-12-12 13:39:08,439 - f2 - INFO - 等待 10 秒后继续
2024-12-12 13:39:18,453 - f2 - INFO - 开始爬取第 1593682127000 页
2024-12-12 13:39:18,862 - f2 - INFO - 第 1593682127000 页没有找到作品
2024-12-12 13:39:18,871 - f2 - INFO - 开始爬取第 1592104328000 页
2024-12-12 13:39:19,292 - f2 - INFO - 第 1592104328000 页没有找到作品
2024-12-12 13:39:19,300 - f2 - INFO - 开始爬取第 1589880852000 页
2024-12-12 13:39:19,712 - f2 - INFO - 第 1589880852000 页没有找到作品
2024-12-12 13:39:19,723 - f2 - INFO - 开始爬取第 1588131607000 页
2024-12-12 13:39:20,030 - f2 - INFO - 第 1588131607000 页没有找到作品
2024-12-12 13:39:20,036 - f2 - INFO - 用户: MS4wLjABAAAA9KcmGhis4sBwy6Cle-R1N1mcKkmj4Om7n91l8FjEIqU 所有作品采集完毕
2024-12-12 13:39:20,037 - f2 - INFO - 爬取结束，共爬取 500 个作品
