2024-11-25 19:18:34,447 - f2 - INFO - 应用：douyin
2024-11-25 19:18:34,456 - f2 - INFO - 模式：post
2024-11-25 19:18:34,457 - f2 - INFO - 主配置路径：D:\code\py-project\f2\f2\conf\app.yaml
2024-11-25 19:18:34,457 - f2 - INFO - 自定义配置路径：D:\code\py-project\f2\f2\conf\app.yaml
2024-11-25 19:18:35,586 - f2 - INFO - 开始爬取用户：MS4wLjABAAAA8jyvEPbbmpxG1S3e_AQjCpibxpuk5WKOpm1-9I9WT1Y 发布的作品
2024-11-25 19:18:35,587 - f2 - INFO - 开始爬取第 0 页
2024-11-25 19:18:42,067 - f2 - INFO - 等待 10 秒后继续
2024-11-25 19:18:52,077 - f2 - INFO - 开始爬取第 1731591282000 页
2024-11-25 19:18:54,771 - f2 - INFO - 等待 10 秒后继续
2024-11-25 19:19:04,783 - f2 - INFO - 开始爬取第 1731056744000 页
2024-11-25 19:19:07,857 - f2 - INFO - 等待 10 秒后继续
2024-11-25 19:19:17,858 - f2 - INFO - 开始爬取第 1730619386000 页
2024-11-25 19:19:20,918 - f2 - INFO - 等待 10 秒后继续
2024-11-25 19:19:30,933 - f2 - INFO - 开始爬取第 1730120080000 页
2024-11-25 19:19:34,075 - f2 - INFO - 等待 10 秒后继续
2024-11-25 19:19:44,080 - f2 - INFO - 开始爬取第 1729523852000 页
2024-11-25 19:19:47,007 - f2 - INFO - 等待 10 秒后继续
2024-11-25 19:19:57,021 - f2 - INFO - 开始爬取第 1728989275000 页
2024-11-25 19:20:00,463 - f2 - INFO - 等待 10 秒后继续
2024-11-25 19:20:10,465 - f2 - INFO - 开始爬取第 1728296763000 页
2024-11-25 19:20:13,956 - f2 - INFO - 等待 10 秒后继续
2024-11-25 19:20:23,965 - f2 - INFO - 开始爬取第 1727431549000 页
2024-11-25 19:20:27,489 - f2 - INFO - 等待 10 秒后继续
2024-11-25 19:20:37,507 - f2 - INFO - 开始爬取第 1726677639000 页
2024-11-25 19:20:41,121 - f2 - INFO - 等待 10 秒后继续
2024-11-25 19:20:51,125 - f2 - INFO - 开始爬取第 1726061052000 页
2024-11-25 19:20:54,696 - f2 - INFO - 等待 10 秒后继续
2024-11-25 19:21:04,722 - f2 - INFO - 开始爬取第 1725008058000 页
2024-11-25 19:21:06,830 - f2 - INFO - 等待 10 秒后继续
2024-11-25 19:21:16,841 - f2 - INFO - 开始爬取第 1724162620000 页
2024-11-25 19:21:20,064 - f2 - INFO - 等待 10 秒后继续
2024-11-25 19:21:30,080 - f2 - INFO - 开始爬取第 1723102915000 页
2024-11-25 19:21:31,882 - f2 - INFO - 等待 10 秒后继续
2024-11-25 19:21:41,885 - f2 - INFO - 开始爬取第 1574696218000 页
2024-11-25 19:21:42,235 - f2 - INFO - 第 1574696218000 页没有找到作品
2024-11-25 19:21:42,240 - f2 - INFO - 用户: MS4wLjABAAAA8jyvEPbbmpxG1S3e_AQjCpibxpuk5WKOpm1-9I9WT1Y 所有作品采集完毕
2024-11-25 19:21:42,241 - f2 - INFO - 爬取结束，共爬取 231 个作品
