2024-12-01 22:55:50,718 - f2 - INFO - 应用：douyin
2024-12-01 22:55:50,727 - f2 - INFO - 模式：post
2024-12-01 22:55:50,728 - f2 - INFO - 主配置路径：D:\code\py-project\f2\f2\conf\app.yaml
2024-12-01 22:55:50,729 - f2 - INFO - 自定义配置路径：D:\code\py-project\f2\f2\conf\app.yaml
2024-12-01 22:55:51,731 - f2 - INFO - 开始爬取用户：MS4wLjABAAAAJYD_ePMvob3dkicwzJMj01NF_yFG-QZnQOdSS9Edh3ozS-nbP4XFA1LcdhvhGMt4 发布的作品
2024-12-01 22:55:51,732 - f2 - INFO - 开始爬取第 0 页
2024-12-01 22:56:22,060 - f2 - INFO - 等待 10 秒后继续
2024-12-01 22:56:32,070 - f2 - INFO - 开始爬取第 1731381231000 页
2024-12-01 22:56:35,140 - f2 - INFO - 等待 10 秒后继续
2024-12-01 22:56:45,148 - f2 - INFO - 开始爬取第 1729687658000 页
2024-12-01 22:56:48,465 - f2 - INFO - 等待 10 秒后继续
2024-12-01 22:56:58,471 - f2 - INFO - 开始爬取第 1727930537000 页
2024-12-01 22:57:01,919 - f2 - INFO - 等待 10 秒后继续
2024-12-01 22:57:11,921 - f2 - INFO - 开始爬取第 1726220495000 页
2024-12-01 22:57:15,060 - f2 - INFO - 等待 10 秒后继续
2024-12-01 22:57:25,075 - f2 - INFO - 开始爬取第 1724468823000 页
2024-12-01 22:57:28,075 - f2 - INFO - 等待 10 秒后继续
2024-12-01 22:57:38,084 - f2 - INFO - 开始爬取第 1722486197000 页
2024-12-01 22:57:41,479 - f2 - INFO - 等待 10 秒后继续
2024-12-01 22:57:51,494 - f2 - INFO - 开始爬取第 1720793529000 页
2024-12-01 22:57:54,790 - f2 - INFO - 等待 10 秒后继续
2024-12-01 22:58:04,806 - f2 - INFO - 开始爬取第 1719122630000 页
2024-12-01 22:58:08,381 - f2 - INFO - 等待 10 秒后继续
2024-12-01 22:58:18,389 - f2 - INFO - 开始爬取第 1717386793000 页
2024-12-01 22:58:22,014 - f2 - INFO - 等待 10 秒后继续
2024-12-01 22:58:32,040 - f2 - INFO - 开始爬取第 1715653366000 页
2024-12-01 22:58:35,633 - f2 - INFO - 等待 10 秒后继续
2024-12-01 22:58:45,649 - f2 - INFO - 开始爬取第 1714124287000 页
2024-12-01 22:58:49,280 - f2 - INFO - 等待 10 秒后继续
2024-12-01 22:58:59,288 - f2 - INFO - 开始爬取第 1712832091000 页
2024-12-01 22:59:03,252 - f2 - INFO - 等待 10 秒后继续
2024-12-01 22:59:13,258 - f2 - INFO - 开始爬取第 1710582821000 页
2024-12-01 22:59:16,171 - f2 - INFO - 等待 10 秒后继续
2024-12-01 22:59:26,185 - f2 - INFO - 开始爬取第 1704368622000 页
2024-12-01 22:59:26,373 - f2 - INFO - 第 1704368622000 页没有找到作品
2024-12-01 22:59:26,378 - f2 - INFO - 用户: MS4wLjABAAAAJYD_ePMvob3dkicwzJMj01NF_yFG-QZnQOdSS9Edh3ozS-nbP4XFA1LcdhvhGMt4 所有作品采集完毕
2024-12-01 22:59:26,378 - f2 - INFO - 爬取结束，共爬取 262 个作品
