2024-12-12 13:24:12,359 - f2 - INFO - 应用：douyin
2024-12-12 13:24:12,368 - f2 - INFO - 模式：post
2024-12-12 13:24:12,369 - f2 - INFO - 主配置路径：D:\code\py-project\f2\f2\conf\app.yaml
2024-12-12 13:24:12,369 - f2 - INFO - 自定义配置路径：D:\code\py-project\f2\f2\conf\app.yaml
2024-12-12 13:24:13,384 - f2 - INFO - 开始爬取用户：MS4wLjABAAAA0-aPb4VV1oxwrBGSf5pNgevVkTOv_B3aAbNNucQkPqA 发布的作品
2024-12-12 13:24:13,385 - f2 - INFO - 开始爬取第 0 页
2024-12-12 13:24:17,350 - f2 - INFO - 等待 10 秒后继续
2024-12-12 13:24:27,362 - f2 - INFO - 开始爬取第 1709045647000 页
2024-12-12 13:24:30,240 - f2 - INFO - 等待 10 秒后继续
2024-12-12 13:24:40,251 - f2 - INFO - 开始爬取第 1697798911000 页
2024-12-12 13:24:43,332 - f2 - INFO - 等待 10 秒后继续
2024-12-12 13:24:53,343 - f2 - INFO - 开始爬取第 1695514214000 页
2024-12-12 13:24:54,529 - f2 - INFO - 等待 10 秒后继续
2024-12-12 13:25:04,530 - f2 - INFO - 开始爬取第 1686654742000 页
2024-12-12 13:25:04,967 - f2 - INFO - 第 1686654742000 页没有找到作品
2024-12-12 13:25:04,975 - f2 - INFO - 开始爬取第 1674206225000 页
2024-12-12 13:25:05,426 - f2 - INFO - 第 1674206225000 页没有找到作品
2024-12-12 13:25:05,435 - f2 - INFO - 开始爬取第 1668598630000 页
2024-12-12 13:25:05,788 - f2 - INFO - 第 1668598630000 页没有找到作品
2024-12-12 13:25:05,794 - f2 - INFO - 用户: MS4wLjABAAAA0-aPb4VV1oxwrBGSf5pNgevVkTOv_B3aAbNNucQkPqA 所有作品采集完毕
2024-12-12 13:25:05,795 - f2 - INFO - 爬取结束，共爬取 64 个作品
