2024-12-01 22:46:40,853 - f2 - INFO - 应用：douyin
2024-12-01 22:46:40,862 - f2 - INFO - 模式：post
2024-12-01 22:46:40,862 - f2 - INFO - 主配置路径：D:\code\py-project\f2\f2\conf\app.yaml
2024-12-01 22:46:40,863 - f2 - INFO - 自定义配置路径：D:\code\py-project\f2\f2\conf\app.yaml
2024-12-01 22:46:41,888 - f2 - INFO - 开始爬取用户：MS4wLjABAAAAunpkE2IXyHAxm4A24G5d1Cf5141pnZy8HwNR5f2-6pI_GYBVR-Pv23uFyfMPB_9I 发布的作品
2024-12-01 22:46:41,889 - f2 - INFO - 开始爬取第 0 页
2024-12-01 22:46:59,662 - f2 - INFO - 等待 10 秒后继续
2024-12-01 22:47:09,666 - f2 - INFO - 开始爬取第 1729933200000 页
2024-12-01 22:47:12,753 - f2 - INFO - 等待 10 秒后继续
2024-12-01 22:47:22,759 - f2 - INFO - 开始爬取第 1727519460000 页
2024-12-01 22:47:25,751 - f2 - INFO - 等待 10 秒后继续
2024-12-01 22:47:35,754 - f2 - INFO - 开始爬取第 1724751300000 页
2024-12-01 22:47:38,957 - f2 - INFO - 等待 10 秒后继续
2024-12-01 22:47:48,970 - f2 - INFO - 开始爬取第 1722331801000 页
2024-12-01 22:47:52,332 - f2 - INFO - 等待 10 秒后继续
2024-12-01 22:48:02,340 - f2 - INFO - 开始爬取第 1719277955000 页
2024-12-01 22:48:05,849 - f2 - INFO - 等待 10 秒后继续
2024-12-01 22:48:15,863 - f2 - INFO - 开始爬取第 1715392784000 页
2024-12-01 22:48:19,335 - f2 - INFO - 等待 10 秒后继续
2024-12-01 22:48:29,341 - f2 - INFO - 开始爬取第 1712050224000 页
2024-12-01 22:48:32,542 - f2 - INFO - 等待 10 秒后继续
2024-12-01 22:48:42,555 - f2 - INFO - 开始爬取第 1706525692000 页
2024-12-01 22:48:46,064 - f2 - INFO - 等待 10 秒后继续
2024-12-01 22:48:56,078 - f2 - INFO - 开始爬取第 1701676458000 页
2024-12-01 22:48:59,518 - f2 - INFO - 等待 10 秒后继续
2024-12-01 22:49:09,512 - f2 - INFO - 开始爬取第 1697262129000 页
2024-12-01 22:49:13,436 - f2 - INFO - 等待 10 秒后继续
2024-12-01 22:49:23,446 - f2 - INFO - 开始爬取第 1692426797000 页
2024-12-01 22:49:27,076 - f2 - INFO - 等待 10 秒后继续
2024-12-01 22:49:37,079 - f2 - INFO - 开始爬取第 1688031039000 页
2024-12-01 22:49:40,528 - f2 - INFO - 等待 10 秒后继续
2024-12-01 22:49:50,542 - f2 - INFO - 开始爬取第 1682224262000 页
2024-12-01 22:49:53,529 - f2 - INFO - 等待 10 秒后继续
2024-12-01 22:50:03,558 - f2 - INFO - 开始爬取第 1676023254000 页
2024-12-01 22:50:05,199 - f2 - INFO - 等待 10 秒后继续
2024-12-01 22:50:15,207 - f2 - INFO - 开始爬取第 1672133402000 页
2024-12-01 22:50:16,116 - f2 - INFO - 等待 10 秒后继续
2024-12-01 22:50:26,143 - f2 - INFO - 开始爬取第 1667136686000 页
2024-12-01 22:50:26,559 - f2 - INFO - 第 1667136686000 页没有找到作品
2024-12-01 22:50:26,568 - f2 - INFO - 开始爬取第 1662717662000 页
2024-12-01 22:50:27,560 - f2 - INFO - 等待 10 秒后继续
2024-12-01 22:50:37,573 - f2 - INFO - 开始爬取第 1661048977000 页
2024-12-01 22:50:39,324 - f2 - INFO - 等待 10 秒后继续
2024-12-01 22:50:49,331 - f2 - INFO - 开始爬取第 1657359061000 页
2024-12-01 22:50:51,917 - f2 - INFO - 等待 10 秒后继续
2024-12-01 22:51:01,941 - f2 - INFO - 开始爬取第 1655117281000 页
2024-12-01 22:51:05,248 - f2 - INFO - 等待 10 秒后继续
2024-12-01 22:51:15,260 - f2 - INFO - 开始爬取第 1652523603000 页
2024-12-01 22:51:17,254 - f2 - INFO - 等待 10 秒后继续
2024-12-01 22:51:27,259 - f2 - INFO - 开始爬取第 1650090587000 页
2024-12-01 22:51:29,963 - f2 - INFO - 等待 10 秒后继续
2024-12-01 22:51:39,967 - f2 - INFO - 开始爬取第 1646914636000 页
2024-12-01 22:51:42,295 - f2 - INFO - 等待 10 秒后继续
2024-12-01 22:51:52,313 - f2 - INFO - 开始爬取第 1643024955000 页
2024-12-01 22:51:53,909 - f2 - INFO - 等待 10 秒后继续
2024-12-01 22:52:03,919 - f2 - INFO - 开始爬取第 1641482263000 页
2024-12-01 22:52:04,969 - f2 - INFO - 等待 10 秒后继续
2024-12-01 22:52:14,977 - f2 - INFO - 开始爬取第 1634729700000 页
2024-12-01 22:52:15,445 - f2 - INFO - 第 1634729700000 页没有找到作品
2024-12-01 22:52:15,453 - f2 - INFO - 开始爬取第 1630323017000 页
2024-12-01 22:52:16,538 - f2 - INFO - 等待 10 秒后继续
2024-12-01 22:52:26,560 - f2 - INFO - 开始爬取第 1621297026000 页
2024-12-01 22:52:26,961 - f2 - INFO - 第 1621297026000 页没有找到作品
2024-12-01 22:52:26,965 - f2 - INFO - 用户: MS4wLjABAAAAunpkE2IXyHAxm4A24G5d1Cf5141pnZy8HwNR5f2-6pI_GYBVR-Pv23uFyfMPB_9I 所有作品采集完毕
2024-12-01 22:52:26,966 - f2 - INFO - 爬取结束，共爬取 360 个作品
