2024-12-08 23:16:53,261 - f2 - INFO - 应用：douyin
2024-12-08 23:16:53,280 - f2 - INFO - 模式：post
2024-12-08 23:16:53,281 - f2 - INFO - 主配置路径：D:\code\py-project\f2\f2\conf\app.yaml
2024-12-08 23:16:53,282 - f2 - INFO - 自定义配置路径：D:\code\py-project\f2\f2\conf\app.yaml
2024-12-08 23:16:54,592 - f2 - INFO - 开始爬取用户：MS4wLjABAAAAunpkE2IXyHAxm4A24G5d1Cf5141pnZy8HwNR5f2-6pI_GYBVR-Pv23uFyfMPB_9I 发布的作品
2024-12-08 23:16:54,593 - f2 - INFO - 开始爬取第 0 页
2024-12-08 23:16:58,834 - f2 - INFO - 等待 10 秒后继续
2024-12-08 23:17:08,840 - f2 - INFO - 开始爬取第 1729933800000 页
2024-12-08 23:17:12,032 - f2 - INFO - 等待 10 秒后继续
2024-12-08 23:17:22,038 - f2 - INFO - 开始爬取第 1727519520000 页
2024-12-08 23:17:24,928 - f2 - INFO - 等待 10 秒后继续
2024-12-08 23:17:34,939 - f2 - INFO - 开始爬取第 1724837400000 页
2024-12-08 23:17:38,250 - f2 - INFO - 等待 10 秒后继续
2024-12-08 23:17:48,264 - f2 - INFO - 开始爬取第 1722418200000 页
2024-12-08 23:17:51,769 - f2 - INFO - 等待 10 秒后继续
2024-12-08 23:18:01,781 - f2 - INFO - 开始爬取第 1719394200000 页
2024-12-08 23:18:05,413 - f2 - INFO - 等待 10 秒后继续
2024-12-08 23:18:15,415 - f2 - INFO - 开始爬取第 1715506200000 页
2024-12-08 23:18:19,185 - f2 - INFO - 等待 10 秒后继续
2024-12-08 23:18:29,196 - f2 - INFO - 开始爬取第 1712136600000 页
2024-12-08 23:18:32,621 - f2 - INFO - 等待 10 秒后继续
2024-12-08 23:18:42,632 - f2 - INFO - 开始爬取第 1706702778000 页
2024-12-08 23:18:46,161 - f2 - INFO - 等待 10 秒后继续
2024-12-08 23:18:56,183 - f2 - INFO - 开始爬取第 1701676470000 页
2024-12-08 23:18:59,628 - f2 - INFO - 等待 10 秒后继续
2024-12-08 23:19:09,634 - f2 - INFO - 开始爬取第 1697262130000 页
2024-12-08 23:19:13,556 - f2 - INFO - 等待 10 秒后继续
2024-12-08 23:19:23,564 - f2 - INFO - 开始爬取第 1692426887000 页
2024-12-08 23:19:27,457 - f2 - INFO - 等待 10 秒后继续
2024-12-08 23:19:37,467 - f2 - INFO - 开始爬取第 1688199300000 页
2024-12-08 23:19:41,903 - f2 - INFO - 等待 10 秒后继续
2024-12-08 23:19:51,913 - f2 - INFO - 开始爬取第 1682226657000 页
2024-12-08 23:19:55,724 - f2 - INFO - 等待 10 秒后继续
2024-12-08 23:20:05,739 - f2 - INFO - 开始爬取第 1676196000000 页
2024-12-08 23:20:07,595 - f2 - INFO - 等待 10 秒后继续
2024-12-08 23:20:17,600 - f2 - INFO - 开始爬取第 1672133403000 页
2024-12-08 23:20:18,540 - f2 - INFO - 等待 10 秒后继续
2024-12-08 23:20:28,553 - f2 - INFO - 开始爬取第 1667136687000 页
2024-12-08 23:20:28,979 - f2 - INFO - 第 1667136687000 页没有找到作品
2024-12-08 23:20:28,986 - f2 - INFO - 开始爬取第 1662717663000 页
2024-12-08 23:20:29,928 - f2 - INFO - 等待 10 秒后继续
2024-12-08 23:20:39,934 - f2 - INFO - 开始爬取第 1661048978000 页
2024-12-08 23:20:41,744 - f2 - INFO - 等待 10 秒后继续
2024-12-08 23:20:51,757 - f2 - INFO - 开始爬取第 1657359062000 页
2024-12-08 23:20:54,104 - f2 - INFO - 等待 10 秒后继续
2024-12-08 23:21:04,113 - f2 - INFO - 开始爬取第 1655881200000 页
2024-12-08 23:21:07,402 - f2 - INFO - 等待 10 秒后继续
2024-12-08 23:21:17,412 - f2 - INFO - 开始爬取第 1652523604000 页
2024-12-08 23:21:19,263 - f2 - INFO - 等待 10 秒后继续
2024-12-08 23:21:29,269 - f2 - INFO - 开始爬取第 1650090588000 页
2024-12-08 23:21:31,982 - f2 - INFO - 等待 10 秒后继续
2024-12-08 23:21:41,984 - f2 - INFO - 开始爬取第 1646918038000 页
2024-12-08 23:21:44,445 - f2 - INFO - 等待 10 秒后继续
2024-12-08 23:21:54,455 - f2 - INFO - 开始爬取第 1644226934000 页
2024-12-08 23:21:55,774 - f2 - INFO - 等待 10 秒后继续
2024-12-08 23:22:05,779 - f2 - INFO - 开始爬取第 1641483829000 页
2024-12-08 23:22:07,060 - f2 - INFO - 等待 10 秒后继续
2024-12-08 23:22:17,065 - f2 - INFO - 开始爬取第 1634733000000 页
2024-12-08 23:22:17,503 - f2 - INFO - 第 1634733000000 页没有找到作品
2024-12-08 23:22:17,511 - f2 - INFO - 开始爬取第 1630323280000 页
2024-12-08 23:22:18,580 - f2 - INFO - 等待 10 秒后继续
2024-12-08 23:22:28,602 - f2 - INFO - 开始爬取第 1621297151000 页
2024-12-08 23:22:28,988 - f2 - INFO - 第 1621297151000 页没有找到作品
2024-12-08 23:22:28,992 - f2 - INFO - 用户: MS4wLjABAAAAunpkE2IXyHAxm4A24G5d1Cf5141pnZy8HwNR5f2-6pI_GYBVR-Pv23uFyfMPB_9I 所有作品采集完毕
2024-12-08 23:22:28,993 - f2 - INFO - 爬取结束，共爬取 361 个作品
