2024-12-15 16:24:46,923 - f2 - INFO - 应用：douyin
2024-12-15 16:24:46,932 - f2 - INFO - 模式：post
2024-12-15 16:24:46,933 - f2 - INFO - 主配置路径：D:\code\py-project\f2\f2\conf\app.yaml
2024-12-15 16:24:46,933 - f2 - INFO - 自定义配置路径：D:\code\py-project\f2\f2\conf\app.yaml
2024-12-15 16:24:47,969 - f2 - INFO - 开始爬取用户：MS4wLjABAAAA0-aPb4VV1oxwrBGSf5pNgevVkTOv_B3aAbNNucQkPqA 发布的作品
2024-12-15 16:24:47,970 - f2 - INFO - 开始爬取第 0 页
2024-12-15 16:24:51,502 - f2 - INFO - 等待 10 秒后继续
2024-12-15 16:25:01,514 - f2 - INFO - 开始爬取第 1709045647000 页
2024-12-15 16:25:04,687 - f2 - INFO - 等待 10 秒后继续
2024-12-15 16:25:14,698 - f2 - INFO - 开始爬取第 1697798911000 页
2024-12-15 16:25:17,661 - f2 - INFO - 等待 10 秒后继续
2024-12-15 16:25:27,673 - f2 - INFO - 开始爬取第 1695514214000 页
2024-12-15 16:25:29,019 - f2 - INFO - 等待 10 秒后继续
2024-12-15 16:25:39,020 - f2 - INFO - 开始爬取第 1686654742000 页
2024-12-15 16:25:39,462 - f2 - INFO - 第 1686654742000 页没有找到作品
2024-12-15 16:25:39,474 - f2 - INFO - 开始爬取第 1674206225000 页
2024-12-15 16:25:39,910 - f2 - INFO - 第 1674206225000 页没有找到作品
2024-12-15 16:25:39,918 - f2 - INFO - 开始爬取第 1668598630000 页
2024-12-15 16:25:40,244 - f2 - INFO - 第 1668598630000 页没有找到作品
2024-12-15 16:25:40,249 - f2 - INFO - 用户: MS4wLjABAAAA0-aPb4VV1oxwrBGSf5pNgevVkTOv_B3aAbNNucQkPqA 所有作品采集完毕
2024-12-15 16:25:40,250 - f2 - INFO - 爬取结束，共爬取 64 个作品
