2024-12-15 16:16:50,286 - f2 - INFO - 应用：douyin
2024-12-15 16:16:50,295 - f2 - INFO - 模式：post
2024-12-15 16:16:50,295 - f2 - INFO - 主配置路径：D:\code\py-project\f2\f2\conf\app.yaml
2024-12-15 16:16:50,296 - f2 - INFO - 自定义配置路径：D:\code\py-project\f2\f2\conf\app.yaml
2024-12-15 16:16:51,400 - f2 - INFO - 开始爬取用户：MS4wLjABAAAA8jyvEPbbmpxG1S3e_AQjCpibxpuk5WKOpm1-9I9WT1Y 发布的作品
2024-12-15 16:16:51,401 - f2 - INFO - 开始爬取第 0 页
2024-12-15 16:17:04,081 - f2 - INFO - 等待 10 秒后继续
2024-12-15 16:17:14,083 - f2 - INFO - 开始爬取第 1733570412000 页
2024-12-15 16:17:17,055 - f2 - INFO - 等待 10 秒后继续
2024-12-15 16:17:27,070 - f2 - INFO - 开始爬取第 1732714802000 页
2024-12-15 16:17:29,467 - f2 - INFO - 等待 10 秒后继续
2024-12-15 16:17:39,478 - f2 - INFO - 开始爬取第 1731713795000 页
2024-12-15 16:17:42,254 - f2 - INFO - 等待 10 秒后继续
2024-12-15 16:17:52,255 - f2 - INFO - 开始爬取第 1731233581000 页
2024-12-15 16:17:55,755 - f2 - INFO - 等待 10 秒后继续
2024-12-15 16:18:05,760 - f2 - INFO - 开始爬取第 1730711969000 页
2024-12-15 16:18:08,873 - f2 - INFO - 等待 10 秒后继续
2024-12-15 16:18:18,880 - f2 - INFO - 开始爬取第 1730200261000 页
2024-12-15 16:18:22,401 - f2 - INFO - 等待 10 秒后继续
2024-12-15 16:18:32,416 - f2 - INFO - 开始爬取第 1729600049000 页
2024-12-15 16:18:35,518 - f2 - INFO - 等待 10 秒后继续
2024-12-15 16:18:45,520 - f2 - INFO - 开始爬取第 1729080249000 页
2024-12-15 16:18:48,539 - f2 - INFO - 等待 10 秒后继续
2024-12-15 16:18:58,553 - f2 - INFO - 开始爬取第 1728373361000 页
2024-12-15 16:19:02,161 - f2 - INFO - 等待 10 秒后继续
2024-12-15 16:19:12,164 - f2 - INFO - 开始爬取第 1727582768000 页
2024-12-15 16:19:15,897 - f2 - INFO - 等待 10 秒后继续
2024-12-15 16:19:25,903 - f2 - INFO - 开始爬取第 1726806934000 页
2024-12-15 16:19:29,707 - f2 - INFO - 等待 10 秒后继续
2024-12-15 16:19:39,709 - f2 - INFO - 开始爬取第 1726150434000 页
2024-12-15 16:19:43,107 - f2 - INFO - 等待 10 秒后继续
2024-12-15 16:19:53,119 - f2 - INFO - 开始爬取第 1725113176000 页
2024-12-15 16:19:55,673 - f2 - INFO - 等待 10 秒后继续
2024-12-15 16:20:05,681 - f2 - INFO - 开始爬取第 1724458404000 页
2024-12-15 16:20:08,815 - f2 - INFO - 等待 10 秒后继续
2024-12-15 16:20:18,827 - f2 - INFO - 开始爬取第 1723267572000 页
2024-12-15 16:20:20,572 - f2 - INFO - 等待 10 秒后继续
2024-12-15 16:20:30,575 - f2 - INFO - 开始爬取第 1721360769000 页
2024-12-15 16:20:31,131 - f2 - INFO - 等待 10 秒后继续
2024-12-15 16:20:41,139 - f2 - INFO - 开始爬取第 1560010674000 页
2024-12-15 16:20:41,335 - f2 - INFO - 第 1560010674000 页没有找到作品
2024-12-15 16:20:41,340 - f2 - INFO - 用户: MS4wLjABAAAA8jyvEPbbmpxG1S3e_AQjCpibxpuk5WKOpm1-9I9WT1Y 所有作品采集完毕
2024-12-15 16:20:41,341 - f2 - INFO - 爬取结束，共爬取 268 个作品
