2024-11-23 13:59:23,170 - f2 - INFO - 应用：douyin
2024-11-23 13:59:23,180 - f2 - INFO - 模式：post
2024-11-23 13:59:23,180 - f2 - INFO - 主配置路径：D:\code\py-project\f2\f2\conf\app.yaml
2024-11-23 13:59:23,181 - f2 - INFO - 自定义配置路径：D:\code\py-project\f2\f2\conf\app.yaml
2024-11-23 13:59:24,454 - f2 - INFO - 开始爬取用户：MS4wLjABAAAA9KcmGhis4sBwy6Cle-R1N1mcKkmj4Om7n91l8FjEIqU 发布的作品
2024-11-23 13:59:24,455 - f2 - INFO - 开始爬取第 0 页
2024-11-23 13:59:49,976 - f2 - INFO - 等待 10 秒后继续
2024-11-23 13:59:59,991 - f2 - INFO - 开始爬取第 1730678264000 页
2024-11-23 14:00:02,037 - f2 - INFO - 等待 10 秒后继续
2024-11-23 14:00:12,038 - f2 - INFO - 开始爬取第 1728866384000 页
2024-11-23 14:00:14,403 - f2 - INFO - 等待 10 秒后继续
2024-11-23 14:00:24,406 - f2 - INFO - 开始爬取第 1727093142000 页
2024-11-23 14:00:25,926 - f2 - INFO - 等待 10 秒后继续
2024-11-23 14:00:35,933 - f2 - INFO - 开始爬取第 1725322159000 页
2024-11-23 14:00:37,889 - f2 - INFO - 等待 10 秒后继续
2024-11-23 14:00:47,890 - f2 - INFO - 开始爬取第 1723716534000 页
2024-11-23 14:00:49,416 - f2 - INFO - 等待 10 秒后继续
2024-11-23 14:00:59,420 - f2 - INFO - 开始爬取第 1721962807000 页
2024-11-23 14:01:02,042 - f2 - INFO - 等待 10 秒后继续
2024-11-23 14:01:12,045 - f2 - INFO - 开始爬取第 1720236601000 页
2024-11-23 14:01:14,954 - f2 - INFO - 等待 10 秒后继续
2024-11-23 14:01:24,949 - f2 - INFO - 开始爬取第 1718508600000 页
2024-11-23 14:01:27,311 - f2 - INFO - 等待 10 秒后继续
2024-11-23 14:01:37,316 - f2 - INFO - 开始爬取第 1716805127000 页
2024-11-23 14:01:39,304 - f2 - INFO - 等待 10 秒后继续
2024-11-23 14:01:49,308 - f2 - INFO - 开始爬取第 1714867200000 页
2024-11-23 14:01:51,220 - f2 - INFO - 等待 10 秒后继续
2024-11-23 14:02:01,224 - f2 - INFO - 开始爬取第 1713054523000 页
2024-11-23 14:02:03,062 - f2 - INFO - 等待 10 秒后继续
2024-11-23 14:02:13,070 - f2 - INFO - 开始爬取第 1711325397000 页
2024-11-23 14:02:15,307 - f2 - INFO - 等待 10 秒后继续
2024-11-23 14:02:25,320 - f2 - INFO - 开始爬取第 1709769348000 页
2024-11-23 14:02:28,152 - f2 - INFO - 等待 10 秒后继续
2024-11-23 14:02:38,162 - f2 - INFO - 开始爬取第 1708128480000 页
2024-11-23 14:02:40,958 - f2 - INFO - 等待 10 秒后继续
2024-11-23 14:02:50,961 - f2 - INFO - 开始爬取第 1706398900000 页
2024-11-23 14:02:53,371 - f2 - INFO - 等待 10 秒后继续
2024-11-23 14:03:03,380 - f2 - INFO - 开始爬取第 1704584698000 页
2024-11-23 14:03:05,572 - f2 - INFO - 等待 10 秒后继续
2024-11-23 14:03:15,587 - f2 - INFO - 开始爬取第 1702944559000 页
2024-11-23 14:03:16,889 - f2 - INFO - 等待 10 秒后继续
2024-11-23 14:03:26,898 - f2 - INFO - 开始爬取第 1701302803000 页
2024-11-23 14:03:28,512 - f2 - INFO - 等待 10 秒后继续
2024-11-23 14:03:38,524 - f2 - INFO - 开始爬取第 1699791135000 页
2024-11-23 14:03:40,108 - f2 - INFO - 等待 10 秒后继续
2024-11-23 14:03:50,110 - f2 - INFO - 开始爬取第 1698191673000 页
2024-11-23 14:03:52,149 - f2 - INFO - 等待 10 秒后继续
2024-11-23 14:04:02,160 - f2 - INFO - 开始爬取第 1696637195000 页
2024-11-23 14:04:03,946 - f2 - INFO - 等待 10 秒后继续
2024-11-23 14:04:13,960 - f2 - INFO - 开始爬取第 1694735397000 页
2024-11-23 14:04:15,301 - f2 - INFO - 等待 10 秒后继续
2024-11-23 14:04:25,304 - f2 - INFO - 开始爬取第 1693353627000 页
2024-11-23 14:04:27,248 - f2 - INFO - 等待 10 秒后继续
2024-11-23 14:04:37,268 - f2 - INFO - 开始爬取第 1691626289000 页
2024-11-23 14:04:39,234 - f2 - INFO - 等待 10 秒后继续
2024-11-23 14:04:49,245 - f2 - INFO - 开始爬取第 1689984294000 页
2024-11-23 14:04:51,363 - f2 - INFO - 等待 10 秒后继续
2024-11-23 14:05:01,368 - f2 - INFO - 开始爬取第 1688343009000 页
2024-11-23 14:05:02,748 - f2 - INFO - 等待 10 秒后继续
2024-11-23 14:05:12,762 - f2 - INFO - 开始爬取第 1686614777000 页
2024-11-23 14:05:14,469 - f2 - INFO - 等待 10 秒后继续
2024-11-23 14:05:24,470 - f2 - INFO - 开始爬取第 1685318474000 页
2024-11-23 14:05:26,125 - f2 - INFO - 等待 10 秒后继续
2024-11-23 14:05:36,135 - f2 - INFO - 开始爬取第 1683677237000 页
2024-11-23 14:05:38,354 - f2 - INFO - 等待 10 秒后继续
2024-11-23 14:05:48,375 - f2 - INFO - 开始爬取第 1681949193000 页
2024-11-23 14:05:51,059 - f2 - INFO - 等待 10 秒后继续
2024-11-23 14:06:01,068 - f2 - INFO - 开始爬取第 1680221147000 页
2024-11-23 14:06:03,256 - f2 - INFO - 等待 10 秒后继续
2024-11-23 14:06:13,263 - f2 - INFO - 开始爬取第 1678506536000 页
2024-11-23 14:06:15,075 - f2 - INFO - 等待 10 秒后继续
2024-11-23 14:06:25,096 - f2 - INFO - 开始爬取第 1676678758000 页
2024-11-23 14:06:27,096 - f2 - INFO - 等待 10 秒后继续
2024-11-23 14:06:37,105 - f2 - INFO - 开始爬取第 1674432046000 页
2024-11-23 14:06:38,015 - f2 - INFO - 等待 10 秒后继续
2024-11-23 14:06:48,030 - f2 - INFO - 开始爬取第 1672617949000 页
2024-11-23 14:06:48,987 - f2 - INFO - 等待 10 秒后继续
2024-11-23 14:06:58,994 - f2 - INFO - 开始爬取第 1670455455000 页
2024-11-23 14:07:00,053 - f2 - INFO - 等待 10 秒后继续
2024-11-23 14:07:10,063 - f2 - INFO - 开始爬取第 1668038760000 页
2024-11-23 14:07:10,882 - f2 - INFO - 等待 10 秒后继续
2024-11-23 14:07:20,894 - f2 - INFO - 开始爬取第 1666310446000 页
2024-11-23 14:07:21,535 - f2 - INFO - 等待 10 秒后继续
2024-11-23 14:07:31,544 - f2 - INFO - 开始爬取第 1664496048000 页
2024-11-23 14:07:32,480 - f2 - INFO - 等待 10 秒后继续
2024-11-23 14:07:42,482 - f2 - INFO - 开始爬取第 1662595442000 页
2024-11-23 14:07:44,077 - f2 - INFO - 等待 10 秒后继续
2024-11-23 14:07:54,093 - f2 - INFO - 开始爬取第 1660867717000 页
2024-11-23 14:07:55,324 - f2 - INFO - 等待 10 秒后继续
2024-11-23 14:08:05,325 - f2 - INFO - 开始爬取第 1658966444000 页
2024-11-23 14:08:06,486 - f2 - INFO - 等待 10 秒后继续
2024-11-23 14:08:16,495 - f2 - INFO - 开始爬取第 1657325525000 页
2024-11-23 14:08:18,718 - f2 - INFO - 等待 10 秒后继续
2024-11-23 14:08:28,728 - f2 - INFO - 开始爬取第 1655507247000 页
2024-11-23 14:08:29,798 - f2 - INFO - 等待 10 秒后继续
2024-11-23 14:08:39,814 - f2 - INFO - 开始爬取第 1653784457000 页
2024-11-23 14:08:41,111 - f2 - INFO - 等待 10 秒后继续
2024-11-23 14:08:51,117 - f2 - INFO - 开始爬取第 1652055160000 页
2024-11-23 14:08:52,803 - f2 - INFO - 等待 10 秒后继续
2024-11-23 14:09:02,808 - f2 - INFO - 开始爬取第 1650327172000 页
2024-11-23 14:09:04,172 - f2 - INFO - 等待 10 秒后继续
2024-11-23 14:09:14,179 - f2 - INFO - 开始爬取第 1648512693000 页
2024-11-23 14:09:15,729 - f2 - INFO - 等待 10 秒后继续
2024-11-23 14:09:25,736 - f2 - INFO - 开始爬取第 1646535880000 页
2024-11-23 14:09:27,332 - f2 - INFO - 等待 10 秒后继续
2024-11-23 14:09:37,345 - f2 - INFO - 开始爬取第 1644797784000 页
2024-11-23 14:09:39,113 - f2 - INFO - 等待 10 秒后继续
2024-11-23 14:09:49,122 - f2 - INFO - 开始爬取第 1642982442000 页
2024-11-23 14:09:51,142 - f2 - INFO - 等待 10 秒后继续
2024-11-23 14:10:01,158 - f2 - INFO - 开始爬取第 1641168292000 页
2024-11-23 14:10:02,034 - f2 - INFO - 等待 10 秒后继续
2024-11-23 14:10:12,037 - f2 - INFO - 开始爬取第 1639354640000 页
2024-11-23 14:10:12,702 - f2 - INFO - 等待 10 秒后继续
2024-11-23 14:10:22,711 - f2 - INFO - 开始爬取第 1637626570000 页
2024-11-23 14:10:23,430 - f2 - INFO - 等待 10 秒后继续
2024-11-23 14:10:33,443 - f2 - INFO - 开始爬取第 1635898617000 页
2024-11-23 14:10:35,228 - f2 - INFO - 等待 10 秒后继续
2024-11-23 14:10:45,238 - f2 - INFO - 开始爬取第 1634168774000 页
2024-11-23 14:10:46,835 - f2 - INFO - 等待 10 秒后继续
2024-11-23 14:10:56,840 - f2 - INFO - 开始爬取第 1632269792000 页
2024-11-23 14:10:58,462 - f2 - INFO - 等待 10 秒后继续
2024-11-23 14:11:08,474 - f2 - INFO - 开始爬取第 1630368578000 页
2024-11-23 14:11:10,718 - f2 - INFO - 等待 10 秒后继续
2024-11-23 14:11:20,731 - f2 - INFO - 开始爬取第 1628911179000 页
2024-11-23 14:11:23,500 - f2 - INFO - 等待 10 秒后继续
2024-11-23 14:11:33,508 - f2 - INFO - 开始爬取第 1626653759000 页
2024-11-23 14:11:35,387 - f2 - INFO - 等待 10 秒后继续
2024-11-23 14:11:45,401 - f2 - INFO - 开始爬取第 1624752000000 页
2024-11-23 14:11:47,868 - f2 - INFO - 等待 10 秒后继续
2024-11-23 14:11:57,874 - f2 - INFO - 开始爬取第 1623024996000 页
2024-11-23 14:12:01,047 - f2 - INFO - 等待 10 秒后继续
2024-11-23 14:12:11,050 - f2 - INFO - 开始爬取第 1621297375000 页
2024-11-23 14:12:13,317 - f2 - INFO - 等待 10 秒后继续
2024-11-23 14:12:23,328 - f2 - INFO - 开始爬取第 1619666284000 页
2024-11-23 14:12:24,219 - f2 - INFO - 等待 10 秒后继续
2024-11-23 14:12:34,223 - f2 - INFO - 开始爬取第 1618024714000 页
2024-11-23 14:12:34,693 - f2 - INFO - 第 1618024714000 页没有找到作品
2024-11-23 14:12:34,702 - f2 - INFO - 开始爬取第 1616299735000 页
2024-11-23 14:12:35,356 - f2 - INFO - 等待 10 秒后继续
2024-11-23 14:12:45,357 - f2 - INFO - 开始爬取第 1614657336000 页
2024-11-23 14:12:45,751 - f2 - INFO - 第 1614657336000 页没有找到作品
2024-11-23 14:12:45,759 - f2 - INFO - 开始爬取第 1613102482000 页
2024-11-23 14:12:46,210 - f2 - INFO - 第 1613102482000 页没有找到作品
2024-11-23 14:12:46,219 - f2 - INFO - 开始爬取第 1611718322000 页
2024-11-23 14:12:46,550 - f2 - INFO - 第 1611718322000 页没有找到作品
2024-11-23 14:12:46,558 - f2 - INFO - 开始爬取第 1610595548000 页
2024-11-23 14:12:47,379 - f2 - INFO - 等待 10 秒后继续
2024-11-23 14:12:57,388 - f2 - INFO - 开始爬取第 1609297290000 页
2024-11-23 14:12:57,843 - f2 - INFO - 第 1609297290000 页没有找到作品
2024-11-23 14:12:57,852 - f2 - INFO - 开始爬取第 1607915809000 页
2024-11-23 14:12:58,220 - f2 - INFO - 第 1607915809000 页没有找到作品
2024-11-23 14:12:58,228 - f2 - INFO - 开始爬取第 1606618748000 页
2024-11-23 14:12:58,667 - f2 - INFO - 第 1606618748000 页没有找到作品
2024-11-23 14:12:58,675 - f2 - INFO - 开始爬取第 1605322800000 页
2024-11-23 14:12:59,309 - f2 - INFO - 等待 10 秒后继续
2024-11-23 14:13:09,319 - f2 - INFO - 开始爬取第 1603854105000 页
2024-11-23 14:13:10,011 - f2 - INFO - 等待 10 秒后继续
2024-11-23 14:13:20,015 - f2 - INFO - 开始爬取第 1602298799000 页
2024-11-23 14:13:20,422 - f2 - INFO - 第 1602298799000 页没有找到作品
2024-11-23 14:13:20,431 - f2 - INFO - 开始爬取第 1600744582000 页
2024-11-23 14:13:20,875 - f2 - INFO - 第 1600744582000 页没有找到作品
2024-11-23 14:13:20,884 - f2 - INFO - 开始爬取第 1599187846000 页
2024-11-23 14:13:21,290 - f2 - INFO - 第 1599187846000 页没有找到作品
2024-11-23 14:13:21,299 - f2 - INFO - 开始爬取第 1597893393000 页
2024-11-23 14:13:21,727 - f2 - INFO - 第 1597893393000 页没有找到作品
2024-11-23 14:13:21,736 - f2 - INFO - 开始爬取第 1596510317000 页
2024-11-23 14:13:22,691 - f2 - INFO - 等待 10 秒后继续
2024-11-23 14:13:32,693 - f2 - INFO - 开始爬取第 1595128336000 页
2024-11-23 14:13:33,673 - f2 - ERROR - HTTP状态错误: https://v3-web.douyinvod.com/c1c5319087ed965c967f4f8253b73ceb/67419cd5/video/tos/cn/tos-cn-ve-15/111d00cb12e34b6988c4bb7f8f5fbb28/?a=6383&ch=10010&cr=3&dr=0&lr=all&cd=0%7C0%7C0%7C3&cv=1&br=2143&bt=2143&cs=0&ds=6&ft=AJkeU_TERR0sTlC42NW2Nc0iPMgzbLVT-c1U_4CmOf_2Nv7TGW&mime_type=video_mp4&qs=0&rc=aDc3aDw6O2lpMzo5OmczOEBpamlsamd1PDtkdTMzNGkzM0A1LWJgLTQxNi0xLi4uYDI0YSNqNG9jNGktNXNfLS0vLS9zcw%3D%3D&btag=c0000e00010000&cquery=100B_100x_102u_100o_101r&dy_q=1732342412&l=202411231413318EEE7EDEE6949C55B1ED, 状态码: 404
2024-11-23 14:13:33,675 - f2 - WARNING - 链接 https://v3-web.douyinvod.com/c1c5319087ed965c967f4f8253b73ceb/67419cd5/video/tos/cn/tos-cn-ve-15/111d00cb12e34b6988c4bb7f8f5fbb28/?a=6383&ch=10010&cr=3&dr=0&lr=all&cd=0%7C0%7C0%7C3&cv=1&br=2143&bt=2143&cs=0&ds=6&ft=AJkeU_TERR0sTlC42NW2Nc0iPMgzbLVT-c1U_4CmOf_2Nv7TGW&mime_type=video_mp4&qs=0&rc=aDc3aDw6O2lpMzo5OmczOEBpamlsamd1PDtkdTMzNGkzM0A1LWJgLTQxNi0xLi4uYDI0YSNqNG9jNGktNXNfLS0vLS9zcw%3D%3D&btag=c0000e00010000&cquery=100B_100x_102u_100o_101r&dy_q=1732342412&l=202411231413318EEE7EDEE6949C55B1ED 内容长度为0，尝试下一个链接是否可用
2024-11-23 14:13:33,975 - f2 - ERROR - HTTP状态错误: https://v26-web.douyinvod.com/ee443767108a9bac4fc9970ff851f2a6/67419cd5/video/tos/cn/tos-cn-ve-15/111d00cb12e34b6988c4bb7f8f5fbb28/?a=6383&ch=10010&cr=3&dr=0&lr=all&cd=0%7C0%7C0%7C3&cv=1&br=2143&bt=2143&cs=0&ds=6&ft=AJkeU_TERR0sTlC42NW2Nc0iPMgzbLVT-c1U_4CmOf_2Nv7TGW&mime_type=video_mp4&qs=0&rc=aDc3aDw6O2lpMzo5OmczOEBpamlsamd1PDtkdTMzNGkzM0A1LWJgLTQxNi0xLi4uYDI0YSNqNG9jNGktNXNfLS0vLS9zcw%3D%3D&btag=c0000e00010000&cquery=101r_100B_100x_102u_100o&dy_q=1732342412&l=202411231413318EEE7EDEE6949C55B1ED, 状态码: 404
2024-11-23 14:13:33,978 - f2 - WARNING - 链接 https://v26-web.douyinvod.com/ee443767108a9bac4fc9970ff851f2a6/67419cd5/video/tos/cn/tos-cn-ve-15/111d00cb12e34b6988c4bb7f8f5fbb28/?a=6383&ch=10010&cr=3&dr=0&lr=all&cd=0%7C0%7C0%7C3&cv=1&br=2143&bt=2143&cs=0&ds=6&ft=AJkeU_TERR0sTlC42NW2Nc0iPMgzbLVT-c1U_4CmOf_2Nv7TGW&mime_type=video_mp4&qs=0&rc=aDc3aDw6O2lpMzo5OmczOEBpamlsamd1PDtkdTMzNGkzM0A1LWJgLTQxNi0xLi4uYDI0YSNqNG9jNGktNXNfLS0vLS9zcw%3D%3D&btag=c0000e00010000&cquery=101r_100B_100x_102u_100o&dy_q=1732342412&l=202411231413318EEE7EDEE6949C55B1ED 内容长度为0，尝试下一个链接是否可用
2024-11-23 14:13:34,436 - f2 - ERROR - HTTP状态错误: https://www.douyin.com/aweme/v1/play/?video_id=v0200f210000brva8809lr7dfgri7fmg&line=0&file_id=7550cd171617400f9f487709cee4048e&sign=c9b424b989a9096fabbc97c5907febef&is_play_url=1&source=PackSourceEnum_PUBLISH, 状态码: 404
2024-11-23 14:13:34,438 - f2 - WARNING - 链接 https://www.douyin.com/aweme/v1/play/?video_id=v0200f210000brva8809lr7dfgri7fmg&line=0&file_id=7550cd171617400f9f487709cee4048e&sign=c9b424b989a9096fabbc97c5907febef&is_play_url=1&source=PackSourceEnum_PUBLISH 内容长度为0，尝试下一个链接是否可用
2024-11-23 14:13:34,439 - f2 - WARNING - 所有链接都无法下载
2024-11-23 14:13:34,487 - f2 - INFO - 等待 10 秒后继续
2024-11-23 14:13:44,494 - f2 - INFO - 开始爬取第 1593746662000 页
2024-11-23 14:13:44,929 - f2 - INFO - 第 1593746662000 页没有找到作品
2024-11-23 14:13:44,938 - f2 - INFO - 开始爬取第 1592190370000 页
2024-11-23 14:13:45,372 - f2 - INFO - 第 1592190370000 页没有找到作品
2024-11-23 14:13:45,380 - f2 - INFO - 开始爬取第 1590139657000 页
2024-11-23 14:13:45,736 - f2 - INFO - 第 1590139657000 页没有找到作品
2024-11-23 14:13:45,745 - f2 - INFO - 开始爬取第 1588216409000 页
2024-11-23 14:13:46,102 - f2 - INFO - 第 1588216409000 页没有找到作品
2024-11-23 14:13:46,106 - f2 - INFO - 用户: MS4wLjABAAAA9KcmGhis4sBwy6Cle-R1N1mcKkmj4Om7n91l8FjEIqU 所有作品采集完毕
2024-11-23 14:13:46,107 - f2 - INFO - 爬取结束，共爬取 494 个作品
