2024-11-25 19:25:49,534 - f2 - INFO - 应用：douyin
2024-11-25 19:25:49,543 - f2 - INFO - 模式：post
2024-11-25 19:25:49,544 - f2 - INFO - 主配置路径：D:\code\py-project\f2\f2\conf\app.yaml
2024-11-25 19:25:49,545 - f2 - INFO - 自定义配置路径：D:\code\py-project\f2\f2\conf\app.yaml
2024-11-25 19:25:50,590 - f2 - INFO - 开始爬取用户：MS4wLjABAAAA0-aPb4VV1oxwrBGSf5pNgevVkTOv_B3aAbNNucQkPqA 发布的作品
2024-11-25 19:25:50,591 - f2 - INFO - 开始爬取第 0 页
2024-11-25 19:25:54,131 - f2 - INFO - 等待 10 秒后继续
2024-11-25 19:26:04,147 - f2 - INFO - 开始爬取第 1709045647000 页
2024-11-25 19:26:06,863 - f2 - INFO - 等待 10 秒后继续
2024-11-25 19:26:16,876 - f2 - INFO - 开始爬取第 1697798911000 页
2024-11-25 19:26:20,034 - f2 - INFO - 等待 10 秒后继续
2024-11-25 19:26:30,037 - f2 - INFO - 开始爬取第 1695514214000 页
2024-11-25 19:26:31,226 - f2 - INFO - 等待 10 秒后继续
2024-11-25 19:26:41,238 - f2 - INFO - 开始爬取第 1686654742000 页
2024-11-25 19:26:42,143 - f2 - INFO - 第 1686654742000 页没有找到作品
2024-11-25 19:26:42,152 - f2 - INFO - 开始爬取第 1674206225000 页
2024-11-25 19:26:42,879 - f2 - INFO - 第 1674206225000 页没有找到作品
2024-11-25 19:26:42,887 - f2 - INFO - 开始爬取第 1668598630000 页
2024-11-25 19:26:43,380 - f2 - INFO - 第 1668598630000 页没有找到作品
2024-11-25 19:26:43,385 - f2 - INFO - 用户: MS4wLjABAAAA0-aPb4VV1oxwrBGSf5pNgevVkTOv_B3aAbNNucQkPqA 所有作品采集完毕
2024-11-25 19:26:43,386 - f2 - INFO - 爬取结束，共爬取 64 个作品
