2024-12-01 23:14:54,363 - f2 - INFO - 应用：douyin
2024-12-01 23:14:54,372 - f2 - INFO - 模式：post
2024-12-01 23:14:54,373 - f2 - INFO - 主配置路径：D:\code\py-project\f2\f2\conf\app.yaml
2024-12-01 23:14:54,374 - f2 - INFO - 自定义配置路径：D:\code\py-project\f2\f2\conf\app.yaml
2024-12-01 23:14:55,444 - f2 - INFO - 开始爬取用户：MS4wLjABAAAAQRNQx7KfzmjfhOFn8HO5Pgnvj2Ww6DbFDM6CwGtboMPkLVtScEU2RLVW-OQYdiHp 发布的作品
2024-12-01 23:14:55,445 - f2 - INFO - 开始爬取第 0 页
2024-12-01 23:14:58,881 - f2 - INFO - 等待 10 秒后继续
2024-12-01 23:15:08,893 - f2 - INFO - 开始爬取第 1730862001000 页
2024-12-01 23:15:12,188 - f2 - INFO - 等待 10 秒后继续
2024-12-01 23:15:22,201 - f2 - INFO - 开始爬取第 1728356400000 页
2024-12-01 23:15:25,353 - f2 - INFO - 等待 10 秒后继续
2024-12-01 23:15:35,366 - f2 - INFO - 开始爬取第 1726369200000 页
2024-12-01 23:15:38,728 - f2 - INFO - 等待 10 秒后继续
2024-12-01 23:15:48,737 - f2 - INFO - 开始爬取第 1723792677000 页
2024-12-01 23:15:52,000 - f2 - INFO - 等待 10 秒后继续
2024-12-01 23:16:02,012 - f2 - INFO - 开始爬取第 1721358000000 页
2024-12-01 23:16:05,391 - f2 - INFO - 等待 10 秒后继续
2024-12-01 23:16:15,397 - f2 - INFO - 开始爬取第 1718856000000 页
2024-12-01 23:16:18,596 - f2 - INFO - 等待 10 秒后继续
2024-12-01 23:16:28,612 - f2 - INFO - 开始爬取第 1716865200000 页
2024-12-01 23:16:31,940 - f2 - INFO - 等待 10 秒后继续
2024-12-01 23:16:41,946 - f2 - INFO - 开始爬取第 1715137200000 页
2024-12-01 23:16:45,344 - f2 - INFO - 等待 10 秒后继续
2024-12-01 23:16:55,359 - f2 - INFO - 开始爬取第 1712977200000 页
2024-12-01 23:16:59,247 - f2 - INFO - 等待 10 秒后继续
2024-12-01 23:17:09,250 - f2 - INFO - 开始爬取第 1711017861000 页
2024-12-01 23:17:12,888 - f2 - INFO - 等待 10 秒后继续
2024-12-01 23:17:22,903 - f2 - INFO - 开始爬取第 1709262000000 页
2024-12-01 23:17:26,598 - f2 - INFO - 等待 10 秒后继续
2024-12-01 23:17:36,607 - f2 - INFO - 开始爬取第 1707617441000 页
2024-12-01 23:17:40,489 - f2 - INFO - 等待 10 秒后继续
2024-12-01 23:17:50,502 - f2 - INFO - 开始爬取第 1706227200000 页
2024-12-01 23:17:54,529 - f2 - INFO - 等待 10 秒后继续
2024-12-01 23:18:04,544 - f2 - INFO - 开始爬取第 1705276800000 页
2024-12-01 23:18:08,691 - f2 - INFO - 等待 10 秒后继续
2024-12-01 23:18:18,697 - f2 - INFO - 开始爬取第 1704240000000 页
2024-12-01 23:18:22,401 - f2 - INFO - 等待 10 秒后继续
2024-12-01 23:18:32,414 - f2 - INFO - 开始爬取第 1702900800000 页
2024-12-01 23:18:36,528 - f2 - INFO - 等待 10 秒后继续
2024-12-01 23:18:46,571 - f2 - INFO - 开始爬取第 1702094400000 页
2024-12-01 23:18:50,683 - f2 - INFO - 等待 10 秒后继续
2024-12-01 23:19:00,697 - f2 - INFO - 开始爬取第 1701317340000 页
2024-12-01 23:19:04,826 - f2 - INFO - 等待 10 秒后继续
2024-12-01 23:19:14,844 - f2 - INFO - 开始爬取第 1699243200000 页
2024-12-01 23:19:19,260 - f2 - INFO - 等待 10 秒后继续
2024-12-01 23:19:29,264 - f2 - INFO - 开始爬取第 1697601600000 页
2024-12-01 23:19:33,345 - f2 - INFO - 等待 10 秒后继续
2024-12-01 23:19:43,346 - f2 - INFO - 开始爬取第 1694836800000 页
2024-12-01 23:19:47,843 - f2 - INFO - 等待 10 秒后继续
2024-12-01 23:19:57,851 - f2 - INFO - 开始爬取第 1692936000000 页
2024-12-01 23:20:02,438 - f2 - INFO - 等待 10 秒后继续
2024-12-01 23:20:12,444 - f2 - INFO - 开始爬取第 1691712000000 页
2024-12-01 23:20:16,673 - f2 - INFO - 等待 10 秒后继续
2024-12-01 23:20:26,673 - f2 - INFO - 开始爬取第 1689739200000 页
2024-12-01 23:20:31,376 - f2 - INFO - 等待 10 秒后继续
2024-12-01 23:20:41,386 - f2 - INFO - 开始爬取第 1687924800000 页
2024-12-01 23:20:45,652 - f2 - INFO - 等待 10 秒后继续
2024-12-01 23:20:55,666 - f2 - INFO - 开始爬取第 1686196800000 页
2024-12-01 23:21:00,186 - f2 - INFO - 等待 10 秒后继续
2024-12-01 23:21:10,201 - f2 - INFO - 开始爬取第 1684383259000 页
2024-12-01 23:21:14,834 - f2 - INFO - 等待 10 秒后继续
2024-12-01 23:21:24,836 - f2 - INFO - 开始爬取第 1682568000000 页
2024-12-01 23:21:29,562 - f2 - INFO - 等待 10 秒后继续
2024-12-01 23:21:39,582 - f2 - INFO - 开始爬取第 1681185600000 页
2024-12-01 23:21:44,417 - f2 - INFO - 等待 10 秒后继续
2024-12-01 23:21:54,426 - f2 - INFO - 开始爬取第 1680350400000 页
2024-12-01 23:21:59,485 - f2 - INFO - 等待 10 秒后继续
2024-12-01 23:22:09,513 - f2 - INFO - 开始爬取第 1679361728000 页
2024-12-01 23:22:14,573 - f2 - INFO - 等待 10 秒后继续
2024-12-01 23:22:24,600 - f2 - INFO - 开始爬取第 1678946400000 页
2024-12-01 23:22:29,721 - f2 - INFO - 等待 10 秒后继续
2024-12-01 23:22:39,731 - f2 - INFO - 开始爬取第 1678536000000 页
2024-12-01 23:22:44,812 - f2 - INFO - 等待 10 秒后继续
2024-12-01 23:22:54,823 - f2 - INFO - 开始爬取第 1678104000000 页
2024-12-01 23:23:00,046 - f2 - INFO - 等待 10 秒后继续
2024-12-01 23:23:10,056 - f2 - INFO - 开始爬取第 1677672000000 页
2024-12-01 23:23:15,430 - f2 - INFO - 等待 10 秒后继续
2024-12-01 23:23:25,440 - f2 - INFO - 开始爬取第 1677196800000 页
2024-12-01 23:23:30,889 - f2 - INFO - 等待 10 秒后继续
2024-12-01 23:23:40,905 - f2 - INFO - 开始爬取第 1676808000000 页
2024-12-01 23:23:46,526 - f2 - INFO - 等待 10 秒后继续
2024-12-01 23:23:56,546 - f2 - INFO - 开始爬取第 1676260800000 页
2024-12-01 23:24:02,236 - f2 - INFO - 等待 10 秒后继续
2024-12-01 23:24:12,265 - f2 - INFO - 开始爬取第 1675137600000 页
2024-12-01 23:24:17,641 - f2 - INFO - 等待 10 秒后继续
2024-12-01 23:24:27,648 - f2 - INFO - 开始爬取第 1672977600000 页
2024-12-01 23:24:32,839 - f2 - INFO - 等待 10 秒后继续
2024-12-01 23:24:42,868 - f2 - INFO - 开始爬取第 1672021950000 页
2024-12-01 23:24:48,245 - f2 - INFO - 等待 10 秒后继续
2024-12-01 23:24:58,257 - f2 - INFO - 开始爬取第 1669089600000 页
2024-12-01 23:25:01,705 - f2 - INFO - 等待 10 秒后继续
2024-12-01 23:25:11,711 - f2 - INFO - 开始爬取第 1665474395000 页
2024-12-01 23:25:12,005 - f2 - INFO - 第 1665474395000 页没有找到作品
2024-12-01 23:25:12,009 - f2 - INFO - 用户: MS4wLjABAAAAQRNQx7KfzmjfhOFn8HO5Pgnvj2Ww6DbFDM6CwGtboMPkLVtScEU2RLVW-OQYdiHp 所有作品采集完毕
2024-12-01 23:25:12,010 - f2 - INFO - 爬取结束，共爬取 825 个作品
