2024-12-04 20:34:04,202 - f2 - INFO - 应用：douyin
2024-12-04 20:34:04,211 - f2 - INFO - 模式：post
2024-12-04 20:34:04,212 - f2 - INFO - 主配置路径：D:\code\py-project\f2\f2\conf\app.yaml
2024-12-04 20:34:04,213 - f2 - INFO - 自定义配置路径：D:\code\py-project\f2\f2\conf\app.yaml
2024-12-04 20:34:06,536 - f2 - INFO - 开始爬取用户：MS4wLjABAAAA0-aPb4VV1oxwrBGSf5pNgevVkTOv_B3aAbNNucQkPqA 发布的作品
2024-12-04 20:34:06,537 - f2 - INFO - 开始爬取第 0 页
2024-12-04 20:34:10,648 - f2 - INFO - 等待 10 秒后继续
2024-12-04 20:34:20,654 - f2 - INFO - 开始爬取第 1709045647000 页
2024-12-04 20:34:23,936 - f2 - INFO - 等待 10 秒后继续
2024-12-04 20:34:33,941 - f2 - INFO - 开始爬取第 1697798911000 页
2024-12-04 20:34:40,270 - f2 - INFO - 等待 10 秒后继续
2024-12-04 20:34:50,279 - f2 - INFO - 开始爬取第 1695514214000 页
2024-12-04 20:34:51,908 - f2 - INFO - 等待 10 秒后继续
2024-12-04 20:35:01,918 - f2 - INFO - 开始爬取第 1686654742000 页
2024-12-04 20:35:02,672 - f2 - INFO - 第 1686654742000 页没有找到作品
2024-12-04 20:35:02,680 - f2 - INFO - 开始爬取第 1674206225000 页
2024-12-04 20:35:03,283 - f2 - INFO - 第 1674206225000 页没有找到作品
2024-12-04 20:35:03,291 - f2 - INFO - 开始爬取第 1668598630000 页
2024-12-04 20:35:03,873 - f2 - INFO - 第 1668598630000 页没有找到作品
2024-12-04 20:35:03,877 - f2 - INFO - 用户: MS4wLjABAAAA0-aPb4VV1oxwrBGSf5pNgevVkTOv_B3aAbNNucQkPqA 所有作品采集完毕
2024-12-04 20:35:03,878 - f2 - INFO - 爬取结束，共爬取 64 个作品
