2024-11-30 12:28:05,117 - f2 - INFO - 应用：douyin
2024-11-30 12:28:05,126 - f2 - INFO - 模式：post
2024-11-30 12:28:05,127 - f2 - INFO - 主配置路径：D:\code\py-project\f2\f2\conf\app.yaml
2024-11-30 12:28:05,128 - f2 - INFO - 自定义配置路径：D:\code\py-project\f2\f2\conf\app.yaml
2024-11-30 12:28:06,204 - f2 - INFO - 开始爬取用户：MS4wLjABAAAAJYD_ePMvob3dkicwzJMj01NF_yFG-QZnQOdSS9Edh3ozS-nbP4XFA1LcdhvhGMt4 发布的作品
2024-11-30 12:28:06,206 - f2 - INFO - 开始爬取第 0 页
2024-11-30 12:29:01,058 - f2 - INFO - 等待 10 秒后继续
2024-11-30 12:29:11,060 - f2 - INFO - 开始爬取第 1731314038000 页
2024-11-30 12:29:14,502 - f2 - INFO - 等待 10 秒后继续
2024-11-30 12:29:24,518 - f2 - INFO - 开始爬取第 1729596448000 页
2024-11-30 12:29:27,979 - f2 - INFO - 等待 10 秒后继续
2024-11-30 12:29:37,987 - f2 - INFO - 开始爬取第 1727847367000 页
2024-11-30 12:29:41,565 - f2 - INFO - 等待 10 秒后继续
2024-11-30 12:29:51,572 - f2 - INFO - 开始爬取第 1726125610000 页
2024-11-30 12:29:54,763 - f2 - INFO - 等待 10 秒后继续
2024-11-30 12:30:04,773 - f2 - INFO - 开始爬取第 1724386799000 页
2024-11-30 12:30:07,991 - f2 - INFO - 等待 10 秒后继续
2024-11-30 12:30:18,003 - f2 - INFO - 开始爬取第 1722392312000 页
2024-11-30 12:30:21,417 - f2 - INFO - 等待 10 秒后继续
2024-11-30 12:30:31,427 - f2 - INFO - 开始爬取第 1720749970000 页
2024-11-30 12:30:35,134 - f2 - INFO - 等待 10 秒后继续
2024-11-30 12:30:45,139 - f2 - INFO - 开始爬取第 1719053455000 页
2024-11-30 12:30:48,782 - f2 - INFO - 等待 10 秒后继续
2024-11-30 12:30:58,795 - f2 - INFO - 开始爬取第 1717303398000 页
2024-11-30 12:31:02,598 - f2 - INFO - 等待 10 秒后继续
2024-11-30 12:31:12,606 - f2 - INFO - 开始爬取第 1715505595000 页
2024-11-30 12:31:16,325 - f2 - INFO - 等待 10 秒后继续
2024-11-30 12:31:26,337 - f2 - INFO - 开始爬取第 1714041537000 页
2024-11-30 12:31:30,085 - f2 - INFO - 等待 10 秒后继续
2024-11-30 12:31:40,090 - f2 - INFO - 开始爬取第 1712804557000 页
2024-11-30 12:31:44,001 - f2 - INFO - 等待 10 秒后继续
2024-11-30 12:31:54,010 - f2 - INFO - 开始爬取第 1710497003000 页
2024-11-30 12:31:56,781 - f2 - INFO - 等待 10 秒后继续
2024-11-30 12:32:06,795 - f2 - INFO - 开始爬取第 1704368622000 页
2024-11-30 12:32:07,023 - f2 - INFO - 第 1704368622000 页没有找到作品
2024-11-30 12:32:07,028 - f2 - INFO - 用户: MS4wLjABAAAAJYD_ePMvob3dkicwzJMj01NF_yFG-QZnQOdSS9Edh3ozS-nbP4XFA1LcdhvhGMt4 所有作品采集完毕
2024-11-30 12:32:07,045 - f2 - INFO - 爬取结束，共爬取 261 个作品
