2024-11-25 19:11:53,545 - f2 - INFO - 应用：douyin
2024-11-25 19:11:53,555 - f2 - INFO - 模式：post
2024-11-25 19:11:53,555 - f2 - INFO - 主配置路径：D:\code\py-project\f2\f2\conf\app.yaml
2024-11-25 19:11:53,556 - f2 - INFO - 自定义配置路径：D:\code\py-project\f2\f2\conf\app.yaml
2024-11-25 19:11:54,554 - f2 - INFO - 开始爬取用户：MS4wLjABAAAAunpkE2IXyHAxm4A24G5d1Cf5141pnZy8HwNR5f2-6pI_GYBVR-Pv23uFyfMPB_9I 发布的作品
2024-11-25 19:11:54,555 - f2 - INFO - 开始爬取第 0 页
2024-11-25 19:13:10,762 - f2 - INFO - 等待 10 秒后继续
2024-11-25 19:13:20,767 - f2 - INFO - 开始爬取第 1729762320000 页
2024-11-25 19:13:24,033 - f2 - INFO - 等待 10 秒后继续
2024-11-25 19:13:34,039 - f2 - INFO - 开始爬取第 1727173405000 页
2024-11-25 19:13:37,064 - f2 - INFO - 等待 10 秒后继续
2024-11-25 19:13:47,073 - f2 - INFO - 开始爬取第 1724383880000 页
2024-11-25 19:13:50,385 - f2 - INFO - 等待 10 秒后继续
2024-11-25 19:14:00,390 - f2 - INFO - 开始爬取第 1722251403000 页
2024-11-25 19:14:04,119 - f2 - INFO - 等待 10 秒后继续
2024-11-25 19:14:14,131 - f2 - INFO - 开始爬取第 1718789445000 页
2024-11-25 19:14:17,533 - f2 - INFO - 等待 10 秒后继续
2024-11-25 19:14:27,542 - f2 - INFO - 开始爬取第 1714987804000 页
2024-11-25 19:14:31,102 - f2 - INFO - 等待 10 秒后继续
2024-11-25 19:14:41,120 - f2 - INFO - 开始爬取第 1711443405000 页
2024-11-25 19:14:44,387 - f2 - INFO - 等待 10 秒后继续
2024-11-25 19:14:54,388 - f2 - INFO - 开始爬取第 1705831201000 页
2024-11-25 19:14:57,899 - f2 - INFO - 等待 10 秒后继续
2024-11-25 19:15:07,910 - f2 - INFO - 开始爬取第 1701177097000 页
2024-11-25 19:15:11,333 - f2 - INFO - 等待 10 秒后继续
2024-11-25 19:15:21,339 - f2 - INFO - 开始爬取第 1696843974000 页
2024-11-25 19:15:25,157 - f2 - INFO - 等待 10 秒后继续
2024-11-25 19:15:35,172 - f2 - INFO - 开始爬取第 1691229780000 页
2024-11-25 19:15:38,964 - f2 - INFO - 等待 10 秒后继续
2024-11-25 19:15:48,978 - f2 - INFO - 开始爬取第 1686909602000 页
2024-11-25 19:15:52,435 - f2 - INFO - 等待 10 秒后继续
2024-11-25 19:16:02,448 - f2 - INFO - 开始爬取第 1681956000000 页
2024-11-25 19:16:06,311 - f2 - INFO - 等待 10 秒后继续
2024-11-25 19:16:16,316 - f2 - INFO - 开始爬取第 1674986403000 页
2024-11-25 19:16:18,207 - f2 - INFO - 等待 10 秒后继续
2024-11-25 19:16:28,220 - f2 - INFO - 开始爬取第 1671365160000 页
2024-11-25 19:16:29,438 - f2 - INFO - 等待 10 秒后继续
2024-11-25 19:16:39,443 - f2 - INFO - 开始爬取第 1666864869000 页
2024-11-25 19:16:39,857 - f2 - INFO - 第 1666864869000 页没有找到作品
2024-11-25 19:16:39,865 - f2 - INFO - 开始爬取第 1662717603000 页
2024-11-25 19:16:41,129 - f2 - INFO - 等待 10 秒后继续
2024-11-25 19:16:51,133 - f2 - INFO - 开始爬取第 1659092440000 页
2024-11-25 19:16:53,328 - f2 - INFO - 等待 10 秒后继续
2024-11-25 19:17:03,339 - f2 - INFO - 开始爬取第 1657359002000 页
2024-11-25 19:17:07,016 - f2 - INFO - 等待 10 秒后继续
2024-11-25 19:17:17,019 - f2 - INFO - 开始爬取第 1655117278000 页
2024-11-25 19:17:19,913 - f2 - INFO - 等待 10 秒后继续
2024-11-25 19:17:29,924 - f2 - INFO - 开始爬取第 1652523600000 页
2024-11-25 19:17:32,852 - f2 - INFO - 等待 10 秒后继续
2024-11-25 19:17:42,867 - f2 - INFO - 开始爬取第 1650090584000 页
2024-11-25 19:17:46,962 - f2 - INFO - 等待 10 秒后继续
2024-11-25 19:17:56,972 - f2 - INFO - 开始爬取第 1646908793000 页
2024-11-25 19:17:58,857 - f2 - INFO - 等待 10 秒后继续
2024-11-25 19:18:08,871 - f2 - INFO - 开始爬取第 1643020798000 页
2024-11-25 19:18:11,234 - f2 - INFO - 等待 10 秒后继续
2024-11-25 19:18:21,246 - f2 - INFO - 开始爬取第 1640690382000 页
2024-11-25 19:18:21,866 - f2 - INFO - 第 1640690382000 页没有找到作品
2024-11-25 19:18:21,874 - f2 - INFO - 开始爬取第 1634471040000 页
2024-11-25 19:18:22,391 - f2 - INFO - 第 1634471040000 页没有找到作品
2024-11-25 19:18:22,399 - f2 - INFO - 开始爬取第 1624798108000 页
2024-11-25 19:18:23,327 - f2 - INFO - 等待 10 秒后继续
2024-11-25 19:18:33,331 - f2 - INFO - 开始爬取第 1620442803000 页
2024-11-25 19:18:33,655 - f2 - INFO - 第 1620442803000 页没有找到作品
2024-11-25 19:18:33,660 - f2 - INFO - 用户: MS4wLjABAAAAunpkE2IXyHAxm4A24G5d1Cf5141pnZy8HwNR5f2-6pI_GYBVR-Pv23uFyfMPB_9I 所有作品采集完毕
2024-11-25 19:18:33,661 - f2 - INFO - 爬取结束，共爬取 357 个作品
