2024-12-12 13:10:31,152 - f2 - INFO - 应用：douyin
2024-12-12 13:10:31,169 - f2 - INFO - 模式：post
2024-12-12 13:10:31,170 - f2 - INFO - 主配置路径：D:\code\py-project\f2\f2\conf\app.yaml
2024-12-12 13:10:31,171 - f2 - INFO - 自定义配置路径：D:\code\py-project\f2\f2\conf\app.yaml
2024-12-12 13:10:32,584 - f2 - INFO - 开始爬取用户：MS4wLjABAAAAunpkE2IXyHAxm4A24G5d1Cf5141pnZy8HwNR5f2-6pI_GYBVR-Pv23uFyfMPB_9I 发布的作品
2024-12-12 13:10:32,586 - f2 - INFO - 开始爬取第 0 页
2024-12-12 13:10:38,631 - f2 - INFO - 等待 10 秒后继续
2024-12-12 13:10:48,635 - f2 - INFO - 开始爬取第 1729933800000 页
2024-12-12 13:10:51,756 - f2 - INFO - 等待 10 秒后继续
2024-12-12 13:11:01,757 - f2 - INFO - 开始爬取第 1727519520000 页
2024-12-12 13:11:04,678 - f2 - INFO - 等待 10 秒后继续
2024-12-12 13:11:14,689 - f2 - INFO - 开始爬取第 1724837400000 页
2024-12-12 13:11:18,027 - f2 - INFO - 等待 10 秒后继续
2024-12-12 13:11:28,029 - f2 - INFO - 开始爬取第 1722418200000 页
2024-12-12 13:11:31,486 - f2 - INFO - 等待 10 秒后继续
2024-12-12 13:11:41,495 - f2 - INFO - 开始爬取第 1719394200000 页
2024-12-12 13:11:44,964 - f2 - INFO - 等待 10 秒后继续
2024-12-12 13:11:54,972 - f2 - INFO - 开始爬取第 1715506200000 页
2024-12-12 13:11:58,541 - f2 - INFO - 等待 10 秒后继续
2024-12-12 13:12:08,547 - f2 - INFO - 开始爬取第 1712136600000 页
2024-12-12 13:12:11,679 - f2 - INFO - 等待 10 秒后继续
2024-12-12 13:12:21,687 - f2 - INFO - 开始爬取第 1706702778000 页
2024-12-12 13:12:24,941 - f2 - INFO - 等待 10 秒后继续
2024-12-12 13:12:34,949 - f2 - INFO - 开始爬取第 1701676470000 页
2024-12-12 13:12:38,255 - f2 - INFO - 等待 10 秒后继续
2024-12-12 13:12:48,253 - f2 - INFO - 开始爬取第 1697262130000 页
2024-12-12 13:12:51,922 - f2 - INFO - 等待 10 秒后继续
2024-12-12 13:13:01,937 - f2 - INFO - 开始爬取第 1692426887000 页
2024-12-12 13:13:05,435 - f2 - INFO - 等待 10 秒后继续
2024-12-12 13:13:15,451 - f2 - INFO - 开始爬取第 1688199300000 页
2024-12-12 13:13:18,827 - f2 - INFO - 等待 10 秒后继续
2024-12-12 13:13:28,829 - f2 - INFO - 开始爬取第 1682226657000 页
2024-12-12 13:13:31,857 - f2 - INFO - 等待 10 秒后继续
2024-12-12 13:13:41,865 - f2 - INFO - 开始爬取第 1676196000000 页
2024-12-12 13:13:43,818 - f2 - INFO - 等待 10 秒后继续
2024-12-12 13:13:53,831 - f2 - INFO - 开始爬取第 1672133403000 页
2024-12-12 13:13:54,743 - f2 - INFO - 等待 10 秒后继续
2024-12-12 13:14:04,754 - f2 - INFO - 开始爬取第 1667136687000 页
2024-12-12 13:14:05,275 - f2 - INFO - 第 1667136687000 页没有找到作品
2024-12-12 13:14:05,284 - f2 - INFO - 开始爬取第 1662717663000 页
2024-12-12 13:14:06,488 - f2 - INFO - 等待 10 秒后继续
2024-12-12 13:14:16,491 - f2 - INFO - 开始爬取第 1661048978000 页
2024-12-12 13:14:18,300 - f2 - INFO - 等待 10 秒后继续
2024-12-12 13:14:28,312 - f2 - INFO - 开始爬取第 1657359062000 页
2024-12-12 13:14:30,882 - f2 - INFO - 等待 10 秒后继续
2024-12-12 13:14:40,965 - f2 - INFO - 开始爬取第 1655881200000 页
2024-12-12 13:14:44,480 - f2 - INFO - 等待 10 秒后继续
2024-12-12 13:14:54,487 - f2 - INFO - 开始爬取第 1652523604000 页
2024-12-12 13:14:56,328 - f2 - INFO - 等待 10 秒后继续
2024-12-12 13:15:06,333 - f2 - INFO - 开始爬取第 1650090588000 页
2024-12-12 13:15:09,425 - f2 - INFO - 等待 10 秒后继续
2024-12-12 13:15:19,431 - f2 - INFO - 开始爬取第 1646918038000 页
2024-12-12 13:15:21,961 - f2 - INFO - 等待 10 秒后继续
2024-12-12 13:15:31,982 - f2 - INFO - 开始爬取第 1644226934000 页
2024-12-12 13:15:33,429 - f2 - INFO - 等待 10 秒后继续
2024-12-12 13:15:43,434 - f2 - INFO - 开始爬取第 1641483829000 页
2024-12-12 13:15:44,618 - f2 - INFO - 等待 10 秒后继续
2024-12-12 13:15:54,620 - f2 - INFO - 开始爬取第 1634733000000 页
2024-12-12 13:15:55,049 - f2 - INFO - 第 1634733000000 页没有找到作品
2024-12-12 13:15:55,059 - f2 - INFO - 开始爬取第 1630323280000 页
2024-12-12 13:15:56,094 - f2 - INFO - 等待 10 秒后继续
2024-12-12 13:16:06,104 - f2 - INFO - 开始爬取第 1621297151000 页
2024-12-12 13:16:06,481 - f2 - INFO - 第 1621297151000 页没有找到作品
2024-12-12 13:16:06,486 - f2 - INFO - 用户: MS4wLjABAAAAunpkE2IXyHAxm4A24G5d1Cf5141pnZy8HwNR5f2-6pI_GYBVR-Pv23uFyfMPB_9I 所有作品采集完毕
2024-12-12 13:16:06,487 - f2 - INFO - 爬取结束，共爬取 361 个作品
