2024-12-12 13:16:07,255 - f2 - INFO - 应用：douyin
2024-12-12 13:16:07,264 - f2 - INFO - 模式：post
2024-12-12 13:16:07,266 - f2 - INFO - 主配置路径：D:\code\py-project\f2\f2\conf\app.yaml
2024-12-12 13:16:07,266 - f2 - INFO - 自定义配置路径：D:\code\py-project\f2\f2\conf\app.yaml
2024-12-12 13:16:08,263 - f2 - INFO - 开始爬取用户：MS4wLjABAAAA8jyvEPbbmpxG1S3e_AQjCpibxpuk5WKOpm1-9I9WT1Y 发布的作品
2024-12-12 13:16:08,265 - f2 - INFO - 开始爬取第 0 页
2024-12-12 13:16:21,673 - f2 - INFO - 等待 10 秒后继续
2024-12-12 13:16:31,682 - f2 - INFO - 开始爬取第 1733398177000 页
2024-12-12 13:16:34,643 - f2 - INFO - 等待 10 秒后继续
2024-12-12 13:16:44,652 - f2 - INFO - 开始爬取第 1732370298000 页
2024-12-12 13:16:47,186 - f2 - INFO - 等待 10 秒后继续
2024-12-12 13:16:57,189 - f2 - INFO - 开始爬取第 1731590135000 页
2024-12-12 13:16:59,887 - f2 - INFO - 等待 10 秒后继续
2024-12-12 13:17:09,892 - f2 - INFO - 开始爬取第 1731054066000 页
2024-12-12 13:17:12,512 - f2 - INFO - 等待 10 秒后继续
2024-12-12 13:17:22,529 - f2 - INFO - 开始爬取第 1730609221000 页
2024-12-12 13:17:25,961 - f2 - INFO - 等待 10 秒后继续
2024-12-12 13:17:35,973 - f2 - INFO - 开始爬取第 1730034920000 页
2024-12-12 13:17:39,379 - f2 - INFO - 等待 10 秒后继续
2024-12-12 13:17:49,393 - f2 - INFO - 开始爬取第 1729496676000 页
2024-12-12 13:17:52,645 - f2 - INFO - 等待 10 秒后继续
2024-12-12 13:18:02,648 - f2 - INFO - 开始爬取第 1728902242000 页
2024-12-12 13:18:06,173 - f2 - INFO - 等待 10 秒后继续
2024-12-12 13:18:16,184 - f2 - INFO - 开始爬取第 1728211557000 页
2024-12-12 13:18:19,766 - f2 - INFO - 等待 10 秒后继续
2024-12-12 13:18:29,795 - f2 - INFO - 开始爬取第 1727419794000 页
2024-12-12 13:18:33,581 - f2 - INFO - 等待 10 秒后继续
2024-12-12 13:18:43,593 - f2 - INFO - 开始爬取第 1726620284000 页
2024-12-12 13:18:47,842 - f2 - INFO - 等待 10 秒后继续
2024-12-12 13:18:57,856 - f2 - INFO - 开始爬取第 1725968635000 页
2024-12-12 13:19:02,072 - f2 - INFO - 等待 10 秒后继续
2024-12-12 13:19:12,077 - f2 - INFO - 开始爬取第 1724831768000 页
2024-12-12 13:19:14,355 - f2 - INFO - 等待 10 秒后继续
2024-12-12 13:19:24,362 - f2 - INFO - 开始爬取第 1724073275000 页
2024-12-12 13:19:27,670 - f2 - INFO - 等待 10 秒后继续
2024-12-12 13:19:37,677 - f2 - INFO - 开始爬取第 1722998785000 页
2024-12-12 13:19:39,155 - f2 - INFO - 等待 10 秒后继续
2024-12-12 13:19:49,166 - f2 - INFO - 开始爬取第 1560010674000 页
2024-12-12 13:19:49,412 - f2 - INFO - 第 1560010674000 页没有找到作品
2024-12-12 13:19:49,418 - f2 - INFO - 用户: MS4wLjABAAAA8jyvEPbbmpxG1S3e_AQjCpibxpuk5WKOpm1-9I9WT1Y 所有作品采集完毕
2024-12-12 13:19:49,419 - f2 - INFO - 爬取结束，共爬取 263 个作品
