2024-11-20 20:19:36,865 - f2 - INFO - 应用：douyin
2024-11-20 20:19:36,875 - f2 - INFO - 模式：post
2024-11-20 20:19:36,876 - f2 - INFO - 主配置路径：D:\code\py-project\f2\f2\conf\app.yaml
2024-11-20 20:19:36,876 - f2 - INFO - 自定义配置路径：D:\code\py-project\f2\f2\conf\app.yaml
2024-11-20 20:19:37,927 - f2 - INFO - 开始爬取用户：MS4wLjABAAAA9KcmGhis4sBwy6Cle-R1N1mcKkmj4Om7n91l8FjEIqU 发布的作品
2024-11-20 20:19:37,928 - f2 - INFO - 开始爬取第 0 页
2024-11-20 20:19:45,839 - f2 - INFO - 等待 10 秒后继续
2024-11-20 20:19:55,842 - f2 - INFO - 开始爬取第 1730420329000 页
2024-11-20 20:19:57,880 - f2 - INFO - 等待 10 秒后继续
2024-11-20 20:20:07,890 - f2 - INFO - 开始爬取第 1728648474000 页
2024-11-20 20:20:10,336 - f2 - INFO - 等待 10 秒后继续
2024-11-20 20:20:20,345 - f2 - INFO - 开始爬取第 1726827414000 页
2024-11-20 20:20:21,872 - f2 - INFO - 等待 10 秒后继续
2024-11-20 20:20:31,887 - f2 - INFO - 开始爬取第 1725063360000 页
2024-11-20 20:20:33,788 - f2 - INFO - 等待 10 秒后继续
2024-11-20 20:20:43,800 - f2 - INFO - 开始爬取第 1723457852000 页
2024-11-20 20:20:47,961 - f2 - INFO - 等待 10 秒后继续
2024-11-20 20:20:57,970 - f2 - INFO - 开始爬取第 1721706222000 页
2024-11-20 20:21:01,368 - f2 - INFO - 等待 10 秒后继续
2024-11-20 20:21:11,383 - f2 - INFO - 开始爬取第 1719977400000 页
2024-11-20 20:21:14,442 - f2 - INFO - 等待 10 秒后继续
2024-11-20 20:21:24,444 - f2 - INFO - 开始爬取第 1718249400000 页
2024-11-20 20:21:26,697 - f2 - INFO - 等待 10 秒后继续
2024-11-20 20:21:36,703 - f2 - INFO - 开始爬取第 1716355005000 页
2024-11-20 20:21:39,363 - f2 - INFO - 等待 10 秒后继续
2024-11-20 20:21:49,358 - f2 - INFO - 开始爬取第 1714608000000 页
2024-11-20 20:21:51,426 - f2 - INFO - 等待 10 秒后继续
2024-11-20 20:22:01,430 - f2 - INFO - 开始爬取第 1712826257000 页
2024-11-20 20:22:04,054 - f2 - INFO - 等待 10 秒后继续
2024-11-20 20:22:14,067 - f2 - INFO - 开始爬取第 1711151803000 页
2024-11-20 20:22:17,435 - f2 - INFO - 等待 10 秒后继续
2024-11-20 20:22:27,440 - f2 - INFO - 开始爬取第 1709508133000 页
2024-11-20 20:22:30,598 - f2 - INFO - 等待 10 秒后继续
2024-11-20 20:22:40,616 - f2 - INFO - 开始爬取第 1707868800000 页
2024-11-20 20:22:43,122 - f2 - INFO - 等待 10 秒后继续
2024-11-20 20:22:53,136 - f2 - INFO - 开始爬取第 1706140828000 页
2024-11-20 20:22:55,976 - f2 - INFO - 等待 10 秒后继续
2024-11-20 20:23:05,980 - f2 - INFO - 开始爬取第 1704326729000 页
2024-11-20 20:23:09,348 - f2 - INFO - 等待 10 秒后继续
2024-11-20 20:23:19,365 - f2 - INFO - 开始爬取第 1702728050000 页
2024-11-20 20:23:21,021 - f2 - INFO - 等待 10 秒后继续
2024-11-20 20:23:31,031 - f2 - INFO - 开始爬取第 1701052796000 页
2024-11-20 20:23:32,556 - f2 - INFO - 等待 10 秒后继续
2024-11-20 20:23:42,563 - f2 - INFO - 开始爬取第 1699618499000 页
2024-11-20 20:23:43,853 - f2 - INFO - 等待 10 秒后继续
2024-11-20 20:23:53,856 - f2 - INFO - 开始爬取第 1697932301000 页
2024-11-20 20:23:56,744 - f2 - INFO - 等待 10 秒后继续
2024-11-20 20:24:06,753 - f2 - INFO - 开始爬取第 1696377600000 页
2024-11-20 20:24:08,588 - f2 - INFO - 等待 10 秒后继续
2024-11-20 20:24:18,596 - f2 - INFO - 开始爬取第 1694501092000 页
2024-11-20 20:24:19,874 - f2 - INFO - 等待 10 秒后继续
2024-11-20 20:24:29,888 - f2 - INFO - 开始爬取第 1693092918000 页
2024-11-20 20:24:32,061 - f2 - INFO - 等待 10 秒后继续
2024-11-20 20:24:42,076 - f2 - INFO - 开始爬取第 1691366805000 页
2024-11-20 20:24:43,978 - f2 - INFO - 等待 10 秒后继续
2024-11-20 20:24:53,993 - f2 - INFO - 开始爬取第 1689724834000 页
2024-11-20 20:24:55,960 - f2 - INFO - 等待 10 秒后继续
2024-11-20 20:25:05,975 - f2 - INFO - 开始爬取第 1688083652000 页
2024-11-20 20:25:07,527 - f2 - INFO - 等待 10 秒后继续
2024-11-20 20:25:17,533 - f2 - INFO - 开始爬取第 1686355566000 页
2024-11-20 20:25:19,022 - f2 - INFO - 等待 10 秒后继续
2024-11-20 20:25:29,023 - f2 - INFO - 开始爬取第 1685059243000 页
2024-11-20 20:25:30,751 - f2 - INFO - 等待 10 秒后继续
2024-11-20 20:25:40,763 - f2 - INFO - 开始爬取第 1683417188000 页
2024-11-20 20:25:43,257 - f2 - INFO - 等待 10 秒后继续
2024-11-20 20:25:53,263 - f2 - INFO - 开始爬取第 1681688698000 页
2024-11-20 20:25:55,487 - f2 - INFO - 等待 10 秒后继续
2024-11-20 20:26:05,496 - f2 - INFO - 开始爬取第 1679961966000 页
2024-11-20 20:26:07,513 - f2 - INFO - 等待 10 秒后继续
2024-11-20 20:26:17,528 - f2 - INFO - 开始爬取第 1678244769000 页
2024-11-20 20:26:19,050 - f2 - INFO - 等待 10 秒后继续
2024-11-20 20:26:29,058 - f2 - INFO - 开始爬取第 1676418280000 页
2024-11-20 20:26:30,821 - f2 - INFO - 等待 10 秒后继续
2024-11-20 20:26:40,826 - f2 - INFO - 开始爬取第 1674000007000 页
2024-11-20 20:26:41,671 - f2 - INFO - 等待 10 秒后继续
2024-11-20 20:26:51,684 - f2 - INFO - 开始爬取第 1672358033000 页
2024-11-20 20:26:52,945 - f2 - INFO - 等待 10 秒后继续
2024-11-20 20:27:02,956 - f2 - INFO - 开始爬取第 1670115306000 页
2024-11-20 20:27:03,918 - f2 - INFO - 等待 10 秒后继续
2024-11-20 20:27:13,931 - f2 - INFO - 开始爬取第 1667779942000 页
2024-11-20 20:27:14,504 - f2 - INFO - 等待 10 秒后继续
2024-11-20 20:27:24,513 - f2 - INFO - 开始爬取第 1665965189000 页
2024-11-20 20:27:25,124 - f2 - INFO - 等待 10 秒后继续
2024-11-20 20:27:35,136 - f2 - INFO - 开始爬取第 1664237207000 页
2024-11-20 20:27:36,081 - f2 - INFO - 等待 10 秒后继续
2024-11-20 20:27:46,102 - f2 - INFO - 开始爬取第 1662336386000 页
2024-11-20 20:27:47,783 - f2 - INFO - 等待 10 秒后继续
2024-11-20 20:27:57,795 - f2 - INFO - 开始爬取第 1660608933000 页
2024-11-20 20:27:59,797 - f2 - INFO - 等待 10 秒后继续
2024-11-20 20:28:09,815 - f2 - INFO - 开始爬取第 1658707875000 页
2024-11-20 20:28:11,079 - f2 - INFO - 等待 10 秒后继续
2024-11-20 20:28:21,099 - f2 - INFO - 开始爬取第 1657066351000 页
2024-11-20 20:28:23,250 - f2 - INFO - 等待 10 秒后继续
2024-11-20 20:28:33,265 - f2 - INFO - 开始爬取第 1655251234000 页
2024-11-20 20:28:34,195 - f2 - INFO - 等待 10 秒后继续
2024-11-20 20:28:44,199 - f2 - INFO - 开始爬取第 1653523912000 页
2024-11-20 20:28:45,374 - f2 - INFO - 等待 10 秒后继续
2024-11-20 20:28:55,381 - f2 - INFO - 开始爬取第 1651795891000 页
2024-11-20 20:28:57,110 - f2 - INFO - 等待 10 秒后继续
2024-11-20 20:29:07,121 - f2 - INFO - 开始爬取第 1650067202000 页
2024-11-20 20:29:08,367 - f2 - INFO - 等待 10 秒后继续
2024-11-20 20:29:18,384 - f2 - INFO - 开始爬取第 1648253494000 页
2024-11-20 20:29:19,625 - f2 - INFO - 等待 10 秒后继续
2024-11-20 20:29:29,638 - f2 - INFO - 开始爬取第 1646352560000 页
2024-11-20 20:29:31,141 - f2 - INFO - 等待 10 秒后继续
2024-11-20 20:29:41,145 - f2 - INFO - 开始爬取第 1644538565000 页
2024-11-20 20:29:43,202 - f2 - INFO - 等待 10 秒后继续
2024-11-20 20:29:53,213 - f2 - INFO - 开始爬取第 1642637758000 页
2024-11-20 20:29:54,748 - f2 - INFO - 等待 10 秒后继续
2024-11-20 20:30:04,760 - f2 - INFO - 开始爬取第 1640823566000 页
2024-11-20 20:30:05,640 - f2 - INFO - 等待 10 秒后继续
2024-11-20 20:30:15,647 - f2 - INFO - 开始爬取第 1639094575000 页
2024-11-20 20:30:16,355 - f2 - INFO - 等待 10 秒后继续
2024-11-20 20:30:26,360 - f2 - INFO - 开始爬取第 1637367380000 页
2024-11-20 20:30:27,379 - f2 - INFO - 等待 10 秒后继续
2024-11-20 20:30:37,394 - f2 - INFO - 开始爬取第 1635640576000 页
2024-11-20 20:30:38,798 - f2 - INFO - 等待 10 秒后继续
2024-11-20 20:30:48,802 - f2 - INFO - 开始爬取第 1633911486000 页
2024-11-20 20:30:50,400 - f2 - INFO - 等待 10 秒后继续
2024-11-20 20:31:00,410 - f2 - INFO - 开始爬取第 1632020706000 页
2024-11-20 20:31:02,270 - f2 - INFO - 等待 10 秒后继续
2024-11-20 20:31:12,273 - f2 - INFO - 开始爬取第 1630109762000 页
2024-11-20 20:31:14,774 - f2 - INFO - 等待 10 秒后继续
2024-11-20 20:31:24,779 - f2 - INFO - 开始爬取第 1628467200000 页
2024-11-20 20:31:27,253 - f2 - INFO - 等待 10 秒后继续
2024-11-20 20:31:37,274 - f2 - INFO - 开始爬取第 1626394545000 页
2024-11-20 20:31:39,451 - f2 - INFO - 等待 10 秒后继续
2024-11-20 20:31:49,466 - f2 - INFO - 开始爬取第 1624492924000 页
2024-11-20 20:31:51,775 - f2 - INFO - 等待 10 秒后继续
2024-11-20 20:32:01,780 - f2 - INFO - 开始爬取第 1622765808000 页
2024-11-20 20:32:04,768 - f2 - INFO - 等待 10 秒后继续
2024-11-20 20:32:14,774 - f2 - INFO - 开始爬取第 1621037607000 页
2024-11-20 20:32:17,083 - f2 - INFO - 等待 10 秒后继续
2024-11-20 20:32:27,090 - f2 - INFO - 开始爬取第 1619409516000 页
2024-11-20 20:32:27,825 - f2 - INFO - 等待 10 秒后继续
2024-11-20 20:32:37,848 - f2 - INFO - 开始爬取第 1617767109000 页
2024-11-20 20:32:39,017 - f2 - INFO - 第 1617767109000 页没有找到作品
2024-11-20 20:32:39,025 - f2 - INFO - 开始爬取第 1616064195000 页
2024-11-20 20:32:40,325 - f2 - INFO - 等待 10 秒后继续
2024-11-20 20:32:50,327 - f2 - INFO - 开始爬取第 1614398470000 页
2024-11-20 20:32:50,952 - f2 - INFO - 第 1614398470000 页没有找到作品
2024-11-20 20:32:50,960 - f2 - INFO - 开始爬取第 1612843443000 页
2024-11-20 20:32:51,618 - f2 - INFO - 第 1612843443000 页没有找到作品
2024-11-20 20:32:51,626 - f2 - INFO - 开始爬取第 1611567147000 页
2024-11-20 20:32:52,436 - f2 - INFO - 等待 10 秒后继续
2024-11-20 20:33:02,462 - f2 - INFO - 开始爬取第 1610423750000 页
2024-11-20 20:33:03,547 - f2 - INFO - 第 1610423750000 页没有找到作品
2024-11-20 20:33:03,556 - f2 - INFO - 开始爬取第 1609125310000 页
2024-11-20 20:33:04,210 - f2 - INFO - 第 1609125310000 页没有找到作品
2024-11-20 20:33:04,219 - f2 - INFO - 开始爬取第 1607742285000 页
2024-11-20 20:33:04,826 - f2 - INFO - 第 1607742285000 页没有找到作品
2024-11-20 20:33:04,835 - f2 - INFO - 开始爬取第 1606491596000 页
2024-11-20 20:33:05,893 - f2 - INFO - 第 1606491596000 页没有找到作品
2024-11-20 20:33:05,902 - f2 - INFO - 开始爬取第 1605150161000 页
2024-11-20 20:33:06,821 - f2 - INFO - 等待 10 秒后继续
2024-11-20 20:33:16,837 - f2 - INFO - 开始爬取第 1603594954000 页
2024-11-20 20:33:17,703 - f2 - INFO - 等待 10 秒后继续
2024-11-20 20:33:27,719 - f2 - INFO - 开始爬取第 1602039600000 页
2024-11-20 20:33:28,392 - f2 - INFO - 第 1602039600000 页没有找到作品
2024-11-20 20:33:28,401 - f2 - INFO - 开始爬取第 1600605443000 页
2024-11-20 20:33:28,825 - f2 - INFO - 第 1600605443000 页没有找到作品
2024-11-20 20:33:28,833 - f2 - INFO - 开始爬取第 1598934596000 页
2024-11-20 20:33:29,270 - f2 - INFO - 第 1598934596000 页没有找到作品
2024-11-20 20:33:29,278 - f2 - INFO - 开始爬取第 1597634100000 页
2024-11-20 20:33:29,681 - f2 - INFO - 第 1597634100000 页没有找到作品
2024-11-20 20:33:29,688 - f2 - INFO - 开始爬取第 1596278412000 页
2024-11-20 20:33:30,504 - f2 - INFO - 等待 10 秒后继续
2024-11-20 20:33:40,522 - f2 - INFO - 开始爬取第 1594956399000 页
2024-11-20 20:33:41,455 - f2 - ERROR - HTTP状态错误: https://v3-web.douyinvod.com/8276f81901e20b294612f07d3112565d/673e016d/video/tos/cn/tos-cn-ve-15/111d00cb12e34b6988c4bb7f8f5fbb28/?a=6383&ch=10010&cr=3&dr=0&lr=all&cd=0%7C0%7C0%7C3&cv=1&br=2143&bt=2143&cs=0&ds=6&ft=AJkeU_TERR0sTlC42NW2Nc0iPMgzbLM4L.1U_4QmOf_2Nv7TGW&mime_type=video_mp4&qs=0&rc=aDc3aDw6O2lpMzo5OmczOEBpamlsamd1PDtkdTMzNGkzM0A1LWJgLTQxNi0xLi4uYDI0YSNqNG9jNGktNXNfLS0vLS9zcw%3D%3D&btag=80000e00010000&cquery=101r_100B_100x_102u_100o&dy_q=1732106020&l=202411202033408F33B338B56960032B0C, 状态码: 404
2024-11-20 20:33:41,458 - f2 - WARNING - 链接 https://v3-web.douyinvod.com/8276f81901e20b294612f07d3112565d/673e016d/video/tos/cn/tos-cn-ve-15/111d00cb12e34b6988c4bb7f8f5fbb28/?a=6383&ch=10010&cr=3&dr=0&lr=all&cd=0%7C0%7C0%7C3&cv=1&br=2143&bt=2143&cs=0&ds=6&ft=AJkeU_TERR0sTlC42NW2Nc0iPMgzbLM4L.1U_4QmOf_2Nv7TGW&mime_type=video_mp4&qs=0&rc=aDc3aDw6O2lpMzo5OmczOEBpamlsamd1PDtkdTMzNGkzM0A1LWJgLTQxNi0xLi4uYDI0YSNqNG9jNGktNXNfLS0vLS9zcw%3D%3D&btag=80000e00010000&cquery=101r_100B_100x_102u_100o&dy_q=1732106020&l=202411202033408F33B338B56960032B0C 内容长度为0，尝试下一个链接是否可用
2024-11-20 20:33:41,828 - f2 - ERROR - HTTP状态错误: https://v26-web.douyinvod.com/22caec8e2db06ceae029ed87e58b7d03/673e016d/video/tos/cn/tos-cn-ve-15/111d00cb12e34b6988c4bb7f8f5fbb28/?a=6383&ch=10010&cr=3&dr=0&lr=all&cd=0%7C0%7C0%7C3&cv=1&br=2143&bt=2143&cs=0&ds=6&ft=AJkeU_TERR0sTlC42NW2Nc0iPMgzbLM4L.1U_4QmOf_2Nv7TGW&mime_type=video_mp4&qs=0&rc=aDc3aDw6O2lpMzo5OmczOEBpamlsamd1PDtkdTMzNGkzM0A1LWJgLTQxNi0xLi4uYDI0YSNqNG9jNGktNXNfLS0vLS9zcw%3D%3D&btag=80000e00010000&cquery=101r_100B_100x_102u_100o&dy_q=1732106020&l=202411202033408F33B338B56960032B0C, 状态码: 404
2024-11-20 20:33:41,831 - f2 - WARNING - 链接 https://v26-web.douyinvod.com/22caec8e2db06ceae029ed87e58b7d03/673e016d/video/tos/cn/tos-cn-ve-15/111d00cb12e34b6988c4bb7f8f5fbb28/?a=6383&ch=10010&cr=3&dr=0&lr=all&cd=0%7C0%7C0%7C3&cv=1&br=2143&bt=2143&cs=0&ds=6&ft=AJkeU_TERR0sTlC42NW2Nc0iPMgzbLM4L.1U_4QmOf_2Nv7TGW&mime_type=video_mp4&qs=0&rc=aDc3aDw6O2lpMzo5OmczOEBpamlsamd1PDtkdTMzNGkzM0A1LWJgLTQxNi0xLi4uYDI0YSNqNG9jNGktNXNfLS0vLS9zcw%3D%3D&btag=80000e00010000&cquery=101r_100B_100x_102u_100o&dy_q=1732106020&l=202411202033408F33B338B56960032B0C 内容长度为0，尝试下一个链接是否可用
2024-11-20 20:33:42,713 - f2 - ERROR - HTTP状态错误: https://www.douyin.com/aweme/v1/play/?video_id=v0200f210000brva8809lr7dfgri7fmg&line=0&file_id=7550cd171617400f9f487709cee4048e&sign=c9b424b989a9096fabbc97c5907febef&is_play_url=1&source=PackSourceEnum_PUBLISH, 状态码: 404
2024-11-20 20:33:42,715 - f2 - WARNING - 链接 https://www.douyin.com/aweme/v1/play/?video_id=v0200f210000brva8809lr7dfgri7fmg&line=0&file_id=7550cd171617400f9f487709cee4048e&sign=c9b424b989a9096fabbc97c5907febef&is_play_url=1&source=PackSourceEnum_PUBLISH 内容长度为0，尝试下一个链接是否可用
2024-11-20 20:33:42,716 - f2 - WARNING - 所有链接都无法下载
2024-11-20 20:33:42,740 - f2 - INFO - 等待 10 秒后继续
2024-11-20 20:33:52,757 - f2 - INFO - 开始爬取第 1593510961000 页
2024-11-20 20:33:53,158 - f2 - INFO - 第 1593510961000 页没有找到作品
2024-11-20 20:33:53,167 - f2 - INFO - 开始爬取第 1591931747000 页
2024-11-20 20:33:53,580 - f2 - INFO - 第 1591931747000 页没有找到作品
2024-11-20 20:33:53,588 - f2 - INFO - 开始爬取第 1589710406000 页
2024-11-20 20:33:53,930 - f2 - INFO - 第 1589710406000 页没有找到作品
2024-11-20 20:33:53,935 - f2 - INFO - 用户: MS4wLjABAAAA9KcmGhis4sBwy6Cle-R1N1mcKkmj4Om7n91l8FjEIqU 所有作品采集完毕
2024-11-20 20:33:53,936 - f2 - INFO - 爬取结束，共爬取 496 个作品
