2024-11-30 12:47:24,298 - f2 - INFO - 应用：douyin
2024-11-30 12:47:24,308 - f2 - INFO - 模式：post
2024-11-30 12:47:24,309 - f2 - INFO - 主配置路径：D:\code\py-project\f2\f2\conf\app.yaml
2024-11-30 12:47:24,310 - f2 - INFO - 自定义配置路径：D:\code\py-project\f2\f2\conf\app.yaml
2024-11-30 12:47:25,351 - f2 - INFO - 开始爬取用户：MS4wLjABAAAAQRNQx7KfzmjfhOFn8HO5Pgnvj2Ww6DbFDM6CwGtboMPkLVtScEU2RLVW-OQYdiHp 发布的作品
2024-11-30 12:47:25,352 - f2 - INFO - 开始爬取第 0 页
2024-11-30 12:47:46,957 - f2 - INFO - 等待 10 秒后继续
2024-11-30 12:47:56,960 - f2 - INFO - 开始爬取第 1730862000000 页
2024-11-30 12:48:00,507 - f2 - INFO - 等待 10 秒后继续
2024-11-30 12:48:10,517 - f2 - INFO - 开始爬取第 1728270000000 页
2024-11-30 12:48:14,015 - f2 - INFO - 等待 10 秒后继续
2024-11-30 12:48:24,018 - f2 - INFO - 开始爬取第 1726196400000 页
2024-11-30 12:48:27,432 - f2 - INFO - 等待 10 秒后继续
2024-11-30 12:48:37,435 - f2 - INFO - 开始爬取第 1723690800000 页
2024-11-30 12:48:40,946 - f2 - INFO - 等待 10 秒后继续
2024-11-30 12:48:50,954 - f2 - INFO - 开始爬取第 1721271600000 页
2024-11-30 12:48:54,511 - f2 - INFO - 等待 10 秒后继续
2024-11-30 12:49:04,514 - f2 - INFO - 开始爬取第 1718787846000 页
2024-11-30 12:49:07,678 - f2 - INFO - 等待 10 秒后继续
2024-11-30 12:49:17,691 - f2 - INFO - 开始爬取第 1716778800000 页
2024-11-30 12:49:21,135 - f2 - INFO - 等待 10 秒后继续
2024-11-30 12:49:31,148 - f2 - INFO - 开始爬取第 1715050800000 页
2024-11-30 12:49:34,992 - f2 - INFO - 等待 10 秒后继续
2024-11-30 12:49:45,004 - f2 - INFO - 开始爬取第 1712890800000 页
2024-11-30 12:49:49,271 - f2 - INFO - 等待 10 秒后继续
2024-11-30 12:49:59,282 - f2 - INFO - 开始爬取第 1710903600000 页
2024-11-30 12:50:03,457 - f2 - INFO - 等待 10 秒后继续
2024-11-30 12:50:13,468 - f2 - INFO - 开始爬取第 1709175600000 页
2024-11-30 12:50:17,465 - f2 - INFO - 等待 10 秒后继续
2024-11-30 12:50:27,483 - f2 - INFO - 开始爬取第 1707469802000 页
2024-11-30 12:50:31,586 - f2 - INFO - 等待 10 秒后继续
2024-11-30 12:50:41,628 - f2 - INFO - 开始爬取第 1706155200000 页
2024-11-30 12:50:45,980 - f2 - INFO - 等待 10 秒后继续
2024-11-30 12:50:55,989 - f2 - INFO - 开始爬取第 1705204800000 页
2024-11-30 12:51:00,326 - f2 - INFO - 等待 10 秒后继续
2024-11-30 12:51:10,353 - f2 - INFO - 开始爬取第 1704168000000 页
2024-11-30 12:51:14,668 - f2 - INFO - 等待 10 秒后继续
2024-11-30 12:51:24,677 - f2 - INFO - 开始爬取第 1702857600000 页
2024-11-30 12:51:29,080 - f2 - INFO - 等待 10 秒后继续
2024-11-30 12:51:39,082 - f2 - INFO - 开始爬取第 1702080000000 页
2024-11-30 12:51:43,842 - f2 - INFO - 等待 10 秒后继续
2024-11-30 12:51:53,843 - f2 - INFO - 开始爬取第 1701302400000 页
2024-11-30 12:51:58,365 - f2 - INFO - 等待 10 秒后继续
2024-11-30 12:52:08,367 - f2 - INFO - 开始爬取第 1699156800000 页
2024-11-30 12:52:12,970 - f2 - INFO - 等待 10 秒后继续
2024-11-30 12:52:22,976 - f2 - INFO - 开始爬取第 1697512599000 页
2024-11-30 12:52:27,976 - f2 - INFO - 等待 10 秒后继续
2024-11-30 12:52:37,991 - f2 - INFO - 开始爬取第 1694750400000 页
2024-11-30 12:52:43,042 - f2 - INFO - 等待 10 秒后继续
2024-11-30 12:52:53,047 - f2 - INFO - 开始爬取第 1692849600000 页
2024-11-30 12:52:57,811 - f2 - INFO - 等待 10 秒后继续
2024-11-30 12:53:07,821 - f2 - INFO - 开始爬取第 1691640000000 页
2024-11-30 12:53:12,320 - f2 - INFO - 等待 10 秒后继续
2024-11-30 12:53:22,321 - f2 - INFO - 开始爬取第 1689566400000 页
2024-11-30 12:53:27,120 - f2 - INFO - 等待 10 秒后继续
2024-11-30 12:53:37,129 - f2 - INFO - 开始爬取第 1687838400000 页
2024-11-30 12:53:41,807 - f2 - INFO - 等待 10 秒后继续
2024-11-30 12:53:51,814 - f2 - INFO - 开始爬取第 1686110400000 页
2024-11-30 12:53:56,724 - f2 - INFO - 等待 10 秒后继续
2024-11-30 12:54:06,731 - f2 - INFO - 开始爬取第 1684209600000 页
2024-11-30 12:54:11,588 - f2 - INFO - 等待 10 秒后继续
2024-11-30 12:54:21,604 - f2 - INFO - 开始爬取第 1682481600000 页
2024-11-30 12:54:26,900 - f2 - INFO - 等待 10 秒后继续
2024-11-30 12:54:36,906 - f2 - INFO - 开始爬取第 1681171200000 页
2024-11-30 12:54:42,296 - f2 - INFO - 等待 10 秒后继续
2024-11-30 12:54:52,297 - f2 - INFO - 开始爬取第 1680321600000 页
2024-11-30 12:54:57,745 - f2 - INFO - 等待 10 秒后继续
2024-11-30 12:55:07,756 - f2 - INFO - 开始爬取第 1679310000000 页
2024-11-30 12:55:13,300 - f2 - INFO - 等待 10 秒后继续
2024-11-30 12:55:23,325 - f2 - INFO - 开始爬取第 1678932913000 页
2024-11-30 12:55:28,230 - f2 - INFO - 等待 10 秒后继续
2024-11-30 12:55:38,242 - f2 - INFO - 开始爬取第 1678528800000 页
2024-11-30 12:55:44,014 - f2 - INFO - 等待 10 秒后继续
2024-11-30 12:55:54,023 - f2 - INFO - 开始爬取第 1678075200000 页
2024-11-30 12:55:59,845 - f2 - INFO - 等待 10 秒后继续
2024-11-30 12:56:09,860 - f2 - INFO - 开始爬取第 1677643200000 页
2024-11-30 12:56:17,128 - f2 - INFO - 等待 10 秒后继续
2024-11-30 12:56:27,135 - f2 - INFO - 开始爬取第 1677153600000 页
2024-11-30 12:56:33,588 - f2 - INFO - 等待 10 秒后继续
2024-11-30 12:56:43,600 - f2 - INFO - 开始爬取第 1676800800000 页
2024-11-30 12:56:50,105 - f2 - INFO - 等待 10 秒后继续
2024-11-30 12:57:00,116 - f2 - INFO - 开始爬取第 1676246400000 页
2024-11-30 12:57:06,722 - f2 - INFO - 等待 10 秒后继续
2024-11-30 12:57:16,748 - f2 - INFO - 开始爬取第 1675053895000 页
2024-11-30 12:57:23,200 - f2 - INFO - 等待 10 秒后继续
2024-11-30 12:57:33,216 - f2 - INFO - 开始爬取第 1672891200000 页
2024-11-30 12:57:39,097 - f2 - INFO - 等待 10 秒后继续
2024-11-30 12:57:49,113 - f2 - INFO - 开始爬取第 1671961590000 页
2024-11-30 12:57:55,218 - f2 - INFO - 等待 10 秒后继续
2024-11-30 12:58:05,220 - f2 - INFO - 开始爬取第 1666230384000 页
2024-11-30 12:58:08,651 - f2 - INFO - 等待 10 秒后继续
2024-11-30 12:58:18,658 - f2 - INFO - 开始爬取第 1665474395000 页
2024-11-30 12:58:18,951 - f2 - INFO - 第 1665474395000 页没有找到作品
2024-11-30 12:58:18,957 - f2 - INFO - 用户: MS4wLjABAAAAQRNQx7KfzmjfhOFn8HO5Pgnvj2Ww6DbFDM6CwGtboMPkLVtScEU2RLVW-OQYdiHp 所有作品采集完毕
2024-11-30 12:58:18,958 - f2 - INFO - 爬取结束，共爬取 824 个作品
