2024-12-08 23:31:28,038 - f2 - INFO - 应用：douyin
2024-12-08 23:31:28,047 - f2 - INFO - 模式：post
2024-12-08 23:31:28,048 - f2 - INFO - 主配置路径：D:\code\py-project\f2\f2\conf\app.yaml
2024-12-08 23:31:28,049 - f2 - INFO - 自定义配置路径：D:\code\py-project\f2\f2\conf\app.yaml
2024-12-08 23:31:29,046 - f2 - INFO - 开始爬取用户：MS4wLjABAAAA9KcmGhis4sBwy6Cle-R1N1mcKkmj4Om7n91l8FjEIqU 发布的作品
2024-12-08 23:31:29,047 - f2 - INFO - 开始爬取第 0 页
2024-12-08 23:31:37,074 - f2 - INFO - 等待 10 秒后继续
2024-12-08 23:31:47,088 - f2 - INFO - 开始爬取第 1731973899000 页
2024-12-08 23:31:49,044 - f2 - INFO - 等待 10 秒后继续
2024-12-08 23:31:59,049 - f2 - INFO - 开始爬取第 1730246603000 页
2024-12-08 23:32:01,218 - f2 - INFO - 等待 10 秒后继续
2024-12-08 23:32:11,227 - f2 - INFO - 开始爬取第 1728431751000 页
2024-12-08 23:32:13,520 - f2 - INFO - 等待 10 秒后继续
2024-12-08 23:32:23,532 - f2 - INFO - 开始爬取第 1726618897000 页
2024-12-08 23:32:24,698 - f2 - INFO - 等待 10 秒后继续
2024-12-08 23:32:34,700 - f2 - INFO - 开始爬取第 1724890229000 页
2024-12-08 23:32:36,375 - f2 - INFO - 等待 10 秒后继续
2024-12-08 23:32:46,380 - f2 - INFO - 开始爬取第 1723174172000 页
2024-12-08 23:32:47,930 - f2 - INFO - 等待 10 秒后继续
2024-12-08 23:32:57,938 - f2 - INFO - 开始爬取第 1721542768000 页
2024-12-08 23:33:00,644 - f2 - INFO - 等待 10 秒后继续
2024-12-08 23:33:10,656 - f2 - INFO - 开始爬取第 1719805200000 页
2024-12-08 23:33:13,262 - f2 - INFO - 等待 10 秒后继续
2024-12-08 23:33:23,272 - f2 - INFO - 开始爬取第 1718088510000 页
2024-12-08 23:33:25,622 - f2 - INFO - 等待 10 秒后继续
2024-12-08 23:33:35,640 - f2 - INFO - 开始爬取第 1716176425000 页
2024-12-08 23:33:37,444 - f2 - INFO - 等待 10 秒后继续
2024-12-08 23:33:47,456 - f2 - INFO - 开始爬取第 1714435535000 页
2024-12-08 23:33:49,147 - f2 - INFO - 等待 10 秒后继续
2024-12-08 23:33:59,159 - f2 - INFO - 开始爬取第 1712621935000 页
2024-12-08 23:34:00,916 - f2 - INFO - 等待 10 秒后继续
2024-12-08 23:34:10,929 - f2 - INFO - 开始爬取第 1710979243000 页
2024-12-08 23:34:13,505 - f2 - INFO - 等待 10 秒后继续
2024-12-08 23:34:23,511 - f2 - INFO - 开始爬取第 1709373509000 页
2024-12-08 23:34:26,085 - f2 - INFO - 等待 10 秒后继续
2024-12-08 23:34:36,099 - f2 - INFO - 开始爬取第 1707696000000 页
2024-12-08 23:34:38,260 - f2 - INFO - 等待 10 秒后继续
2024-12-08 23:34:48,268 - f2 - INFO - 开始爬取第 1705980619000 页
2024-12-08 23:34:50,583 - f2 - INFO - 等待 10 秒后继续
2024-12-08 23:35:00,594 - f2 - INFO - 开始爬取第 1704153954000 页
2024-12-08 23:35:02,232 - f2 - INFO - 等待 10 秒后继续
2024-12-08 23:35:12,241 - f2 - INFO - 开始爬取第 1702608456000 页
2024-12-08 23:35:13,645 - f2 - INFO - 等待 10 秒后继续
2024-12-08 23:35:23,646 - f2 - INFO - 开始爬取第 1700958734000 页
2024-12-08 23:35:25,052 - f2 - INFO - 等待 10 秒后继续
2024-12-08 23:35:35,057 - f2 - INFO - 开始爬取第 1699514744000 页
2024-12-08 23:35:36,502 - f2 - INFO - 等待 10 秒后继续
2024-12-08 23:35:46,497 - f2 - INFO - 开始爬取第 1697758281000 页
2024-12-08 23:35:48,735 - f2 - INFO - 等待 10 秒后继续
2024-12-08 23:35:58,737 - f2 - INFO - 开始爬取第 1696204801000 页
2024-12-08 23:36:00,146 - f2 - INFO - 等待 10 秒后继续
2024-12-08 23:36:10,153 - f2 - INFO - 开始爬取第 1694389678000 页
2024-12-08 23:36:11,249 - f2 - INFO - 等待 10 秒后继续
2024-12-08 23:36:21,262 - f2 - INFO - 开始爬取第 1692921604000 页
2024-12-08 23:36:23,484 - f2 - INFO - 等待 10 秒后继续
2024-12-08 23:36:33,492 - f2 - INFO - 开始爬取第 1691191973000 页
2024-12-08 23:36:35,225 - f2 - INFO - 等待 10 秒后继续
2024-12-08 23:36:45,229 - f2 - INFO - 开始爬取第 1689552203000 页
2024-12-08 23:36:47,215 - f2 - INFO - 等待 10 秒后继续
2024-12-08 23:36:57,235 - f2 - INFO - 开始爬取第 1687910584000 页
2024-12-08 23:36:58,486 - f2 - INFO - 等待 10 秒后继续
2024-12-08 23:37:08,487 - f2 - INFO - 开始爬取第 1686182424000 页
2024-12-08 23:37:10,345 - f2 - INFO - 等待 10 秒后继续
2024-12-08 23:37:20,348 - f2 - INFO - 开始爬取第 1684886589000 页
2024-12-08 23:37:22,150 - f2 - INFO - 等待 10 秒后继续
2024-12-08 23:37:32,166 - f2 - INFO - 开始爬取第 1683244847000 页
2024-12-08 23:37:34,832 - f2 - INFO - 等待 10 秒后继续
2024-12-08 23:37:44,837 - f2 - INFO - 开始爬取第 1681517164000 页
2024-12-08 23:37:46,848 - f2 - INFO - 等待 10 秒后继续
2024-12-08 23:37:56,856 - f2 - INFO - 开始爬取第 1679790964000 页
2024-12-08 23:37:59,145 - f2 - INFO - 等待 10 秒后继续
2024-12-08 23:38:09,151 - f2 - INFO - 开始爬取第 1677973068000 页
2024-12-08 23:38:10,656 - f2 - INFO - 等待 10 秒后继续
2024-12-08 23:38:20,665 - f2 - INFO - 开始爬取第 1676246771000 页
2024-12-08 23:38:22,108 - f2 - INFO - 等待 10 秒后继续
2024-12-08 23:38:32,110 - f2 - INFO - 开始爬取第 1673827704000 页
2024-12-08 23:38:33,017 - f2 - INFO - 等待 10 秒后继续
2024-12-08 23:38:43,022 - f2 - INFO - 开始爬取第 1672185616000 页
2024-12-08 23:38:44,225 - f2 - INFO - 等待 10 秒后继续
2024-12-08 23:38:54,235 - f2 - INFO - 开始爬取第 1669939606000 页
2024-12-08 23:38:55,232 - f2 - INFO - 等待 10 秒后继续
2024-12-08 23:39:05,249 - f2 - INFO - 开始爬取第 1667623835000 页
2024-12-08 23:39:05,820 - f2 - INFO - 等待 10 秒后继续
2024-12-08 23:39:15,831 - f2 - INFO - 开始爬取第 1665792366000 页
2024-12-08 23:39:16,542 - f2 - INFO - 等待 10 秒后继续
2024-12-08 23:39:26,546 - f2 - INFO - 开始爬取第 1664076157000 页
2024-12-08 23:39:27,520 - f2 - INFO - 等待 10 秒后继续
2024-12-08 23:39:37,535 - f2 - INFO - 开始爬取第 1662174011000 页
2024-12-08 23:39:39,302 - f2 - INFO - 等待 10 秒后继续
2024-12-08 23:39:49,314 - f2 - INFO - 开始爬取第 1660436066000 页
2024-12-08 23:39:50,322 - f2 - INFO - 等待 10 秒后继续
2024-12-08 23:40:00,338 - f2 - INFO - 开始爬取第 1658535078000 页
2024-12-08 23:40:01,970 - f2 - INFO - 等待 10 秒后继续
2024-12-08 23:40:11,976 - f2 - INFO - 开始爬取第 1656808202000 页
2024-12-08 23:40:13,630 - f2 - INFO - 等待 10 秒后继续
2024-12-08 23:40:23,648 - f2 - INFO - 开始爬取第 1655079094000 页
2024-12-08 23:40:24,599 - f2 - INFO - 等待 10 秒后继续
2024-12-08 23:40:34,606 - f2 - INFO - 开始爬取第 1653349270000 页
2024-12-08 23:40:36,082 - f2 - INFO - 等待 10 秒后继续
2024-12-08 23:40:46,094 - f2 - INFO - 开始爬取第 1651623337000 页
2024-12-08 23:40:47,561 - f2 - INFO - 等待 10 秒后继续
2024-12-08 23:40:57,572 - f2 - INFO - 开始爬取第 1649895349000 页
2024-12-08 23:40:58,649 - f2 - INFO - 等待 10 秒后继续
2024-12-08 23:41:08,694 - f2 - INFO - 开始爬取第 1648080685000 页
2024-12-08 23:41:10,271 - f2 - INFO - 等待 10 秒后继续
2024-12-08 23:41:20,287 - f2 - INFO - 开始爬取第 1646178776000 页
2024-12-08 23:41:21,547 - f2 - INFO - 等待 10 秒后继续
2024-12-08 23:41:31,549 - f2 - INFO - 开始爬取第 1644365954000 页
2024-12-08 23:41:33,760 - f2 - INFO - 等待 10 秒后继续
2024-12-08 23:41:43,771 - f2 - INFO - 开始爬取第 1642464978000 页
2024-12-08 23:41:45,455 - f2 - INFO - 等待 10 秒后继续
2024-12-08 23:41:55,470 - f2 - INFO - 开始爬取第 1640660408000 页
2024-12-08 23:41:56,210 - f2 - INFO - 等待 10 秒后继续
2024-12-08 23:42:06,220 - f2 - INFO - 开始爬取第 1638922560000 页
2024-12-08 23:42:06,946 - f2 - INFO - 等待 10 秒后继续
2024-12-08 23:42:16,970 - f2 - INFO - 开始爬取第 1637194662000 页
2024-12-08 23:42:19,298 - f2 - INFO - 等待 10 秒后继续
2024-12-08 23:42:29,301 - f2 - INFO - 开始爬取第 1635466571000 页
2024-12-08 23:42:30,873 - f2 - INFO - 等待 10 秒后继续
2024-12-08 23:42:40,884 - f2 - INFO - 开始爬取第 1633738418000 页
2024-12-08 23:42:42,433 - f2 - INFO - 等待 10 秒后继续
2024-12-08 23:42:52,448 - f2 - INFO - 开始爬取第 1631848443000 页
2024-12-08 23:42:53,982 - f2 - INFO - 等待 10 秒后继续
2024-12-08 23:43:03,992 - f2 - INFO - 开始爬取第 1629936779000 页
2024-12-08 23:43:08,221 - f2 - INFO - 等待 10 秒后继续
2024-12-08 23:43:18,246 - f2 - INFO - 开始爬取第 1628295348000 页
2024-12-08 23:43:20,019 - f2 - INFO - 等待 10 秒后继续
2024-12-08 23:43:30,036 - f2 - INFO - 开始爬取第 1626221776000 页
2024-12-08 23:43:31,933 - f2 - INFO - 等待 10 秒后继续
2024-12-08 23:43:41,954 - f2 - INFO - 开始爬取第 1624356613000 页
2024-12-08 23:43:44,366 - f2 - INFO - 等待 10 秒后继续
2024-12-08 23:43:54,368 - f2 - INFO - 开始爬取第 1622593080000 页
2024-12-08 23:43:57,379 - f2 - INFO - 等待 10 秒后继续
2024-12-08 23:44:07,381 - f2 - INFO - 开始爬取第 1620869231000 页
2024-12-08 23:44:09,353 - f2 - INFO - 等待 10 秒后继续
2024-12-08 23:44:19,354 - f2 - INFO - 开始爬取第 1619256324000 页
2024-12-08 23:44:20,028 - f2 - INFO - 等待 10 秒后继续
2024-12-08 23:44:30,042 - f2 - INFO - 开始爬取第 1617592625000 页
2024-12-08 23:44:30,449 - f2 - INFO - 第 1617592625000 页没有找到作品
2024-12-08 23:44:30,457 - f2 - INFO - 开始爬取第 1615953383000 页
2024-12-08 23:44:31,035 - f2 - INFO - 等待 10 秒后继续
2024-12-08 23:44:41,038 - f2 - INFO - 开始爬取第 1614311634000 页
2024-12-08 23:44:41,406 - f2 - INFO - 第 1614311634000 页没有找到作品
2024-12-08 23:44:41,415 - f2 - INFO - 开始爬取第 1612697363000 页
2024-12-08 23:44:41,829 - f2 - INFO - 第 1612697363000 页没有找到作品
2024-12-08 23:44:41,839 - f2 - INFO - 开始爬取第 1611395824000 页
2024-12-08 23:44:42,483 - f2 - INFO - 等待 10 秒后继续
2024-12-08 23:44:52,497 - f2 - INFO - 开始爬取第 1610247940000 页
2024-12-08 23:44:52,916 - f2 - INFO - 第 1610247940000 页没有找到作品
2024-12-08 23:44:52,924 - f2 - INFO - 开始爬取第 1608952163000 页
2024-12-08 23:44:53,355 - f2 - INFO - 第 1608952163000 页没有找到作品
2024-12-08 23:44:53,364 - f2 - INFO - 开始爬取第 1607655629000 页
2024-12-08 23:44:53,772 - f2 - INFO - 第 1607655629000 页没有找到作品
2024-12-08 23:44:53,780 - f2 - INFO - 开始爬取第 1606390239000 页
2024-12-08 23:44:54,183 - f2 - INFO - 第 1606390239000 页没有找到作品
2024-12-08 23:44:54,191 - f2 - INFO - 开始爬取第 1604977191000 页
2024-12-08 23:44:54,791 - f2 - INFO - 等待 10 秒后继续
2024-12-08 23:45:04,810 - f2 - INFO - 开始爬取第 1603422000000 页
2024-12-08 23:45:05,442 - f2 - INFO - 等待 10 秒后继续
2024-12-08 23:45:15,454 - f2 - INFO - 开始爬取第 1601889783000 页
2024-12-08 23:45:15,845 - f2 - INFO - 第 1601889783000 页没有找到作品
2024-12-08 23:45:15,854 - f2 - INFO - 开始爬取第 1600483344000 页
2024-12-08 23:45:16,274 - f2 - INFO - 第 1600483344000 页没有找到作品
2024-12-08 23:45:16,283 - f2 - INFO - 开始爬取第 1598843464000 页
2024-12-08 23:45:16,783 - f2 - INFO - 第 1598843464000 页没有找到作品
2024-12-08 23:45:16,791 - f2 - INFO - 开始爬取第 1597460579000 页
2024-12-08 23:45:17,286 - f2 - INFO - 第 1597460579000 页没有找到作品
2024-12-08 23:45:17,295 - f2 - INFO - 开始爬取第 1596186156000 页
2024-12-08 23:45:18,313 - f2 - INFO - 等待 10 秒后继续
2024-12-08 23:45:28,329 - f2 - INFO - 开始爬取第 1594804259000 页
2024-12-08 23:45:29,116 - f2 - ERROR - HTTP状态错误: https://v26-web.douyinvod.com/e308a010eaed66a93baf58a89c9f3408/6755e961/video/tos/cn/tos-cn-ve-15/111d00cb12e34b6988c4bb7f8f5fbb28/?a=6383&ch=10010&cr=3&dr=0&lr=all&cd=0%7C0%7C0%7C3&cv=1&br=2143&bt=2143&cs=0&ds=6&ft=AJkeU_TERR0sTlC42NW2Nc0iPMgzbLeUzl1U_49_Of_2Nv7TGW&mime_type=video_mp4&qs=0&rc=aDc3aDw6O2lpMzo5OmczOEBpamlsamd1PDtkdTMzNGkzM0A1LWJgLTQxNi0xLi4uYDI0YSNqNG9jNGktNXNfLS0vLS9zcw%3D%3D&btag=c0000e00010000&cquery=102u_100o_101r_100B_100x&dy_q=1733672728&l=20241208234528B1DB41BA48AC77496EBF, 状态码: 404
2024-12-08 23:45:29,119 - f2 - WARNING - 链接 https://v26-web.douyinvod.com/e308a010eaed66a93baf58a89c9f3408/6755e961/video/tos/cn/tos-cn-ve-15/111d00cb12e34b6988c4bb7f8f5fbb28/?a=6383&ch=10010&cr=3&dr=0&lr=all&cd=0%7C0%7C0%7C3&cv=1&br=2143&bt=2143&cs=0&ds=6&ft=AJkeU_TERR0sTlC42NW2Nc0iPMgzbLeUzl1U_49_Of_2Nv7TGW&mime_type=video_mp4&qs=0&rc=aDc3aDw6O2lpMzo5OmczOEBpamlsamd1PDtkdTMzNGkzM0A1LWJgLTQxNi0xLi4uYDI0YSNqNG9jNGktNXNfLS0vLS9zcw%3D%3D&btag=c0000e00010000&cquery=102u_100o_101r_100B_100x&dy_q=1733672728&l=20241208234528B1DB41BA48AC77496EBF 内容长度为0，尝试下一个链接是否可用
2024-12-08 23:45:29,122 - f2 - WARNING - 所有链接都无法下载
2024-12-08 23:45:29,145 - f2 - INFO - 等待 10 秒后继续
2024-12-08 23:45:39,154 - f2 - INFO - 开始爬取第 1593335415000 页
2024-12-08 23:45:39,564 - f2 - INFO - 第 1593335415000 页没有找到作品
2024-12-08 23:45:39,572 - f2 - INFO - 开始爬取第 1591758556000 页
2024-12-08 23:45:39,920 - f2 - INFO - 第 1591758556000 页没有找到作品
2024-12-08 23:45:39,928 - f2 - INFO - 开始爬取第 1589539719000 页
2024-12-08 23:45:40,282 - f2 - INFO - 第 1589539719000 页没有找到作品
2024-12-08 23:45:40,287 - f2 - INFO - 用户: MS4wLjABAAAA9KcmGhis4sBwy6Cle-R1N1mcKkmj4Om7n91l8FjEIqU 所有作品采集完毕
2024-12-08 23:45:40,287 - f2 - INFO - 爬取结束，共爬取 502 个作品
