2024-12-15 16:09:51,694 - f2 - INFO - 应用：douyin
2024-12-15 16:09:51,713 - f2 - INFO - 模式：post
2024-12-15 16:09:51,714 - f2 - INFO - 主配置路径：D:\code\py-project\f2\f2\conf\app.yaml
2024-12-15 16:09:51,715 - f2 - INFO - 自定义配置路径：D:\code\py-project\f2\f2\conf\app.yaml
2024-12-15 16:09:53,178 - f2 - INFO - 开始爬取用户：MS4wLjABAAAAunpkE2IXyHAxm4A24G5d1Cf5141pnZy8HwNR5f2-6pI_GYBVR-Pv23uFyfMPB_9I 发布的作品
2024-12-15 16:09:53,179 - f2 - INFO - 开始爬取第 0 页
2024-12-15 16:11:21,828 - f2 - INFO - 等待 10 秒后继续
2024-12-15 16:11:31,835 - f2 - INFO - 开始爬取第 1730106036000 页
2024-12-15 16:11:35,262 - f2 - INFO - 等待 10 秒后继续
2024-12-15 16:11:45,276 - f2 - INFO - 开始爬取第 1727519580000 页
2024-12-15 16:11:48,319 - f2 - INFO - 等待 10 秒后继续
2024-12-15 16:11:58,317 - f2 - INFO - 开始爬取第 1725010200000 页
2024-12-15 16:12:01,407 - f2 - INFO - 等待 10 秒后继续
2024-12-15 16:12:11,422 - f2 - INFO - 开始爬取第 1722591600000 页
2024-12-15 16:12:14,903 - f2 - INFO - 等待 10 秒后继续
2024-12-15 16:12:24,906 - f2 - INFO - 开始爬取第 1719480900000 页
2024-12-15 16:12:28,359 - f2 - INFO - 等待 10 秒后继续
2024-12-15 16:12:38,363 - f2 - INFO - 开始爬取第 1715592600000 页
2024-12-15 16:12:42,048 - f2 - INFO - 等待 10 秒后继续
2024-12-15 16:12:52,049 - f2 - INFO - 开始爬取第 1713006658000 页
2024-12-15 16:12:55,348 - f2 - INFO - 等待 10 秒后继续
2024-12-15 16:13:05,363 - f2 - INFO - 开始爬取第 1706866217000 页
2024-12-15 16:13:08,788 - f2 - INFO - 等待 10 秒后继续
2024-12-15 16:13:18,792 - f2 - INFO - 开始爬取第 1701676485000 页
2024-12-15 16:13:22,140 - f2 - INFO - 等待 10 秒后继续
2024-12-15 16:13:32,147 - f2 - INFO - 开始爬取第 1697262131000 页
2024-12-15 16:13:35,936 - f2 - INFO - 等待 10 秒后继续
2024-12-15 16:13:45,944 - f2 - INFO - 开始爬取第 1692426916000 页
2024-12-15 16:13:49,479 - f2 - INFO - 等待 10 秒后继续
2024-12-15 16:13:59,482 - f2 - INFO - 开始爬取第 1688199600000 页
2024-12-15 16:14:03,123 - f2 - INFO - 等待 10 秒后继续
2024-12-15 16:14:13,124 - f2 - INFO - 开始爬取第 1682415012000 页
2024-12-15 16:14:16,213 - f2 - INFO - 等待 10 秒后继续
2024-12-15 16:14:26,227 - f2 - INFO - 开始爬取第 1676196001000 页
2024-12-15 16:14:28,016 - f2 - INFO - 等待 10 秒后继续
2024-12-15 16:14:38,017 - f2 - INFO - 开始爬取第 1672133460000 页
2024-12-15 16:14:38,925 - f2 - INFO - 等待 10 秒后继续
2024-12-15 16:14:48,935 - f2 - INFO - 开始爬取第 1667136688000 页
2024-12-15 16:14:49,302 - f2 - INFO - 第 1667136688000 页没有找到作品
2024-12-15 16:14:49,310 - f2 - INFO - 开始爬取第 1663925457000 页
2024-12-15 16:14:50,350 - f2 - INFO - 等待 10 秒后继续
2024-12-15 16:15:00,356 - f2 - INFO - 开始爬取第 1661048979000 页
2024-12-15 16:15:02,190 - f2 - INFO - 等待 10 秒后继续
2024-12-15 16:15:12,202 - f2 - INFO - 开始爬取第 1657359063000 页
2024-12-15 16:15:14,697 - f2 - INFO - 等待 10 秒后继续
2024-12-15 16:15:24,711 - f2 - INFO - 开始爬取第 1656301441000 页
2024-12-15 16:15:28,102 - f2 - INFO - 等待 10 秒后继续
2024-12-15 16:15:38,103 - f2 - INFO - 开始爬取第 1652608830000 页
2024-12-15 16:15:39,781 - f2 - INFO - 等待 10 秒后继续
2024-12-15 16:15:49,796 - f2 - INFO - 开始爬取第 1650090589000 页
2024-12-15 16:15:52,698 - f2 - INFO - 等待 10 秒后继续
2024-12-15 16:16:02,722 - f2 - INFO - 开始爬取第 1647526564000 页
2024-12-15 16:16:05,174 - f2 - INFO - 等待 10 秒后继续
2024-12-15 16:16:15,179 - f2 - INFO - 开始爬取第 1644227060000 页
2024-12-15 16:16:16,341 - f2 - INFO - 等待 10 秒后继续
2024-12-15 16:16:26,353 - f2 - INFO - 开始爬取第 1641484158000 页
2024-12-15 16:16:27,722 - f2 - INFO - 等待 10 秒后继续
2024-12-15 16:16:37,726 - f2 - INFO - 开始爬取第 1638430978000 页
2024-12-15 16:16:38,169 - f2 - INFO - 第 1638430978000 页没有找到作品
2024-12-15 16:16:38,178 - f2 - INFO - 开始爬取第 1630323668000 页
2024-12-15 16:16:39,073 - f2 - INFO - 等待 10 秒后继续
2024-12-15 16:16:49,088 - f2 - INFO - 开始爬取第 1621304588000 页
2024-12-15 16:16:49,538 - f2 - INFO - 第 1621304588000 页没有找到作品
2024-12-15 16:16:49,542 - f2 - INFO - 用户: MS4wLjABAAAAunpkE2IXyHAxm4A24G5d1Cf5141pnZy8HwNR5f2-6pI_GYBVR-Pv23uFyfMPB_9I 所有作品采集完毕
2024-12-15 16:16:49,543 - f2 - INFO - 爬取结束，共爬取 362 个作品
