2024-11-23 13:47:38,792 - f2 - INFO - 应用：douyin
2024-11-23 13:47:38,801 - f2 - INFO - 模式：post
2024-11-23 13:47:38,802 - f2 - INFO - 主配置路径：D:\code\py-project\f2\f2\conf\app.yaml
2024-11-23 13:47:38,803 - f2 - INFO - 自定义配置路径：D:\code\py-project\f2\f2\conf\app.yaml
2024-11-23 13:47:39,992 - f2 - INFO - 开始爬取用户：MS4wLjABAAAAJYD_ePMvob3dkicwzJMj01NF_yFG-QZnQOdSS9Edh3ozS-nbP4XFA1LcdhvhGMt4 发布的作品
2024-11-23 13:47:39,993 - f2 - INFO - 开始爬取第 0 页
2024-11-23 13:55:24,888 - f2 - INFO - 等待 10 秒后继续
2024-11-23 13:55:34,889 - f2 - INFO - 开始爬取第 1730623347000 页
2024-11-23 13:55:38,380 - f2 - INFO - 等待 10 秒后继续
2024-11-23 13:55:48,390 - f2 - INFO - 开始爬取第 1728892745000 页
2024-11-23 13:55:51,996 - f2 - INFO - 等待 10 秒后继续
2024-11-23 13:56:02,008 - f2 - INFO - 开始爬取第 1727146417000 页
2024-11-23 13:56:05,451 - f2 - INFO - 等待 10 秒后继续
2024-11-23 13:56:15,465 - f2 - INFO - 开始爬取第 1725422061000 页
2024-11-23 13:56:18,298 - f2 - INFO - 等待 10 秒后继续
2024-11-23 13:56:28,310 - f2 - INFO - 开始爬取第 1723812051000 页
2024-11-23 13:56:31,729 - f2 - INFO - 等待 10 秒后继续
2024-11-23 13:56:41,732 - f2 - INFO - 开始爬取第 1721703283000 页
2024-11-23 13:56:44,975 - f2 - INFO - 等待 10 秒后继续
2024-11-23 13:56:54,981 - f2 - INFO - 开始爬取第 1720152640000 页
2024-11-23 13:56:58,356 - f2 - INFO - 等待 10 秒后继续
2024-11-23 13:57:08,372 - f2 - INFO - 开始爬取第 1718420592000 页
2024-11-23 13:57:11,846 - f2 - INFO - 等待 10 秒后继续
2024-11-23 13:57:21,854 - f2 - INFO - 开始爬取第 1716611007000 页
2024-11-23 13:57:25,244 - f2 - INFO - 等待 10 秒后继续
2024-11-23 13:57:35,258 - f2 - INFO - 开始爬取第 1714799139000 页
2024-11-23 13:57:39,064 - f2 - INFO - 等待 10 秒后继续
2024-11-23 13:57:49,074 - f2 - INFO - 开始爬取第 1713499267000 页
2024-11-23 13:57:52,742 - f2 - INFO - 等待 10 秒后继续
2024-11-23 13:58:02,749 - f2 - INFO - 开始爬取第 1711943698000 页
2024-11-23 13:58:06,212 - f2 - INFO - 等待 10 秒后继续
2024-11-23 13:58:16,213 - f2 - INFO - 开始爬取第 1709529082000 页
2024-11-23 13:58:17,941 - f2 - INFO - 等待 10 秒后继续
2024-11-23 13:58:27,943 - f2 - INFO - 开始爬取第 1704368622000 页
2024-11-23 13:58:28,178 - f2 - INFO - 第 1704368622000 页没有找到作品
2024-11-23 13:58:28,182 - f2 - INFO - 用户: MS4wLjABAAAAJYD_ePMvob3dkicwzJMj01NF_yFG-QZnQOdSS9Edh3ozS-nbP4XFA1LcdhvhGMt4 所有作品采集完毕
2024-11-23 13:58:28,183 - f2 - INFO - 爬取结束，共爬取 254 个作品
