2024-11-18 21:03:42,149 - f2 - INFO - 应用：douyin
2024-11-18 21:03:42,160 - f2 - INFO - 模式：post
2024-11-18 21:03:42,161 - f2 - INFO - 主配置路径：D:\code\py-project\f2\f2\conf\app.yaml
2024-11-18 21:03:42,162 - f2 - INFO - 自定义配置路径：D:\code\py-project\f2\f2\conf\app.yaml
2024-11-18 21:03:43,413 - f2 - INFO - 开始爬取用户：MS4wLjABAAAA9KcmGhis4sBwy6Cle-R1N1mcKkmj4Om7n91l8FjEIqU 发布的作品
2024-11-18 21:03:43,415 - f2 - INFO - 开始爬取第 0 页
2024-11-18 21:03:57,630 - f2 - INFO - 等待 10 秒后继续
2024-11-18 21:04:07,642 - f2 - INFO - 开始爬取第 1730246603000 页
2024-11-18 21:04:27,905 - f2 - INFO - 等待 10 秒后继续
2024-11-18 21:04:37,919 - f2 - INFO - 开始爬取第 1728431751000 页
2024-11-18 21:04:51,011 - f2 - INFO - 等待 10 秒后继续
2024-11-18 21:05:01,025 - f2 - INFO - 开始爬取第 1726618897000 页
2024-11-18 21:05:10,554 - f2 - INFO - 等待 10 秒后继续
2024-11-18 21:05:20,569 - f2 - INFO - 开始爬取第 1724890229000 页
2024-11-18 21:05:28,620 - f2 - INFO - 等待 10 秒后继续
2024-11-18 21:05:38,634 - f2 - INFO - 开始爬取第 1723174172000 页
2024-11-18 21:05:47,872 - f2 - INFO - 等待 10 秒后继续
2024-11-18 21:05:57,883 - f2 - INFO - 开始爬取第 1721542768000 页
2024-11-18 21:06:09,030 - f2 - INFO - 等待 10 秒后继续
2024-11-18 21:06:19,041 - f2 - INFO - 开始爬取第 1719805200000 页
2024-11-18 21:06:33,185 - f2 - INFO - 等待 10 秒后继续
2024-11-18 21:06:43,195 - f2 - INFO - 开始爬取第 1718088510000 页
2024-11-18 21:06:53,916 - f2 - INFO - 等待 10 秒后继续
2024-11-18 21:07:03,920 - f2 - INFO - 开始爬取第 1716176425000 页
2024-11-18 21:07:11,178 - f2 - INFO - 等待 10 秒后继续
2024-11-18 21:07:21,194 - f2 - INFO - 开始爬取第 1714435535000 页
2024-11-18 21:07:31,511 - f2 - INFO - 等待 10 秒后继续
2024-11-18 21:07:41,513 - f2 - INFO - 开始爬取第 1712621935000 页
2024-11-18 21:07:50,787 - f2 - INFO - 等待 10 秒后继续
2024-11-18 21:08:00,797 - f2 - INFO - 开始爬取第 1710979243000 页
2024-11-18 21:08:12,854 - f2 - INFO - 等待 10 秒后继续
2024-11-18 21:08:22,855 - f2 - INFO - 开始爬取第 1709373509000 页
2024-11-18 21:08:35,504 - f2 - INFO - 等待 10 秒后继续
2024-11-18 21:08:45,519 - f2 - INFO - 开始爬取第 1707696000000 页
2024-11-18 21:08:54,870 - f2 - INFO - 等待 10 秒后继续
2024-11-18 21:09:04,878 - f2 - INFO - 开始爬取第 1705980619000 页
2024-11-18 21:10:43,946 - f2 - INFO - 等待 10 秒后继续
2024-11-18 21:10:53,960 - f2 - INFO - 开始爬取第 1704153954000 页
2024-11-18 21:11:29,606 - f2 - INFO - 等待 10 秒后继续
2024-11-18 21:11:39,611 - f2 - INFO - 开始爬取第 1702608456000 页
2024-11-18 21:13:04,897 - f2 - INFO - 等待 10 秒后继续
2024-11-18 21:13:14,901 - f2 - INFO - 开始爬取第 1700958734000 页
2024-11-18 21:15:08,617 - f2 - INFO - 等待 10 秒后继续
2024-11-18 21:15:18,623 - f2 - INFO - 开始爬取第 1699514744000 页
2024-11-18 21:15:31,694 - f2 - INFO - 等待 10 秒后继续
2024-11-18 21:15:41,703 - f2 - INFO - 开始爬取第 1697758281000 页
2024-11-18 21:15:51,968 - f2 - INFO - 等待 10 秒后继续
2024-11-18 21:16:01,982 - f2 - INFO - 开始爬取第 1696204801000 页
2024-11-18 21:16:11,836 - f2 - INFO - 等待 10 秒后继续
2024-11-18 21:16:21,851 - f2 - INFO - 开始爬取第 1694389678000 页
2024-11-18 21:16:29,516 - f2 - INFO - 等待 10 秒后继续
2024-11-18 21:16:39,526 - f2 - INFO - 开始爬取第 1692921604000 页
2024-11-18 21:16:51,612 - f2 - INFO - 等待 10 秒后继续
2024-11-18 21:17:01,623 - f2 - INFO - 开始爬取第 1691191973000 页
2024-11-18 21:17:12,213 - f2 - INFO - 等待 10 秒后继续
2024-11-18 21:17:22,219 - f2 - INFO - 开始爬取第 1689552203000 页
2024-11-18 21:17:31,379 - f2 - INFO - 等待 10 秒后继续
2024-11-18 21:17:41,387 - f2 - INFO - 开始爬取第 1687910584000 页
2024-11-18 21:17:47,564 - f2 - INFO - 等待 10 秒后继续
2024-11-18 21:17:57,578 - f2 - INFO - 开始爬取第 1686182424000 页
2024-11-18 21:18:34,723 - f2 - INFO - 等待 10 秒后继续
2024-11-18 21:18:44,734 - f2 - INFO - 开始爬取第 1684886589000 页
2024-11-18 21:18:52,291 - f2 - INFO - 等待 10 秒后继续
2024-11-18 21:19:02,303 - f2 - INFO - 开始爬取第 1683244847000 页
2024-11-18 21:19:14,382 - f2 - INFO - 等待 10 秒后继续
2024-11-18 21:19:24,407 - f2 - INFO - 开始爬取第 1681517164000 页
2024-11-18 21:19:32,328 - f2 - INFO - 等待 10 秒后继续
2024-11-18 21:19:42,337 - f2 - INFO - 开始爬取第 1679790964000 页
2024-11-18 21:19:50,072 - f2 - INFO - 等待 10 秒后继续
2024-11-18 21:20:00,081 - f2 - INFO - 开始爬取第 1677973068000 页
2024-11-18 21:20:07,287 - f2 - INFO - 等待 10 秒后继续
2024-11-18 21:20:17,291 - f2 - INFO - 开始爬取第 1676246771000 页
2024-11-18 21:20:22,835 - f2 - INFO - 等待 10 秒后继续
2024-11-18 21:20:32,848 - f2 - INFO - 开始爬取第 1673827704000 页
2024-11-18 21:20:38,768 - f2 - INFO - 等待 10 秒后继续
2024-11-18 21:20:48,785 - f2 - INFO - 开始爬取第 1672185616000 页
2024-11-18 21:20:57,304 - f2 - INFO - 等待 10 秒后继续
2024-11-18 21:21:07,309 - f2 - INFO - 开始爬取第 1669939606000 页
2024-11-18 21:21:13,423 - f2 - INFO - 等待 10 秒后继续
2024-11-18 21:21:23,434 - f2 - INFO - 开始爬取第 1667623835000 页
2024-11-18 21:21:26,161 - f2 - INFO - 等待 10 秒后继续
2024-11-18 21:21:36,170 - f2 - INFO - 开始爬取第 1665792366000 页
2024-11-18 21:21:40,620 - f2 - INFO - 等待 10 秒后继续
2024-11-18 21:21:50,629 - f2 - INFO - 开始爬取第 1664076157000 页
2024-11-18 21:21:57,865 - f2 - INFO - 等待 10 秒后继续
2024-11-18 21:22:07,875 - f2 - INFO - 开始爬取第 1662174011000 页
2024-11-18 21:22:22,174 - f2 - INFO - 等待 10 秒后继续
2024-11-18 21:22:32,183 - f2 - INFO - 开始爬取第 1660436066000 页
2024-11-18 21:22:40,479 - f2 - INFO - 等待 10 秒后继续
2024-11-18 21:22:50,488 - f2 - INFO - 开始爬取第 1658535078000 页
2024-11-18 21:22:58,302 - f2 - INFO - 等待 10 秒后继续
2024-11-18 21:23:08,316 - f2 - INFO - 开始爬取第 1656808202000 页
2024-11-18 21:23:16,058 - f2 - INFO - 等待 10 秒后继续
2024-11-18 21:23:26,061 - f2 - INFO - 开始爬取第 1655079094000 页
2024-11-18 21:23:31,216 - f2 - INFO - 等待 10 秒后继续
2024-11-18 21:23:41,220 - f2 - INFO - 开始爬取第 1653349270000 页
2024-11-18 21:23:46,582 - f2 - INFO - 等待 10 秒后继续
2024-11-18 21:23:56,583 - f2 - INFO - 开始爬取第 1651623337000 页
2024-11-18 21:24:12,953 - f2 - INFO - 等待 10 秒后继续
2024-11-18 21:24:22,971 - f2 - INFO - 开始爬取第 1649895349000 页
2024-11-18 21:24:27,873 - f2 - INFO - 等待 10 秒后继续
2024-11-18 21:24:37,888 - f2 - INFO - 开始爬取第 1648080685000 页
2024-11-18 21:24:43,107 - f2 - INFO - 等待 10 秒后继续
2024-11-18 21:24:53,110 - f2 - INFO - 开始爬取第 1646178776000 页
2024-11-18 21:24:58,674 - f2 - INFO - 等待 10 秒后继续
2024-11-18 21:25:08,682 - f2 - INFO - 开始爬取第 1644365954000 页
2024-11-18 21:25:16,079 - f2 - INFO - 等待 10 秒后继续
2024-11-18 21:25:26,090 - f2 - INFO - 开始爬取第 1642464978000 页
2024-11-18 21:25:44,416 - f2 - INFO - 等待 10 秒后继续
2024-11-18 21:25:54,434 - f2 - INFO - 开始爬取第 1640660408000 页
2024-11-18 21:26:00,843 - f2 - INFO - 等待 10 秒后继续
2024-11-18 21:26:10,848 - f2 - INFO - 开始爬取第 1638922560000 页
2024-11-18 21:26:16,210 - f2 - INFO - 等待 10 秒后继续
2024-11-18 21:26:26,211 - f2 - INFO - 开始爬取第 1637194662000 页
2024-11-18 21:26:34,558 - f2 - INFO - 等待 10 秒后继续
2024-11-18 21:26:44,567 - f2 - INFO - 开始爬取第 1635466571000 页
2024-11-18 21:26:54,495 - f2 - INFO - 等待 10 秒后继续
2024-11-18 21:27:04,508 - f2 - INFO - 开始爬取第 1633738418000 页
2024-11-18 21:27:26,059 - f2 - INFO - 等待 10 秒后继续
2024-11-18 21:27:36,074 - f2 - INFO - 开始爬取第 1631848443000 页
2024-11-18 21:27:44,880 - f2 - INFO - 等待 10 秒后继续
2024-11-18 21:27:54,910 - f2 - INFO - 开始爬取第 1629936779000 页
2024-11-18 21:28:09,673 - f2 - INFO - 等待 10 秒后继续
2024-11-18 21:28:19,688 - f2 - INFO - 开始爬取第 1628295348000 页
2024-11-18 21:28:29,220 - f2 - INFO - 等待 10 秒后继续
2024-11-18 21:28:39,228 - f2 - INFO - 开始爬取第 1626221776000 页
2024-11-18 21:28:50,855 - f2 - INFO - 等待 10 秒后继续
2024-11-18 21:29:00,875 - f2 - INFO - 开始爬取第 1624356613000 页
2024-11-18 21:29:09,149 - f2 - INFO - 等待 10 秒后继续
2024-11-18 21:29:19,159 - f2 - INFO - 开始爬取第 1622593080000 页
2024-11-18 21:29:33,960 - f2 - INFO - 等待 10 秒后继续
2024-11-18 21:29:43,965 - f2 - INFO - 开始爬取第 1620869231000 页
2024-11-18 21:29:54,534 - f2 - INFO - 等待 10 秒后继续
2024-11-18 21:30:04,566 - f2 - INFO - 开始爬取第 1619256324000 页
2024-11-18 21:30:07,046 - f2 - INFO - 等待 10 秒后继续
2024-11-18 21:30:17,051 - f2 - INFO - 开始爬取第 1617592625000 页
2024-11-18 21:30:17,508 - f2 - INFO - 第 1617592625000 页没有找到作品
2024-11-18 21:30:17,517 - f2 - INFO - 开始爬取第 1615953383000 页
2024-11-18 21:30:23,557 - f2 - INFO - 等待 10 秒后继续
2024-11-18 21:30:33,566 - f2 - INFO - 开始爬取第 1614311634000 页
2024-11-18 21:30:34,016 - f2 - INFO - 第 1614311634000 页没有找到作品
2024-11-18 21:30:34,025 - f2 - INFO - 开始爬取第 1612697363000 页
2024-11-18 21:30:34,439 - f2 - INFO - 第 1612697363000 页没有找到作品
2024-11-18 21:30:34,449 - f2 - INFO - 开始爬取第 1611395824000 页
2024-11-18 21:30:36,447 - f2 - INFO - 等待 10 秒后继续
2024-11-18 21:30:46,455 - f2 - INFO - 开始爬取第 1610247940000 页
2024-11-18 21:30:47,042 - f2 - INFO - 第 1610247940000 页没有找到作品
2024-11-18 21:30:47,051 - f2 - INFO - 开始爬取第 1608952163000 页
2024-11-18 21:30:47,490 - f2 - INFO - 第 1608952163000 页没有找到作品
2024-11-18 21:30:47,498 - f2 - INFO - 开始爬取第 1607655629000 页
2024-11-18 21:30:47,943 - f2 - INFO - 第 1607655629000 页没有找到作品
2024-11-18 21:30:47,952 - f2 - INFO - 开始爬取第 1606390239000 页
2024-11-18 21:30:48,548 - f2 - INFO - 第 1606390239000 页没有找到作品
2024-11-18 21:30:48,558 - f2 - INFO - 开始爬取第 1604977191000 页
2024-11-18 21:30:51,003 - f2 - INFO - 等待 10 秒后继续
2024-11-18 21:31:01,010 - f2 - INFO - 开始爬取第 1603422000000 页
2024-11-18 21:31:03,143 - f2 - INFO - 等待 10 秒后继续
2024-11-18 21:31:13,156 - f2 - INFO - 开始爬取第 1601889783000 页
2024-11-18 21:31:13,601 - f2 - INFO - 第 1601889783000 页没有找到作品
2024-11-18 21:31:13,609 - f2 - INFO - 开始爬取第 1600483344000 页
2024-11-18 21:31:14,054 - f2 - INFO - 第 1600483344000 页没有找到作品
2024-11-18 21:31:14,061 - f2 - INFO - 开始爬取第 1598843464000 页
2024-11-18 21:31:14,550 - f2 - INFO - 第 1598843464000 页没有找到作品
2024-11-18 21:31:14,559 - f2 - INFO - 开始爬取第 1597460579000 页
2024-11-18 21:31:14,949 - f2 - INFO - 第 1597460579000 页没有找到作品
2024-11-18 21:31:14,996 - f2 - INFO - 开始爬取第 1596186156000 页
2024-11-18 21:31:18,367 - f2 - INFO - 等待 10 秒后继续
2024-11-18 21:31:28,379 - f2 - INFO - 开始爬取第 1594804259000 页
2024-11-18 21:31:29,261 - f2 - ERROR - HTTP状态错误: https://v3-web.douyinvod.com/c084f1adefdab84f513f92dea7f421d8/673b6bf9/video/tos/cn/tos-cn-ve-15/111d00cb12e34b6988c4bb7f8f5fbb28/?a=6383&ch=10010&cr=3&dr=0&lr=all&cd=0%7C0%7C0%7C3&cv=1&br=2143&bt=2143&cs=0&ds=6&ft=AJkeU_TERR0sTlC42NW2Nc0iPMgzbLlIse1U_4GBOf_2Nv7TGW&mime_type=video_mp4&qs=0&rc=aDc3aDw6O2lpMzo5OmczOEBpamlsamd1PDtkdTMzNGkzM0A1LWJgLTQxNi0xLi4uYDI0YSNqNG9jNGktNXNfLS0vLS9zcw%3D%3D&btag=80000e00010000&cquery=100o_101r_100B_100x_102u&dy_q=1731936688&l=20241118213128333B2EDC8894F518B436, 状态码: 404
2024-11-18 21:31:29,264 - f2 - WARNING - 链接 https://v3-web.douyinvod.com/c084f1adefdab84f513f92dea7f421d8/673b6bf9/video/tos/cn/tos-cn-ve-15/111d00cb12e34b6988c4bb7f8f5fbb28/?a=6383&ch=10010&cr=3&dr=0&lr=all&cd=0%7C0%7C0%7C3&cv=1&br=2143&bt=2143&cs=0&ds=6&ft=AJkeU_TERR0sTlC42NW2Nc0iPMgzbLlIse1U_4GBOf_2Nv7TGW&mime_type=video_mp4&qs=0&rc=aDc3aDw6O2lpMzo5OmczOEBpamlsamd1PDtkdTMzNGkzM0A1LWJgLTQxNi0xLi4uYDI0YSNqNG9jNGktNXNfLS0vLS9zcw%3D%3D&btag=80000e00010000&cquery=100o_101r_100B_100x_102u&dy_q=1731936688&l=20241118213128333B2EDC8894F518B436 内容长度为0，尝试下一个链接是否可用
2024-11-18 21:31:29,266 - f2 - WARNING - 所有链接都无法下载
2024-11-18 21:31:29,293 - f2 - INFO - 等待 10 秒后继续
2024-11-18 21:31:39,307 - f2 - INFO - 开始爬取第 1593335415000 页
2024-11-18 21:31:39,723 - f2 - INFO - 第 1593335415000 页没有找到作品
2024-11-18 21:31:39,733 - f2 - INFO - 开始爬取第 1591758556000 页
2024-11-18 21:31:40,137 - f2 - INFO - 第 1591758556000 页没有找到作品
2024-11-18 21:31:40,145 - f2 - INFO - 开始爬取第 1589539719000 页
2024-11-18 21:31:40,473 - f2 - INFO - 第 1589539719000 页没有找到作品
2024-11-18 21:31:40,479 - f2 - INFO - 用户: MS4wLjABAAAA9KcmGhis4sBwy6Cle-R1N1mcKkmj4Om7n91l8FjEIqU 所有作品采集完毕
2024-11-18 21:31:40,480 - f2 - INFO - 爬取结束，共爬取 495 个作品
