2024-12-12 13:19:50,144 - f2 - INFO - 应用：douyin
2024-12-12 13:19:50,154 - f2 - INFO - 模式：post
2024-12-12 13:19:50,155 - f2 - INFO - 主配置路径：D:\code\py-project\f2\f2\conf\app.yaml
2024-12-12 13:19:50,155 - f2 - INFO - 自定义配置路径：D:\code\py-project\f2\f2\conf\app.yaml
2024-12-12 13:19:51,121 - f2 - INFO - 开始爬取用户：MS4wLjABAAAAJYD_ePMvob3dkicwzJMj01NF_yFG-QZnQOdSS9Edh3ozS-nbP4XFA1LcdhvhGMt4 发布的作品
2024-12-12 13:19:51,122 - f2 - INFO - 开始爬取第 0 页
2024-12-12 13:20:54,479 - f2 - INFO - 等待 10 秒后继续
2024-12-12 13:21:04,490 - f2 - INFO - 开始爬取第 1732350575000 页
2024-12-12 13:21:07,738 - f2 - INFO - 等待 10 秒后继续
2024-12-12 13:21:17,746 - f2 - INFO - 开始爬取第 1730623347000 页
2024-12-12 13:21:21,068 - f2 - INFO - 等待 10 秒后继续
2024-12-12 13:21:31,076 - f2 - INFO - 开始爬取第 1728892745000 页
2024-12-12 13:21:34,438 - f2 - INFO - 等待 10 秒后继续
2024-12-12 13:21:44,443 - f2 - INFO - 开始爬取第 1727146417000 页
2024-12-12 13:21:47,948 - f2 - INFO - 等待 10 秒后继续
2024-12-12 13:21:57,962 - f2 - INFO - 开始爬取第 1725422061000 页
2024-12-12 13:22:00,928 - f2 - INFO - 等待 10 秒后继续
2024-12-12 13:22:10,935 - f2 - INFO - 开始爬取第 1723812051000 页
2024-12-12 13:22:14,440 - f2 - INFO - 等待 10 秒后继续
2024-12-12 13:22:24,449 - f2 - INFO - 开始爬取第 1721703283000 页
2024-12-12 13:22:27,621 - f2 - INFO - 等待 10 秒后继续
2024-12-12 13:22:37,623 - f2 - INFO - 开始爬取第 1720152640000 页
2024-12-12 13:22:41,047 - f2 - INFO - 等待 10 秒后继续
2024-12-12 13:22:51,062 - f2 - INFO - 开始爬取第 1718420592000 页
2024-12-12 13:22:54,953 - f2 - INFO - 等待 10 秒后继续
2024-12-12 13:23:04,970 - f2 - INFO - 开始爬取第 1716611007000 页
2024-12-12 13:23:08,489 - f2 - INFO - 等待 10 秒后继续
2024-12-12 13:23:18,501 - f2 - INFO - 开始爬取第 1714799139000 页
2024-12-12 13:23:22,369 - f2 - INFO - 等待 10 秒后继续
2024-12-12 13:23:32,371 - f2 - INFO - 开始爬取第 1713499267000 页
2024-12-12 13:23:36,080 - f2 - INFO - 等待 10 秒后继续
2024-12-12 13:23:46,091 - f2 - INFO - 开始爬取第 1711943698000 页
2024-12-12 13:23:49,589 - f2 - INFO - 等待 10 秒后继续
2024-12-12 13:23:59,606 - f2 - INFO - 开始爬取第 1709529082000 页
2024-12-12 13:24:01,274 - f2 - INFO - 等待 10 秒后继续
2024-12-12 13:24:11,283 - f2 - INFO - 开始爬取第 1704368622000 页
2024-12-12 13:24:11,499 - f2 - INFO - 第 1704368622000 页没有找到作品
2024-12-12 13:24:11,504 - f2 - INFO - 用户: MS4wLjABAAAAJYD_ePMvob3dkicwzJMj01NF_yFG-QZnQOdSS9Edh3ozS-nbP4XFA1LcdhvhGMt4 所有作品采集完毕
2024-12-12 13:24:11,505 - f2 - INFO - 爬取结束，共爬取 273 个作品
