2024-11-30 12:33:01,820 - f2 - INFO - 应用：douyin
2024-11-30 12:33:01,829 - f2 - INFO - 模式：post
2024-11-30 12:33:01,830 - f2 - INFO - 主配置路径：D:\code\py-project\f2\f2\conf\app.yaml
2024-11-30 12:33:01,831 - f2 - INFO - 自定义配置路径：D:\code\py-project\f2\f2\conf\app.yaml
2024-11-30 12:33:02,963 - f2 - INFO - 开始爬取用户：MS4wLjABAAAA9KcmGhis4sBwy6Cle-R1N1mcKkmj4Om7n91l8FjEIqU 发布的作品
2024-11-30 12:33:02,964 - f2 - INFO - 开始爬取第 0 页
2024-11-30 12:33:09,630 - f2 - INFO - 等待 10 秒后继续
2024-11-30 12:33:19,643 - f2 - INFO - 开始爬取第 1731371709000 页
2024-11-30 12:33:21,875 - f2 - INFO - 等待 10 秒后继续
2024-11-30 12:33:31,891 - f2 - INFO - 开始爬取第 1729643229000 页
2024-11-30 12:33:33,875 - f2 - INFO - 等待 10 秒后继续
2024-11-30 12:33:43,882 - f2 - INFO - 开始爬取第 1727824899000 页
2024-11-30 12:33:45,959 - f2 - INFO - 等待 10 秒后继续
2024-11-30 12:33:55,967 - f2 - INFO - 开始爬取第 1726033568000 页
2024-11-30 12:33:57,472 - f2 - INFO - 等待 10 秒后继续
2024-11-30 12:34:07,474 - f2 - INFO - 开始爬取第 1724371515000 页
2024-11-30 12:34:09,513 - f2 - INFO - 等待 10 秒后继续
2024-11-30 12:34:19,524 - f2 - INFO - 开始爬取第 1722597352000 页
2024-11-30 12:34:21,607 - f2 - INFO - 等待 10 秒后继续
2024-11-30 12:34:31,618 - f2 - INFO - 开始爬取第 1720927801000 页
2024-11-30 12:34:34,551 - f2 - INFO - 等待 10 秒后继续
2024-11-30 12:34:44,553 - f2 - INFO - 开始爬取第 1719199800000 页
2024-11-30 12:34:47,178 - f2 - INFO - 等待 10 秒后继续
2024-11-30 12:34:57,193 - f2 - INFO - 开始爬取第 1717504028000 页
2024-11-30 12:34:59,276 - f2 - INFO - 等待 10 秒后继续
2024-11-30 12:35:09,292 - f2 - INFO - 开始爬取第 1715557643000 页
2024-11-30 12:35:11,245 - f2 - INFO - 等待 10 秒后继续
2024-11-30 12:35:21,258 - f2 - INFO - 开始爬取第 1713830302000 页
2024-11-30 12:35:23,147 - f2 - INFO - 等待 10 秒后继续
2024-11-30 12:35:33,156 - f2 - INFO - 开始爬取第 1712017622000 页
2024-11-30 12:35:35,382 - f2 - INFO - 等待 10 秒后继续
2024-11-30 12:35:45,394 - f2 - INFO - 开始爬取第 1710374194000 页
2024-11-30 12:35:48,220 - f2 - INFO - 等待 10 秒后继续
2024-11-30 12:35:58,230 - f2 - INFO - 开始爬取第 1708830907000 页
2024-11-30 12:36:00,970 - f2 - INFO - 等待 10 秒后继续
2024-11-30 12:36:10,979 - f2 - INFO - 开始爬取第 1707089700000 页
2024-11-30 12:36:13,275 - f2 - INFO - 等待 10 秒后继续
2024-11-30 12:36:23,284 - f2 - INFO - 开始爬取第 1705276845000 页
2024-11-30 12:36:25,736 - f2 - INFO - 等待 10 秒后继续
2024-11-30 12:36:35,741 - f2 - INFO - 开始爬取第 1703548812000 页
2024-11-30 12:36:37,618 - f2 - INFO - 等待 10 秒后继续
2024-11-30 12:36:47,634 - f2 - INFO - 开始爬取第 1701994073000 页
2024-11-30 12:36:49,253 - f2 - INFO - 等待 10 秒后继续
2024-11-30 12:36:59,266 - f2 - INFO - 开始爬取第 1700354145000 页
2024-11-30 12:37:00,168 - f2 - INFO - 等待 10 秒后继续
2024-11-30 12:37:10,184 - f2 - INFO - 开始爬取第 1699056023000 页
2024-11-30 12:37:12,364 - f2 - INFO - 等待 10 秒后继续
2024-11-30 12:37:22,377 - f2 - INFO - 开始爬取第 1697239888000 页
2024-11-30 12:37:24,168 - f2 - INFO - 等待 10 秒后继续
2024-11-30 12:37:34,178 - f2 - INFO - 开始爬取第 1695461588000 页
2024-11-30 12:37:35,510 - f2 - INFO - 等待 10 秒后继续
2024-11-30 12:37:45,515 - f2 - INFO - 开始爬取第 1693872399000 页
2024-11-30 12:37:47,059 - f2 - INFO - 等待 10 秒后继续
2024-11-30 12:37:57,076 - f2 - INFO - 开始爬取第 1692230805000 页
2024-11-30 12:37:59,688 - f2 - INFO - 等待 10 秒后继续
2024-11-30 12:38:09,694 - f2 - INFO - 开始爬取第 1690589167000 页
2024-11-30 12:38:11,841 - f2 - INFO - 等待 10 秒后继续
2024-11-30 12:38:21,857 - f2 - INFO - 开始爬取第 1689033956000 页
2024-11-30 12:38:23,489 - f2 - INFO - 等待 10 秒后继续
2024-11-30 12:38:33,498 - f2 - INFO - 开始爬取第 1687305969000 页
2024-11-30 12:38:35,423 - f2 - INFO - 等待 10 秒后继续
2024-11-30 12:38:45,426 - f2 - INFO - 开始爬取第 1685676400000 页
2024-11-30 12:38:46,949 - f2 - INFO - 等待 10 秒后继续
2024-11-30 12:38:56,954 - f2 - INFO - 开始爬取第 1684362788000 页
2024-11-30 12:38:58,983 - f2 - INFO - 等待 10 秒后继续
2024-11-30 12:39:08,993 - f2 - INFO - 开始爬取第 1682640373000 页
2024-11-30 12:39:11,851 - f2 - INFO - 等待 10 秒后继续
2024-11-30 12:39:21,865 - f2 - INFO - 开始爬取第 1680912381000 页
2024-11-30 12:39:23,865 - f2 - INFO - 等待 10 秒后继续
2024-11-30 12:39:33,869 - f2 - INFO - 开始爬取第 1679184733000 页
2024-11-30 12:39:36,153 - f2 - INFO - 等待 10 秒后继续
2024-11-30 12:39:46,169 - f2 - INFO - 开始爬取第 1677371199000 页
2024-11-30 12:39:48,177 - f2 - INFO - 等待 10 秒后继续
2024-11-30 12:39:58,183 - f2 - INFO - 开始爬取第 1675641644000 页
2024-11-30 12:39:58,860 - f2 - INFO - 等待 10 秒后继续
2024-11-30 12:40:08,873 - f2 - INFO - 开始爬取第 1673222767000 页
2024-11-30 12:40:09,753 - f2 - INFO - 等待 10 秒后继续
2024-11-30 12:40:19,771 - f2 - INFO - 开始爬取第 1671580857000 页
2024-11-30 12:40:20,835 - f2 - INFO - 等待 10 秒后继续
2024-11-30 12:40:30,844 - f2 - INFO - 开始爬取第 1668729971000 页
2024-11-30 12:40:32,021 - f2 - INFO - 等待 10 秒后继续
2024-11-30 12:40:42,037 - f2 - INFO - 开始爬取第 1667002011000 页
2024-11-30 12:40:42,787 - f2 - INFO - 等待 10 秒后继续
2024-11-30 12:40:52,796 - f2 - INFO - 开始爬取第 1665187552000 页
2024-11-30 12:40:53,453 - f2 - INFO - 等待 10 秒后继续
2024-11-30 12:41:03,457 - f2 - INFO - 开始爬取第 1663373176000 页
2024-11-30 12:41:04,718 - f2 - INFO - 等待 10 秒后继续
2024-11-30 12:41:14,729 - f2 - INFO - 开始爬取第 1661558742000 页
2024-11-30 12:41:16,452 - f2 - INFO - 等待 10 秒后继续
2024-11-30 12:41:26,462 - f2 - INFO - 开始爬取第 1659742215000 页
2024-11-30 12:41:27,440 - f2 - INFO - 等待 10 秒后继续
2024-11-30 12:41:37,453 - f2 - INFO - 开始爬取第 1658016311000 页
2024-11-30 12:41:39,267 - f2 - INFO - 等待 10 秒后继续
2024-11-30 12:41:49,273 - f2 - INFO - 开始爬取第 1656129671000 页
2024-11-30 12:41:51,066 - f2 - INFO - 等待 10 秒后继续
2024-11-30 12:42:01,080 - f2 - INFO - 开始爬取第 1654474292000 页
2024-11-30 12:42:01,737 - f2 - INFO - 等待 10 秒后继续
2024-11-30 12:42:11,738 - f2 - INFO - 开始爬取第 1652746322000 页
2024-11-30 12:42:13,439 - f2 - INFO - 等待 10 秒后继续
2024-11-30 12:42:23,441 - f2 - INFO - 开始爬取第 1651018434000 页
2024-11-30 12:42:25,071 - f2 - INFO - 等待 10 秒后继续
2024-11-30 12:42:35,087 - f2 - INFO - 开始爬取第 1649290289000 页
2024-11-30 12:42:36,305 - f2 - INFO - 等待 10 秒后继续
2024-11-30 12:42:46,314 - f2 - INFO - 开始爬取第 1647475861000 页
2024-11-30 12:42:48,345 - f2 - INFO - 等待 10 秒后继续
2024-11-30 12:42:58,365 - f2 - INFO - 开始爬取第 1645488662000 页
2024-11-30 12:42:59,836 - f2 - INFO - 等待 10 秒后继续
2024-11-30 12:43:09,849 - f2 - INFO - 开始爬取第 1643673075000 页
2024-11-30 12:43:12,246 - f2 - INFO - 等待 10 秒后继续
2024-11-30 12:43:22,257 - f2 - INFO - 开始爬取第 1641860191000 页
2024-11-30 12:43:24,056 - f2 - INFO - 等待 10 秒后继续
2024-11-30 12:43:34,072 - f2 - INFO - 开始爬取第 1640060301000 页
2024-11-30 12:43:34,803 - f2 - INFO - 等待 10 秒后继续
2024-11-30 12:43:44,809 - f2 - INFO - 开始爬取第 1638404231000 页
2024-11-30 12:43:45,713 - f2 - INFO - 等待 10 秒后继续
2024-11-30 12:43:55,716 - f2 - INFO - 开始爬取第 1636676204000 页
2024-11-30 12:43:57,286 - f2 - INFO - 等待 10 秒后继续
2024-11-30 12:44:07,300 - f2 - INFO - 开始爬取第 1634861765000 页
2024-11-30 12:44:09,282 - f2 - INFO - 等待 10 秒后继续
2024-11-30 12:44:19,291 - f2 - INFO - 开始爬取第 1633133780000 页
2024-11-30 12:44:20,374 - f2 - INFO - 等待 10 秒后继续
2024-11-30 12:44:30,390 - f2 - INFO - 开始爬取第 1631146653000 页
2024-11-30 12:44:32,961 - f2 - INFO - 等待 10 秒后继续
2024-11-30 12:44:42,968 - f2 - INFO - 开始爬取第 1629504945000 页
2024-11-30 12:44:45,920 - f2 - INFO - 等待 10 秒后继续
2024-11-30 12:44:55,921 - f2 - INFO - 开始爬取第 1627603200000 页
2024-11-30 12:44:57,382 - f2 - INFO - 等待 10 秒后继续
2024-11-30 12:45:07,393 - f2 - INFO - 开始爬取第 1625616410000 页
2024-11-30 12:45:10,156 - f2 - INFO - 等待 10 秒后继续
2024-11-30 12:45:20,186 - f2 - INFO - 开始爬取第 1623716905000 页
2024-11-30 12:45:22,634 - f2 - INFO - 等待 10 秒后继续
2024-11-30 12:45:32,641 - f2 - INFO - 开始爬取第 1621988160000 页
2024-11-30 12:45:35,924 - f2 - INFO - 等待 10 秒后继续
2024-11-30 12:45:45,927 - f2 - INFO - 开始爬取第 1620356672000 页
2024-11-30 12:45:47,415 - f2 - INFO - 等待 10 秒后继续
2024-11-30 12:45:57,428 - f2 - INFO - 开始爬取第 1618629726000 页
2024-11-30 12:45:57,883 - f2 - INFO - 第 1618629726000 页没有找到作品
2024-11-30 12:45:57,892 - f2 - INFO - 开始爬取第 1616990864000 页
2024-11-30 12:45:58,345 - f2 - INFO - 第 1616990864000 页没有找到作品
2024-11-30 12:45:58,354 - f2 - INFO - 开始爬取第 1615348469000 页
2024-11-30 12:45:59,104 - f2 - INFO - 等待 10 秒后继续
2024-11-30 12:46:09,120 - f2 - INFO - 开始爬取第 1613706896000 页
2024-11-30 12:46:09,519 - f2 - INFO - 第 1613706896000 页没有找到作品
2024-11-30 12:46:09,527 - f2 - INFO - 开始爬取第 1612237928000 页
2024-11-30 12:46:09,949 - f2 - INFO - 第 1612237928000 页没有找到作品
2024-11-30 12:46:09,959 - f2 - INFO - 开始爬取第 1610973472000 页
2024-11-30 12:46:10,566 - f2 - INFO - 等待 10 秒后继续
2024-11-30 12:46:20,572 - f2 - INFO - 开始爬取第 1609775023000 页
2024-11-30 12:46:20,985 - f2 - INFO - 第 1609775023000 页没有找到作品
2024-11-30 12:46:20,994 - f2 - INFO - 开始爬取第 1608520169000 页
2024-11-30 12:46:21,381 - f2 - INFO - 第 1608520169000 页没有找到作品
2024-11-30 12:46:21,389 - f2 - INFO - 开始爬取第 1607254522000 页
2024-11-30 12:46:21,800 - f2 - INFO - 第 1607254522000 页没有找到作品
2024-11-30 12:46:21,809 - f2 - INFO - 开始爬取第 1605930102000 页
2024-11-30 12:46:22,458 - f2 - INFO - 等待 10 秒后继续
2024-11-30 12:46:32,461 - f2 - INFO - 开始爬取第 1604458837000 页
2024-11-30 12:46:32,823 - f2 - INFO - 第 1604458837000 页没有找到作品
2024-11-30 12:46:32,832 - f2 - INFO - 开始爬取第 1602845294000 页
2024-11-30 12:46:33,461 - f2 - INFO - 等待 10 秒后继续
2024-11-30 12:46:43,471 - f2 - INFO - 开始爬取第 1601262510000 页
2024-11-30 12:46:43,828 - f2 - INFO - 第 1601262510000 页没有找到作品
2024-11-30 12:46:43,836 - f2 - INFO - 开始爬取第 1599879755000 页
2024-11-30 12:46:44,293 - f2 - INFO - 第 1599879755000 页没有找到作品
2024-11-30 12:46:44,301 - f2 - INFO - 开始爬取第 1598326200000 页
2024-11-30 12:46:44,760 - f2 - INFO - 第 1598326200000 页没有找到作品
2024-11-30 12:46:44,769 - f2 - INFO - 开始爬取第 1597025820000 页
2024-11-30 12:46:45,648 - f2 - INFO - 等待 10 秒后继续
2024-11-30 12:46:55,653 - f2 - INFO - 开始爬取第 1595732871000 页
2024-11-30 12:46:56,273 - f2 - INFO - 等待 10 秒后继续
2024-11-30 12:47:06,312 - f2 - INFO - 开始爬取第 1594266188000 页
2024-11-30 12:47:07,061 - f2 - ERROR - HTTP状态错误: https://v3-web.douyinvod.com/9566de0ed81e68f03c16c9cd18ee5162/674ac313/video/tos/cn/tos-cn-ve-15/111d00cb12e34b6988c4bb7f8f5fbb28/?a=6383&ch=10010&cr=3&dr=0&lr=all&cd=0%7C0%7C0%7C3&cv=1&br=2143&bt=2143&cs=0&ds=6&ft=AJkeU_TERR0sTlC42NW2Nc0iPMgzbL75g_1U_4i~Of_2Nv7TGW&mime_type=video_mp4&qs=0&rc=aDc3aDw6O2lpMzo5OmczOEBpamlsamd1PDtkdTMzNGkzM0A1LWJgLTQxNi0xLi4uYDI0YSNqNG9jNGktNXNfLS0vLS9zcw%3D%3D&btag=c0000e00010000&cquery=102u_100o_101r_100B_100x&dy_q=1732942026&l=20241130124705823A98682761CC69C7EF, 状态码: 404
2024-11-30 12:47:07,064 - f2 - WARNING - 链接 https://v3-web.douyinvod.com/9566de0ed81e68f03c16c9cd18ee5162/674ac313/video/tos/cn/tos-cn-ve-15/111d00cb12e34b6988c4bb7f8f5fbb28/?a=6383&ch=10010&cr=3&dr=0&lr=all&cd=0%7C0%7C0%7C3&cv=1&br=2143&bt=2143&cs=0&ds=6&ft=AJkeU_TERR0sTlC42NW2Nc0iPMgzbL75g_1U_4i~Of_2Nv7TGW&mime_type=video_mp4&qs=0&rc=aDc3aDw6O2lpMzo5OmczOEBpamlsamd1PDtkdTMzNGkzM0A1LWJgLTQxNi0xLi4uYDI0YSNqNG9jNGktNXNfLS0vLS9zcw%3D%3D&btag=c0000e00010000&cquery=102u_100o_101r_100B_100x&dy_q=1732942026&l=20241130124705823A98682761CC69C7EF 内容长度为0，尝试下一个链接是否可用
2024-11-30 12:47:07,065 - f2 - WARNING - 所有链接都无法下载
2024-11-30 12:47:07,090 - f2 - INFO - 等待 10 秒后继续
2024-11-30 12:47:17,121 - f2 - INFO - 开始爬取第 1592882058000 页
2024-11-30 12:47:17,479 - f2 - INFO - 第 1592882058000 页没有找到作品
2024-11-30 12:47:17,489 - f2 - INFO - 开始爬取第 1591092345000 页
2024-11-30 12:47:17,890 - f2 - INFO - 第 1591092345000 页没有找到作品
2024-11-30 12:47:17,899 - f2 - INFO - 开始爬取第 1588908435000 页
2024-11-30 12:47:18,293 - f2 - INFO - 第 1588908435000 页没有找到作品
2024-11-30 12:47:18,297 - f2 - INFO - 用户: MS4wLjABAAAA9KcmGhis4sBwy6Cle-R1N1mcKkmj4Om7n91l8FjEIqU 所有作品采集完毕
2024-11-30 12:47:18,298 - f2 - INFO - 爬取结束，共爬取 496 个作品
