2024-12-01 22:52:27,710 - f2 - INFO - 应用：douyin
2024-12-01 22:52:27,719 - f2 - INFO - 模式：post
2024-12-01 22:52:27,719 - f2 - INFO - 主配置路径：D:\code\py-project\f2\f2\conf\app.yaml
2024-12-01 22:52:27,720 - f2 - INFO - 自定义配置路径：D:\code\py-project\f2\f2\conf\app.yaml
2024-12-01 22:52:28,785 - f2 - INFO - 开始爬取用户：MS4wLjABAAAA8jyvEPbbmpxG1S3e_AQjCpibxpuk5WKOpm1-9I9WT1Y 发布的作品
2024-12-01 22:52:28,786 - f2 - INFO - 开始爬取第 0 页
2024-12-01 22:52:39,335 - f2 - INFO - 等待 10 秒后继续
2024-12-01 22:52:49,344 - f2 - INFO - 开始爬取第 1732193935000 页
2024-12-01 22:52:51,928 - f2 - INFO - 等待 10 秒后继续
2024-12-01 22:53:01,939 - f2 - INFO - 开始爬取第 1731391778000 页
2024-12-01 22:53:04,402 - f2 - INFO - 等待 10 秒后继续
2024-12-01 22:53:14,407 - f2 - INFO - 开始爬取第 1730888662000 页
2024-12-01 22:53:16,982 - f2 - INFO - 等待 10 秒后继续
2024-12-01 22:53:26,988 - f2 - INFO - 开始爬取第 1730457369000 页
2024-12-01 22:53:30,142 - f2 - INFO - 等待 10 秒后继续
2024-12-01 22:53:40,149 - f2 - INFO - 开始爬取第 1729944758000 页
2024-12-01 22:53:43,290 - f2 - INFO - 等待 10 秒后继续
2024-12-01 22:53:53,296 - f2 - INFO - 开始爬取第 1729336645000 页
2024-12-01 22:53:56,247 - f2 - INFO - 等待 10 秒后继续
2024-12-01 22:54:06,248 - f2 - INFO - 开始爬取第 1728734486000 页
2024-12-01 22:54:09,649 - f2 - INFO - 等待 10 秒后继续
2024-12-01 22:54:19,661 - f2 - INFO - 开始爬取第 1728042744000 页
2024-12-01 22:54:23,194 - f2 - INFO - 等待 10 秒后继续
2024-12-01 22:54:33,202 - f2 - INFO - 开始爬取第 1727165305000 页
2024-12-01 22:54:36,878 - f2 - INFO - 等待 10 秒后继续
2024-12-01 22:54:46,885 - f2 - INFO - 开始爬取第 1726446446000 页
2024-12-01 22:54:50,424 - f2 - INFO - 等待 10 秒后继续
2024-12-01 22:55:00,430 - f2 - INFO - 开始爬取第 1725706006000 页
2024-12-01 22:55:03,437 - f2 - INFO - 等待 10 秒后继续
2024-12-01 22:55:13,447 - f2 - INFO - 开始爬取第 1724700427000 页
2024-12-01 22:55:16,028 - f2 - INFO - 等待 10 秒后继续
2024-12-01 22:55:26,039 - f2 - INFO - 开始爬取第 1723798127000 页
2024-12-01 22:55:28,532 - f2 - INFO - 等待 10 秒后继续
2024-12-01 22:55:38,545 - f2 - INFO - 开始爬取第 1722312920000 页
2024-12-01 22:55:39,772 - f2 - INFO - 等待 10 秒后继续
2024-12-01 22:55:49,802 - f2 - INFO - 开始爬取第 1560010674000 页
2024-12-01 22:55:50,052 - f2 - INFO - 第 1560010674000 页没有找到作品
2024-12-01 22:55:50,056 - f2 - INFO - 用户: MS4wLjABAAAA8jyvEPbbmpxG1S3e_AQjCpibxpuk5WKOpm1-9I9WT1Y 所有作品采集完毕
2024-12-01 22:55:50,057 - f2 - INFO - 爬取结束，共爬取 243 个作品
