2024-11-20 20:18:42,165 - f2 - INFO - 应用：douyin
2024-11-20 20:18:42,175 - f2 - INFO - 模式：post
2024-11-20 20:18:42,176 - f2 - INFO - 主配置路径：D:\code\py-project\f2\f2\conf\app.yaml
2024-11-20 20:18:42,177 - f2 - INFO - 自定义配置路径：D:\code\py-project\f2\f2\conf\app.yaml
2024-11-20 20:18:43,263 - f2 - INFO - 开始爬取用户：MS4wLjABAAAA0-aPb4VV1oxwrBGSf5pNgevVkTOv_B3aAbNNucQkPqA 发布的作品
2024-11-20 20:18:43,264 - f2 - INFO - 开始爬取第 0 页
2024-11-20 20:18:46,734 - f2 - INFO - 等待 10 秒后继续
2024-11-20 20:18:56,740 - f2 - INFO - 开始爬取第 1709045647000 页
2024-11-20 20:18:59,571 - f2 - INFO - 等待 10 秒后继续
2024-11-20 20:19:09,584 - f2 - INFO - 开始爬取第 1697798911000 页
2024-11-20 20:19:13,585 - f2 - INFO - 等待 10 秒后继续
2024-11-20 20:19:23,589 - f2 - INFO - 开始爬取第 1695514214000 页
2024-11-20 20:19:24,878 - f2 - INFO - 等待 10 秒后继续
2024-11-20 20:19:34,891 - f2 - INFO - 开始爬取第 1686654742000 页
2024-11-20 20:19:35,441 - f2 - INFO - 第 1686654742000 页没有找到作品
2024-11-20 20:19:35,448 - f2 - INFO - 开始爬取第 1674206225000 页
2024-11-20 20:19:35,904 - f2 - INFO - 第 1674206225000 页没有找到作品
2024-11-20 20:19:35,931 - f2 - INFO - 开始爬取第 1668598630000 页
2024-11-20 20:19:36,251 - f2 - INFO - 第 1668598630000 页没有找到作品
2024-11-20 20:19:36,256 - f2 - INFO - 用户: MS4wLjABAAAA0-aPb4VV1oxwrBGSf5pNgevVkTOv_B3aAbNNucQkPqA 所有作品采集完毕
2024-11-20 20:19:36,256 - f2 - INFO - 爬取结束，共爬取 64 个作品
