2024-12-04 20:24:38,820 - f2 - INFO - 应用：douyin
2024-12-04 20:24:38,829 - f2 - INFO - 模式：post
2024-12-04 20:24:38,830 - f2 - INFO - 主配置路径：D:\code\py-project\f2\f2\conf\app.yaml
2024-12-04 20:24:38,831 - f2 - INFO - 自定义配置路径：D:\code\py-project\f2\f2\conf\app.yaml
2024-12-04 20:24:44,215 - f2 - INFO - 开始爬取用户：MS4wLjABAAAA8jyvEPbbmpxG1S3e_AQjCpibxpuk5WKOpm1-9I9WT1Y 发布的作品
2024-12-04 20:24:44,216 - f2 - INFO - 开始爬取第 0 页
2024-12-04 20:25:09,325 - f2 - INFO - 等待 10 秒后继续
2024-12-04 20:25:19,334 - f2 - INFO - 开始爬取第 1732370298000 页
2024-12-04 20:25:22,022 - f2 - INFO - 等待 10 秒后继续
2024-12-04 20:25:32,023 - f2 - INFO - 开始爬取第 1731590135000 页
2024-12-04 20:25:34,867 - f2 - INFO - 等待 10 秒后继续
2024-12-04 20:25:44,875 - f2 - INFO - 开始爬取第 1731054066000 页
2024-12-04 20:25:47,926 - f2 - INFO - 等待 10 秒后继续
2024-12-04 20:25:57,935 - f2 - INFO - 开始爬取第 1730609221000 页
2024-12-04 20:26:01,635 - f2 - INFO - 等待 10 秒后继续
2024-12-04 20:26:11,641 - f2 - INFO - 开始爬取第 1730034920000 页
2024-12-04 20:26:15,186 - f2 - INFO - 等待 10 秒后继续
2024-12-04 20:26:25,197 - f2 - INFO - 开始爬取第 1729496676000 页
2024-12-04 20:26:35,495 - f2 - INFO - 等待 10 秒后继续
2024-12-04 20:26:45,499 - f2 - INFO - 开始爬取第 1728902242000 页
2024-12-04 20:26:49,379 - f2 - INFO - 等待 10 秒后继续
2024-12-04 20:26:59,386 - f2 - INFO - 开始爬取第 1728211557000 页
2024-12-04 20:27:03,599 - f2 - INFO - 等待 10 秒后继续
2024-12-04 20:27:13,610 - f2 - INFO - 开始爬取第 1727419794000 页
2024-12-04 20:27:17,749 - f2 - INFO - 等待 10 秒后继续
2024-12-04 20:27:27,766 - f2 - INFO - 开始爬取第 1726620284000 页
2024-12-04 20:27:37,433 - f2 - INFO - 等待 10 秒后继续
2024-12-04 20:27:47,439 - f2 - INFO - 开始爬取第 1725968635000 页
2024-12-04 20:27:51,433 - f2 - INFO - 等待 10 秒后继续
2024-12-04 20:28:01,439 - f2 - INFO - 开始爬取第 1724831768000 页
2024-12-04 20:28:03,966 - f2 - INFO - 等待 10 秒后继续
2024-12-04 20:28:13,978 - f2 - INFO - 开始爬取第 1724073275000 页
2024-12-04 20:28:17,518 - f2 - INFO - 等待 10 秒后继续
2024-12-04 20:28:27,531 - f2 - INFO - 开始爬取第 1722998785000 页
2024-12-04 20:28:36,318 - f2 - INFO - 等待 10 秒后继续
2024-12-04 20:28:46,322 - f2 - INFO - 开始爬取第 1560010674000 页
2024-12-04 20:28:46,832 - f2 - INFO - 第 1560010674000 页没有找到作品
2024-12-04 20:28:46,837 - f2 - INFO - 用户: MS4wLjABAAAA8jyvEPbbmpxG1S3e_AQjCpibxpuk5WKOpm1-9I9WT1Y 所有作品采集完毕
2024-12-04 20:28:46,838 - f2 - INFO - 爬取结束，共爬取 247 个作品
