2024-11-30 12:23:57,135 - f2 - INFO - 应用：douyin
2024-11-30 12:23:57,144 - f2 - INFO - 模式：post
2024-11-30 12:23:57,145 - f2 - INFO - 主配置路径：D:\code\py-project\f2\f2\conf\app.yaml
2024-11-30 12:23:57,145 - f2 - INFO - 自定义配置路径：D:\code\py-project\f2\f2\conf\app.yaml
2024-11-30 12:23:58,224 - f2 - INFO - 开始爬取用户：MS4wLjABAAAA8jyvEPbbmpxG1S3e_AQjCpibxpuk5WKOpm1-9I9WT1Y 发布的作品
2024-11-30 12:23:58,225 - f2 - INFO - 开始爬取第 0 页
2024-11-30 12:24:51,504 - f2 - INFO - 等待 10 秒后继续
2024-11-30 12:25:01,515 - f2 - INFO - 开始爬取第 1731934352000 页
2024-11-30 12:25:04,560 - f2 - INFO - 等待 10 秒后继续
2024-11-30 12:25:14,571 - f2 - INFO - 开始爬取第 1731256231000 页
2024-11-30 12:25:17,079 - f2 - INFO - 等待 10 秒后继续
2024-11-30 12:25:27,091 - f2 - INFO - 开始爬取第 1730788068000 页
2024-11-30 12:25:30,075 - f2 - INFO - 等待 10 秒后继续
2024-11-30 12:25:40,085 - f2 - INFO - 开始爬取第 1730293735000 页
2024-11-30 12:25:43,471 - f2 - INFO - 等待 10 秒后继续
2024-11-30 12:25:53,473 - f2 - INFO - 开始爬取第 1729691779000 页
2024-11-30 12:25:56,788 - f2 - INFO - 等待 10 秒后继续
2024-11-30 12:26:06,799 - f2 - INFO - 开始爬取第 1729170969000 页
2024-11-30 12:26:09,811 - f2 - INFO - 等待 10 秒后继续
2024-11-30 12:26:19,813 - f2 - INFO - 开始爬取第 1728473460000 页
2024-11-30 12:26:23,332 - f2 - INFO - 等待 10 秒后继续
2024-11-30 12:26:33,339 - f2 - INFO - 开始爬取第 1727775011000 页
2024-11-30 12:26:36,973 - f2 - INFO - 等待 10 秒后继续
2024-11-30 12:26:46,980 - f2 - INFO - 开始爬取第 1726983802000 页
2024-11-30 12:26:50,822 - f2 - INFO - 等待 10 秒后继续
2024-11-30 12:27:00,839 - f2 - INFO - 开始爬取第 1726291669000 页
2024-11-30 12:27:04,559 - f2 - INFO - 等待 10 秒后继续
2024-11-30 12:27:14,573 - f2 - INFO - 开始爬取第 1725373951000 页
2024-11-30 12:27:17,747 - f2 - INFO - 等待 10 秒后继续
2024-11-30 12:27:27,753 - f2 - INFO - 开始爬取第 1724601510000 页
2024-11-30 12:27:30,993 - f2 - INFO - 等待 10 秒后继续
2024-11-30 12:27:40,995 - f2 - INFO - 开始爬取第 1723532995000 页
2024-11-30 12:27:43,323 - f2 - INFO - 等待 10 秒后继续
2024-11-30 12:27:53,329 - f2 - INFO - 开始爬取第 1721962909000 页
2024-11-30 12:27:54,129 - f2 - INFO - 等待 10 秒后继续
2024-11-30 12:28:04,141 - f2 - INFO - 开始爬取第 1560010674000 页
2024-11-30 12:28:04,348 - f2 - INFO - 第 1560010674000 页没有找到作品
2024-11-30 12:28:04,353 - f2 - INFO - 用户: MS4wLjABAAAA8jyvEPbbmpxG1S3e_AQjCpibxpuk5WKOpm1-9I9WT1Y 所有作品采集完毕
2024-11-30 12:28:04,354 - f2 - INFO - 爬取结束，共爬取 238 个作品
