2024-12-04 20:39:48,629 - f2 - INFO - 应用：douyin
2024-12-04 20:39:48,639 - f2 - INFO - 模式：post
2024-12-04 20:39:48,640 - f2 - INFO - 主配置路径：D:\code\py-project\f2\f2\conf\app.yaml
2024-12-04 20:39:48,641 - f2 - INFO - 自定义配置路径：D:\code\py-project\f2\f2\conf\app.yaml
2024-12-04 20:39:50,789 - f2 - INFO - 开始爬取用户：MS4wLjABAAAAQRNQx7KfzmjfhOFn8HO5Pgnvj2Ww6DbFDM6CwGtboMPkLVtScEU2RLVW-OQYdiHp 发布的作品
2024-12-04 20:39:50,790 - f2 - INFO - 开始爬取第 0 页
2024-12-04 20:40:40,447 - f2 - INFO - 等待 10 秒后继续
2024-12-04 20:40:50,459 - f2 - INFO - 开始爬取第 1730948400000 页
2024-12-04 20:40:54,028 - f2 - INFO - 等待 10 秒后继续
2024-12-04 20:41:04,035 - f2 - INFO - 开始爬取第 1728872193000 页
2024-12-04 20:41:07,994 - f2 - INFO - 等待 10 秒后继续
2024-12-04 20:41:18,007 - f2 - INFO - 开始爬取第 1726567200000 页
2024-12-04 20:41:21,740 - f2 - INFO - 等待 10 秒后继续
2024-12-04 20:41:31,749 - f2 - INFO - 开始爬取第 1724122800000 页
2024-12-04 20:41:39,623 - f2 - INFO - 等待 10 秒后继续
2024-12-04 20:41:49,639 - f2 - INFO - 开始爬取第 1721703600000 页
2024-12-04 20:41:53,487 - f2 - INFO - 等待 10 秒后继续
2024-12-04 20:42:03,502 - f2 - INFO - 开始爬取第 1719025200000 页
2024-12-04 20:42:07,426 - f2 - INFO - 等待 10 秒后继续
2024-12-04 20:42:17,447 - f2 - INFO - 开始爬取第 1717038000000 页
2024-12-04 20:42:20,979 - f2 - INFO - 等待 10 秒后继续
2024-12-04 20:42:30,988 - f2 - INFO - 开始爬取第 1715310000000 页
2024-12-04 20:42:34,703 - f2 - INFO - 等待 10 秒后继续
2024-12-04 20:42:44,714 - f2 - INFO - 开始爬取第 1713236400000 页
2024-12-04 20:42:48,596 - f2 - INFO - 等待 10 秒后继续
2024-12-04 20:42:58,601 - f2 - INFO - 开始爬取第 1711166400000 页
2024-12-04 20:43:02,603 - f2 - INFO - 等待 10 秒后继续
2024-12-04 20:43:12,606 - f2 - INFO - 开始爬取第 1709434800000 页
2024-12-04 20:43:16,857 - f2 - INFO - 等待 10 秒后继续
2024-12-04 20:43:26,870 - f2 - INFO - 开始爬取第 1707706800000 页
2024-12-04 20:43:38,361 - f2 - INFO - 等待 10 秒后继续
2024-12-04 20:43:48,377 - f2 - INFO - 开始爬取第 1706313600000 页
2024-12-04 20:43:52,502 - f2 - INFO - 等待 10 秒后继续
2024-12-04 20:44:02,508 - f2 - INFO - 开始爬取第 1705363200000 页
2024-12-04 20:44:06,648 - f2 - INFO - 等待 10 秒后继续
2024-12-04 20:44:16,658 - f2 - INFO - 开始爬取第 1704326400000 页
2024-12-04 20:44:20,873 - f2 - INFO - 等待 10 秒后继续
2024-12-04 20:44:30,882 - f2 - INFO - 开始爬取第 1702958400000 页
2024-12-04 20:44:41,091 - f2 - INFO - 等待 10 秒后继续
2024-12-04 20:44:51,097 - f2 - INFO - 开始爬取第 1702180800000 页
2024-12-04 20:44:55,498 - f2 - INFO - 等待 10 秒后继续
2024-12-04 20:45:05,500 - f2 - INFO - 开始爬取第 1701403200000 页
2024-12-04 20:45:10,351 - f2 - INFO - 等待 10 秒后继续
2024-12-04 20:45:20,361 - f2 - INFO - 开始爬取第 1699416000000 页
2024-12-04 20:45:25,704 - f2 - INFO - 等待 10 秒后继续
2024-12-04 20:45:35,709 - f2 - INFO - 开始爬取第 1697716800000 页
2024-12-04 20:45:40,154 - f2 - INFO - 等待 10 秒后继续
2024-12-04 20:45:50,159 - f2 - INFO - 开始爬取第 1695009600000 页
2024-12-04 20:45:54,909 - f2 - INFO - 等待 10 秒后继续
2024-12-04 20:46:04,914 - f2 - INFO - 开始爬取第 1693108800000 页
2024-12-04 20:46:09,876 - f2 - INFO - 等待 10 秒后继续
2024-12-04 20:46:19,880 - f2 - INFO - 开始爬取第 1691812800000 页
2024-12-04 20:46:24,581 - f2 - INFO - 等待 10 秒后继续
2024-12-04 20:46:34,591 - f2 - INFO - 开始爬取第 1690084800000 页
2024-12-04 20:46:39,517 - f2 - INFO - 等待 10 秒后继续
2024-12-04 20:46:49,548 - f2 - INFO - 开始爬取第 1688097600000 页
2024-12-04 20:46:54,085 - f2 - INFO - 等待 10 秒后继续
2024-12-04 20:47:04,089 - f2 - INFO - 开始爬取第 1686369600000 页
2024-12-04 20:47:08,944 - f2 - INFO - 等待 10 秒后继续
2024-12-04 20:47:18,959 - f2 - INFO - 开始爬取第 1684555966000 页
2024-12-04 20:47:24,055 - f2 - INFO - 等待 10 秒后继续
2024-12-04 20:47:34,063 - f2 - INFO - 开始爬取第 1682740800000 页
2024-12-04 20:47:39,510 - f2 - INFO - 等待 10 秒后继续
2024-12-04 20:47:49,546 - f2 - INFO - 开始爬取第 1681272000000 页
2024-12-04 20:47:55,066 - f2 - INFO - 等待 10 秒后继续
2024-12-04 20:48:05,078 - f2 - INFO - 开始爬取第 1680408000000 页
2024-12-04 20:48:10,496 - f2 - INFO - 等待 10 秒后继续
2024-12-04 20:48:20,514 - f2 - INFO - 开始爬取第 1679441400000 页
2024-12-04 20:48:26,168 - f2 - INFO - 等待 10 秒后继续
2024-12-04 20:48:36,190 - f2 - INFO - 开始爬取第 1678964400000 页
2024-12-04 20:48:41,822 - f2 - INFO - 等待 10 秒后继续
2024-12-04 20:48:51,824 - f2 - INFO - 开始爬取第 1678593600000 页
2024-12-04 20:48:57,207 - f2 - INFO - 等待 10 秒后继续
2024-12-04 20:49:07,216 - f2 - INFO - 开始爬取第 1678147200000 页
2024-12-04 20:49:12,709 - f2 - INFO - 等待 10 秒后继续
2024-12-04 20:49:22,723 - f2 - INFO - 开始爬取第 1677715200000 页
2024-12-04 20:49:28,569 - f2 - INFO - 等待 10 秒后继续
2024-12-04 20:49:38,584 - f2 - INFO - 开始爬取第 1677236400000 页
2024-12-04 20:49:44,342 - f2 - INFO - 等待 10 秒后继续
2024-12-04 20:49:54,366 - f2 - INFO - 开始爬取第 1676858400000 页
2024-12-04 20:50:00,316 - f2 - INFO - 等待 10 秒后继续
2024-12-04 20:50:10,320 - f2 - INFO - 开始爬取第 1676332800000 页
2024-12-04 20:50:16,187 - f2 - INFO - 等待 10 秒后继续
2024-12-04 20:50:26,213 - f2 - INFO - 开始爬取第 1675310400000 页
2024-12-04 20:50:39,628 - f2 - INFO - 等待 10 秒后继续
2024-12-04 20:50:49,638 - f2 - INFO - 开始爬取第 1673323200000 页
2024-12-04 20:50:55,851 - f2 - INFO - 等待 10 秒后继续
2024-12-04 20:51:05,858 - f2 - INFO - 开始爬取第 1672113600000 页
2024-12-04 20:51:11,316 - f2 - INFO - 等待 10 秒后继续
2024-12-04 20:51:21,320 - f2 - INFO - 开始爬取第 1669348800000 页
2024-12-04 20:51:25,659 - f2 - INFO - 等待 10 秒后继续
2024-12-04 20:51:35,678 - f2 - INFO - 开始爬取第 1665474395000 页
2024-12-04 20:51:36,205 - f2 - INFO - 第 1665474395000 页没有找到作品
2024-12-04 20:51:36,210 - f2 - INFO - 用户: MS4wLjABAAAAQRNQx7KfzmjfhOFn8HO5Pgnvj2Ww6DbFDM6CwGtboMPkLVtScEU2RLVW-OQYdiHp 所有作品采集完毕
2024-12-04 20:51:36,211 - f2 - INFO - 爬取结束，共爬取 828 个作品
