2024-11-18 20:54:58,843 - f2 - INFO - 应用：douyin
2024-11-18 20:54:58,854 - f2 - INFO - 模式：post
2024-11-18 20:54:58,855 - f2 - INFO - 主配置路径：D:\code\py-project\f2\f2\conf\app.yaml
2024-11-18 20:54:58,855 - f2 - INFO - 自定义配置路径：D:\code\py-project\f2\f2\conf\app.yaml
2024-11-18 20:55:00,859 - f2 - INFO - 开始爬取用户：MS4wLjABAAAA0-aPb4VV1oxwrBGSf5pNgevVkTOv_B3aAbNNucQkPqA 发布的作品
2024-11-18 20:55:00,860 - f2 - INFO - 开始爬取第 0 页
2024-11-18 20:56:06,895 - f2 - INFO - 等待 10 秒后继续
2024-11-18 20:56:16,902 - f2 - INFO - 开始爬取第 1709045647000 页
2024-11-18 20:56:58,057 - f2 - INFO - 等待 10 秒后继续
2024-11-18 20:57:08,059 - f2 - INFO - 开始爬取第 1697798911000 页
2024-11-18 20:57:31,036 - f2 - INFO - 等待 10 秒后继续
2024-11-18 20:57:41,043 - f2 - INFO - 开始爬取第 1695514214000 页
2024-11-18 20:57:51,094 - f2 - INFO - 等待 10 秒后继续
2024-11-18 20:58:01,100 - f2 - INFO - 开始爬取第 1686654742000 页
2024-11-18 20:58:01,562 - f2 - INFO - 第 1686654742000 页没有找到作品
2024-11-18 20:58:01,570 - f2 - INFO - 开始爬取第 1674206225000 页
2024-11-18 20:58:01,988 - f2 - INFO - 第 1674206225000 页没有找到作品
2024-11-18 20:58:01,997 - f2 - INFO - 开始爬取第 1668598630000 页
2024-11-18 20:58:02,382 - f2 - INFO - 第 1668598630000 页没有找到作品
2024-11-18 20:58:02,388 - f2 - INFO - 用户: MS4wLjABAAAA0-aPb4VV1oxwrBGSf5pNgevVkTOv_B3aAbNNucQkPqA 所有作品采集完毕
2024-11-18 20:58:02,388 - f2 - INFO - 爬取结束，共爬取 64 个作品
