2024-11-20 20:05:53,494 - f2 - INFO - 应用：douyin
2024-11-20 20:05:53,504 - f2 - INFO - 模式：post
2024-11-20 20:05:53,505 - f2 - INFO - 主配置路径：D:\code\py-project\f2\f2\conf\app.yaml
2024-11-20 20:05:53,506 - f2 - INFO - 自定义配置路径：D:\code\py-project\f2\f2\conf\app.yaml
2024-11-20 20:05:54,683 - f2 - INFO - 开始爬取用户：MS4wLjABAAAAunpkE2IXyHAxm4A24G5d1Cf5141pnZy8HwNR5f2-6pI_GYBVR-Pv23uFyfMPB_9I 发布的作品
2024-11-20 20:05:54,684 - f2 - INFO - 开始爬取第 0 页
2024-11-20 20:06:04,792 - f2 - INFO - 等待 10 秒后继续
2024-11-20 20:06:14,798 - f2 - INFO - 开始爬取第 1729503600000 页
2024-11-20 20:06:18,443 - f2 - INFO - 等待 10 秒后继续
2024-11-20 20:06:28,447 - f2 - INFO - 开始爬取第 1726911051000 页
2024-11-20 20:06:31,596 - f2 - INFO - 等待 10 秒后继续
2024-11-20 20:06:41,610 - f2 - INFO - 开始爬取第 1724149894000 页
2024-11-20 20:06:45,137 - f2 - INFO - 等待 10 秒后继续
2024-11-20 20:06:55,151 - f2 - INFO - 开始爬取第 1721035858000 页
2024-11-20 20:06:58,760 - f2 - INFO - 等待 10 秒后继续
2024-11-20 20:07:08,773 - f2 - INFO - 开始爬取第 1718703000000 页
2024-11-20 20:07:12,575 - f2 - INFO - 等待 10 秒后继续
2024-11-20 20:07:22,583 - f2 - INFO - 开始爬取第 1714987801000 页
2024-11-20 20:07:26,101 - f2 - INFO - 等待 10 秒后继续
2024-11-20 20:07:36,117 - f2 - INFO - 开始爬取第 1710069300000 页
2024-11-20 20:07:39,759 - f2 - INFO - 等待 10 秒后继续
2024-11-20 20:07:49,760 - f2 - INFO - 开始爬取第 1704974711000 页
2024-11-20 20:07:53,385 - f2 - INFO - 等待 10 秒后继续
2024-11-20 20:08:03,400 - f2 - INFO - 开始爬取第 1699849464000 页
2024-11-20 20:08:06,972 - f2 - INFO - 等待 10 秒后继续
2024-11-20 20:08:16,981 - f2 - INFO - 开始爬取第 1695976788000 页
2024-11-20 20:08:20,937 - f2 - INFO - 等待 10 秒后继续
2024-11-20 20:08:30,947 - f2 - INFO - 开始爬取第 1690876800000 页
2024-11-20 20:08:34,859 - f2 - INFO - 等待 10 秒后继续
2024-11-20 20:08:44,867 - f2 - INFO - 开始爬取第 1686305514000 页
2024-11-20 20:08:48,410 - f2 - INFO - 等待 10 秒后继续
2024-11-20 20:08:58,424 - f2 - INFO - 开始爬取第 1681036295000 页
2024-11-20 20:09:01,915 - f2 - INFO - 等待 10 秒后继续
2024-11-20 20:09:11,917 - f2 - INFO - 开始爬取第 1674986400000 页
2024-11-20 20:09:12,555 - f2 - INFO - 等待 10 秒后继续
2024-11-20 20:09:22,567 - f2 - INFO - 开始爬取第 1670577602000 页
2024-11-20 20:09:23,549 - f2 - INFO - 等待 10 秒后继续
2024-11-20 20:09:33,560 - f2 - INFO - 开始爬取第 1665748800000 页
2024-11-20 20:09:33,946 - f2 - INFO - 第 1665748800000 页没有找到作品
2024-11-20 20:09:33,957 - f2 - INFO - 开始爬取第 1662717600000 页
2024-11-20 20:09:35,129 - f2 - INFO - 等待 10 秒后继续
2024-11-20 20:09:45,138 - f2 - INFO - 开始爬取第 1659088856000 页
2024-11-20 20:09:47,155 - f2 - INFO - 等待 10 秒后继续
2024-11-20 20:09:57,166 - f2 - INFO - 开始爬取第 1656588665000 页
2024-11-20 20:10:00,705 - f2 - INFO - 等待 10 秒后继续
2024-11-20 20:10:10,712 - f2 - INFO - 开始爬取第 1654783673000 页
2024-11-20 20:10:13,781 - f2 - INFO - 等待 10 秒后继续
2024-11-20 20:10:23,799 - f2 - INFO - 开始爬取第 1651289404000 页
2024-11-20 20:10:27,279 - f2 - INFO - 等待 10 秒后继续
2024-11-20 20:10:37,292 - f2 - INFO - 开始爬取第 1650089905000 页
2024-11-20 20:10:40,975 - f2 - INFO - 等待 10 秒后继续
2024-11-20 20:10:50,994 - f2 - INFO - 开始爬取第 1646903645000 页
2024-11-20 20:10:52,464 - f2 - INFO - 等待 10 秒后继续
2024-11-20 20:11:02,480 - f2 - INFO - 开始爬取第 1642172307000 页
2024-11-20 20:11:04,553 - f2 - INFO - 等待 10 秒后继续
2024-11-20 20:11:14,557 - f2 - INFO - 开始爬取第 1639490992000 页
2024-11-20 20:11:15,576 - f2 - INFO - 第 1639490992000 页没有找到作品
2024-11-20 20:11:15,584 - f2 - INFO - 开始爬取第 1634210427000 页
2024-11-20 20:11:16,143 - f2 - INFO - 第 1634210427000 页没有找到作品
2024-11-20 20:11:16,151 - f2 - INFO - 开始爬取第 1624670843000 页
2024-11-20 20:11:17,680 - f2 - INFO - 等待 10 秒后继续
2024-11-20 20:11:27,712 - f2 - INFO - 开始爬取第 1619748541000 页
2024-11-20 20:11:28,166 - f2 - INFO - 第 1619748541000 页没有找到作品
2024-11-20 20:11:28,172 - f2 - INFO - 用户: MS4wLjABAAAAunpkE2IXyHAxm4A24G5d1Cf5141pnZy8HwNR5f2-6pI_GYBVR-Pv23uFyfMPB_9I 所有作品采集完毕
2024-11-20 20:11:28,173 - f2 - INFO - 爬取结束，共爬取 354 个作品
