2024-11-25 19:21:42,919 - f2 - INFO - 应用：douyin
2024-11-25 19:21:42,928 - f2 - INFO - 模式：post
2024-11-25 19:21:42,929 - f2 - INFO - 主配置路径：D:\code\py-project\f2\f2\conf\app.yaml
2024-11-25 19:21:42,929 - f2 - INFO - 自定义配置路径：D:\code\py-project\f2\f2\conf\app.yaml
2024-11-25 19:21:43,948 - f2 - INFO - 开始爬取用户：MS4wLjABAAAAJYD_ePMvob3dkicwzJMj01NF_yFG-QZnQOdSS9Edh3ozS-nbP4XFA1LcdhvhGMt4 发布的作品
2024-11-25 19:21:43,949 - f2 - INFO - 开始爬取第 0 页
2024-11-25 19:22:42,715 - f2 - INFO - 等待 10 秒后继续
2024-11-25 19:22:52,717 - f2 - INFO - 开始爬取第 1730890540000 页
2024-11-25 19:22:55,917 - f2 - INFO - 等待 10 秒后继续
2024-11-25 19:23:05,929 - f2 - INFO - 开始爬取第 1729155514000 页
2024-11-25 19:23:09,371 - f2 - INFO - 等待 10 秒后继续
2024-11-25 19:23:19,386 - f2 - INFO - 开始爬取第 1727425833000 页
2024-11-25 19:23:22,785 - f2 - INFO - 等待 10 秒后继续
2024-11-25 19:23:32,795 - f2 - INFO - 开始爬取第 1725677208000 页
2024-11-25 19:23:35,998 - f2 - INFO - 等待 10 秒后继续
2024-11-25 19:23:46,004 - f2 - INFO - 开始爬取第 1723977053000 页
2024-11-25 19:23:49,325 - f2 - INFO - 等待 10 秒后继续
2024-11-25 19:23:59,340 - f2 - INFO - 开始爬取第 1721963337000 页
2024-11-25 19:24:03,200 - f2 - INFO - 等待 10 秒后继续
2024-11-25 19:24:13,215 - f2 - INFO - 开始爬取第 1720331322000 页
2024-11-25 19:24:16,735 - f2 - INFO - 等待 10 秒后继续
2024-11-25 19:24:26,742 - f2 - INFO - 开始爬取第 1718681943000 页
2024-11-25 19:24:30,700 - f2 - INFO - 等待 10 秒后继续
2024-11-25 19:24:40,701 - f2 - INFO - 开始爬取第 1716870208000 页
2024-11-25 19:24:45,007 - f2 - INFO - 等待 10 秒后继续
2024-11-25 19:24:55,014 - f2 - INFO - 开始爬取第 1715072320000 页
2024-11-25 19:24:59,276 - f2 - INFO - 等待 10 秒后继续
2024-11-25 19:25:09,284 - f2 - INFO - 开始爬取第 1713590980000 页
2024-11-25 19:25:12,962 - f2 - INFO - 等待 10 秒后继续
2024-11-25 19:25:22,974 - f2 - INFO - 开始爬取第 1712286370000 页
2024-11-25 19:25:26,568 - f2 - INFO - 等待 10 秒后继续
2024-11-25 19:25:36,573 - f2 - INFO - 开始爬取第 1709869724000 页
2024-11-25 19:25:38,541 - f2 - INFO - 等待 10 秒后继续
2024-11-25 19:25:48,557 - f2 - INFO - 开始爬取第 1704368622000 页
2024-11-25 19:25:48,799 - f2 - INFO - 第 1704368622000 页没有找到作品
2024-11-25 19:25:48,804 - f2 - INFO - 用户: MS4wLjABAAAAJYD_ePMvob3dkicwzJMj01NF_yFG-QZnQOdSS9Edh3ozS-nbP4XFA1LcdhvhGMt4 所有作品采集完毕
2024-11-25 19:25:48,805 - f2 - INFO - 爬取结束，共爬取 257 个作品
