2024-12-08 23:22:29,779 - f2 - INFO - 应用：douyin
2024-12-08 23:22:29,789 - f2 - INFO - 模式：post
2024-12-08 23:22:29,790 - f2 - INFO - 主配置路径：D:\code\py-project\f2\f2\conf\app.yaml
2024-12-08 23:22:29,790 - f2 - INFO - 自定义配置路径：D:\code\py-project\f2\f2\conf\app.yaml
2024-12-08 23:22:30,795 - f2 - INFO - 开始爬取用户：MS4wLjABAAAA8jyvEPbbmpxG1S3e_AQjCpibxpuk5WKOpm1-9I9WT1Y 发布的作品
2024-12-08 23:22:30,796 - f2 - INFO - 开始爬取第 0 页
2024-12-08 23:22:44,677 - f2 - INFO - 等待 10 秒后继续
2024-12-08 23:22:54,679 - f2 - INFO - 开始爬取第 1732975625000 页
2024-12-08 23:22:57,033 - f2 - INFO - 等待 10 秒后继续
2024-12-08 23:23:07,041 - f2 - INFO - 开始爬取第 1732021924000 页
2024-12-08 23:23:09,940 - f2 - INFO - 等待 10 秒后继续
2024-12-08 23:23:19,946 - f2 - INFO - 开始爬取第 1731319888000 页
2024-12-08 23:23:22,305 - f2 - INFO - 等待 10 秒后继续
2024-12-08 23:23:32,313 - f2 - INFO - 开始爬取第 1730788507000 页
2024-12-08 23:23:35,216 - f2 - INFO - 等待 10 秒后继续
2024-12-08 23:23:45,226 - f2 - INFO - 开始爬取第 1730372119000 页
2024-12-08 23:23:48,388 - f2 - INFO - 等待 10 秒后继续
2024-12-08 23:23:58,391 - f2 - INFO - 开始爬取第 1729777249000 页
2024-12-08 23:24:01,414 - f2 - INFO - 等待 10 秒后继续
2024-12-08 23:24:11,428 - f2 - INFO - 开始爬取第 1729251081000 页
2024-12-08 23:24:14,354 - f2 - INFO - 等待 10 秒后继续
2024-12-08 23:24:24,360 - f2 - INFO - 开始爬取第 1728516420000 页
2024-12-08 23:24:27,924 - f2 - INFO - 等待 10 秒后继续
2024-12-08 23:24:37,930 - f2 - INFO - 开始爬取第 1727865009000 页
2024-12-08 23:24:41,581 - f2 - INFO - 等待 10 秒后继续
2024-12-08 23:24:51,610 - f2 - INFO - 开始爬取第 1727076155000 页
2024-12-08 23:24:55,175 - f2 - INFO - 等待 10 秒后继续
2024-12-08 23:25:05,184 - f2 - INFO - 开始爬取第 1726362833000 页
2024-12-08 23:25:08,732 - f2 - INFO - 等待 10 秒后继续
2024-12-08 23:25:18,743 - f2 - INFO - 开始爬取第 1725432640000 页
2024-12-08 23:25:21,675 - f2 - INFO - 等待 10 秒后继续
2024-12-08 23:25:31,680 - f2 - INFO - 开始爬取第 1724601696000 页
2024-12-08 23:25:34,488 - f2 - INFO - 等待 10 秒后继续
2024-12-08 23:25:44,494 - f2 - INFO - 开始爬取第 1723535878000 页
2024-12-08 23:25:46,795 - f2 - INFO - 等待 10 秒后继续
2024-12-08 23:25:56,804 - f2 - INFO - 开始爬取第 1722022558000 页
2024-12-08 23:25:57,484 - f2 - INFO - 等待 10 秒后继续
2024-12-08 23:26:07,497 - f2 - INFO - 开始爬取第 1560010674000 页
2024-12-08 23:26:07,693 - f2 - INFO - 第 1560010674000 页没有找到作品
2024-12-08 23:26:07,697 - f2 - INFO - 用户: MS4wLjABAAAA8jyvEPbbmpxG1S3e_AQjCpibxpuk5WKOpm1-9I9WT1Y 所有作品采集完毕
2024-12-08 23:26:07,698 - f2 - INFO - 爬取结束，共爬取 255 个作品
